###############################################################
#  Generated by:      Cadence Innovus 20.13-s083_1
#  OS:                Linux x86_64(Host ID rice-503-20-north)
#  Generated on:      Mon May  9 12:01:01 2022
#  Design:            BGR_Top
#  Command:           checkDesign -all
###############################################################
Design: BGR_Top

------ Design Summary:
Total Standard Cell Number   (cells) : 51
Total Block Cell Number      (cells) : 0
Total I/O Pad Cell Number    (cells) : 0
Total Standard Cell Area     ( um^2) : 11688.20
Total Block Cell Area        ( um^2) : 0.00
Total I/O Pad Cell Area      ( um^2) : 0.00

------ Design Statistics:

Number of Instances            : 51
Number of Non-uniquified Insts : 49
Number of Nets                 : 57
Average number of Pins per Net : 2.26
Maximum number of Pins in Net  : 9

------ I/O Port summary

Number of Primary I/O Ports    : 5
Number of Input Ports          : 2
Number of Output Ports         : 3
Number of Bidirectional Ports  : 0
Number of Power/Ground Ports   : 0



------------------------------------------------------------
Detail report:


------ I/O Pad/Port Checking

WARN : Port clk is floating in the top design.

