###############################################################
#  Generated by:      Cadence Innovus 20.13-s083_1
#  OS:                Linux x86_64(Host ID rice-503-20-north)
#  Generated on:      Fri Apr 29 22:50:27 2022
#  Design:            inverter
#  Command:           checkDesign -all
###############################################################
Design: inverter

------ Design Summary:
Total Standard Cell Number   (cells) : 2
Total Block Cell Number      (cells) : 0
Total I/O Pad Cell Number    (cells) : 0
Total Standard Cell Area     ( um^2) : 51.89
Total Block Cell Area        ( um^2) : 0.00
Total I/O Pad Cell Area      ( um^2) : 0.00

------ Design Statistics:

Number of Instances            : 2
Number of Non-uniquified Insts : 0
Number of Nets                 : 15
Average number of Pins per Net : 0.67
Maximum number of Pins in Net  : 3

------ I/O Port summary

Number of Primary I/O Ports    : 4
Number of Input Ports          : 3
Number of Output Ports         : 1
Number of Bidirectional Ports  : 0
Number of Power/Ground Ports   : 0



------------------------------------------------------------
Detail report:


------ I/O Pad/Port Checking

WARN : Port clk is floating in the top design.

