
Cell sky130_asc_pfet_01v8_lvt_6 disconnected node: GATE
Cell sky130_asc_pfet_01v8_lvt_6 disconnected node: SOURCE
Cell sky130_asc_pfet_01v8_lvt_6 disconnected node: DRAIN
Cell sky130_asc_pfet_01v8_lvt_6 disconnected node: VPWR
Cell sky130_asc_pfet_01v8_lvt_6 disconnected node: VGND
Warning: Equate pins:  cell sky130_asc_pfet_01v8_lvt_6 has no definition, treated as a black box.

Subcircuit pins:
Circuit 1: sky130_asc_pfet_01v8_lvt_6      |Circuit 2: sky130_asc_pfet_01v8_lvt_6      
-------------------------------------------|-------------------------------------------
GATE                                       |GATE                                       
SOURCE                                     |SOURCE                                     
DRAIN                                      |DRAIN                                      
VPWR                                       |VPWR                                       
VGND                                       |VGND                                       
---------------------------------------------------------------------------------------
Cell pin lists are equivalent.
Device classes sky130_asc_pfet_01v8_lvt_6 and sky130_asc_pfet_01v8_lvt_6 are equivalent.

Cell sky130_asc_nfet_01v8_lvt_1 disconnected node: GATE
Cell sky130_asc_nfet_01v8_lvt_1 disconnected node: SOURCE
Cell sky130_asc_nfet_01v8_lvt_1 disconnected node: DRAIN
Cell sky130_asc_nfet_01v8_lvt_1 disconnected node: VPWR
Cell sky130_asc_nfet_01v8_lvt_1 disconnected node: VGND
Warning: Equate pins:  cell sky130_asc_nfet_01v8_lvt_1 has no definition, treated as a black box.

Subcircuit pins:
Circuit 1: sky130_asc_nfet_01v8_lvt_1      |Circuit 2: sky130_asc_nfet_01v8_lvt_1      
-------------------------------------------|-------------------------------------------
GATE                                       |GATE                                       
SOURCE                                     |SOURCE                                     
DRAIN                                      |DRAIN                                      
VPWR                                       |VPWR                                       
VGND                                       |VGND                                       
---------------------------------------------------------------------------------------
Cell pin lists are equivalent.
Device classes sky130_asc_nfet_01v8_lvt_1 and sky130_asc_nfet_01v8_lvt_1 are equivalent.

Cell sky130_asc_res_xhigh_po_2p85_1 disconnected node: Rin
Cell sky130_asc_res_xhigh_po_2p85_1 disconnected node: Rout
Cell sky130_asc_res_xhigh_po_2p85_1 disconnected node: VPWR
Cell sky130_asc_res_xhigh_po_2p85_1 disconnected node: VGND
Warning: Equate pins:  cell sky130_asc_res_xhigh_po_2p85_1 has no definition, treated as a black box.

Subcircuit pins:
Circuit 1: sky130_asc_res_xhigh_po_2p85_1  |Circuit 2: sky130_asc_res_xhigh_po_2p85_1  
-------------------------------------------|-------------------------------------------
Rin                                        |Rin                                        
Rout                                       |Rout                                       
VPWR                                       |VPWR                                       
VGND                                       |VGND                                       
---------------------------------------------------------------------------------------
Cell pin lists are equivalent.
Device classes sky130_asc_res_xhigh_po_2p85_1 and sky130_asc_res_xhigh_po_2p85_1 are equivalent.

Cell sky130_asc_pfet_01v8_lvt_12 disconnected node: GATE
Cell sky130_asc_pfet_01v8_lvt_12 disconnected node: SOURCE
Cell sky130_asc_pfet_01v8_lvt_12 disconnected node: DRAIN
Cell sky130_asc_pfet_01v8_lvt_12 disconnected node: VPWR
Cell sky130_asc_pfet_01v8_lvt_12 disconnected node: VGND
Warning: Equate pins:  cell sky130_asc_pfet_01v8_lvt_12 has no definition, treated as a black box.

Subcircuit pins:
Circuit 1: sky130_asc_pfet_01v8_lvt_12     |Circuit 2: sky130_asc_pfet_01v8_lvt_12     
-------------------------------------------|-------------------------------------------
GATE                                       |GATE                                       
SOURCE                                     |SOURCE                                     
DRAIN                                      |DRAIN                                      
VPWR                                       |VPWR                                       
VGND                                       |VGND                                       
---------------------------------------------------------------------------------------
Cell pin lists are equivalent.
Device classes sky130_asc_pfet_01v8_lvt_12 and sky130_asc_pfet_01v8_lvt_12 are equivalent.

Cell sky130_asc_pfet_01v8_lvt_60 disconnected node: GATE
Cell sky130_asc_pfet_01v8_lvt_60 disconnected node: SOURCE
Cell sky130_asc_pfet_01v8_lvt_60 disconnected node: DRAIN
Cell sky130_asc_pfet_01v8_lvt_60 disconnected node: VPWR
Cell sky130_asc_pfet_01v8_lvt_60 disconnected node: VGND
Warning: Equate pins:  cell sky130_asc_pfet_01v8_lvt_60 has no definition, treated as a black box.

Subcircuit pins:
Circuit 1: sky130_asc_pfet_01v8_lvt_60     |Circuit 2: sky130_asc_pfet_01v8_lvt_60     
-------------------------------------------|-------------------------------------------
GATE                                       |GATE                                       
SOURCE                                     |SOURCE                                     
DRAIN                                      |DRAIN                                      
VPWR                                       |VPWR                                       
VGND                                       |VGND                                       
---------------------------------------------------------------------------------------
Cell pin lists are equivalent.
Device classes sky130_asc_pfet_01v8_lvt_60 and sky130_asc_pfet_01v8_lvt_60 are equivalent.

Cell sky130_asc_pnp_05v5_W3p40L3p40_1 disconnected node: Emitter
Cell sky130_asc_pnp_05v5_W3p40L3p40_1 disconnected node: Base
Cell sky130_asc_pnp_05v5_W3p40L3p40_1 disconnected node: Collector
Cell sky130_asc_pnp_05v5_W3p40L3p40_1 disconnected node: VPWR
Cell sky130_asc_pnp_05v5_W3p40L3p40_1 disconnected node: VGND
Warning: Equate pins:  cell sky130_asc_pnp_05v5_W3p40L3p40_1 has no definition, treated as a black box.

Subcircuit pins:
Circuit 1: sky130_asc_pnp_05v5_W3p40L3p40_ |Circuit 2: sky130_asc_pnp_05v5_W3p40L3p40_ 
-------------------------------------------|-------------------------------------------
Emitter                                    |Emitter                                    
Base                                       |Base                                       
Collector                                  |Collector                                  
VPWR                                       |VPWR                                       
VGND                                       |VGND                                       
---------------------------------------------------------------------------------------
Cell pin lists are equivalent.
Device classes sky130_asc_pnp_05v5_W3p40L3p40_1 and sky130_asc_pnp_05v5_W3p40L3p40_1 are equivalent.

Cell sky130_asc_res_xhigh_po_2p85_2 disconnected node: Rin
Cell sky130_asc_res_xhigh_po_2p85_2 disconnected node: Rout
Cell sky130_asc_res_xhigh_po_2p85_2 disconnected node: VPWR
Cell sky130_asc_res_xhigh_po_2p85_2 disconnected node: VGND
Warning: Equate pins:  cell sky130_asc_res_xhigh_po_2p85_2 has no definition, treated as a black box.

Subcircuit pins:
Circuit 1: sky130_asc_res_xhigh_po_2p85_2  |Circuit 2: sky130_asc_res_xhigh_po_2p85_2  
-------------------------------------------|-------------------------------------------
Rin                                        |Rin                                        
Rout                                       |Rout                                       
VPWR                                       |VPWR                                       
VGND                                       |VGND                                       
---------------------------------------------------------------------------------------
Cell pin lists are equivalent.
Device classes sky130_asc_res_xhigh_po_2p85_2 and sky130_asc_res_xhigh_po_2p85_2 are equivalent.

Cell sky130_asc_pnp_05v5_W3p40L3p40_8 disconnected node: Emitter
Cell sky130_asc_pnp_05v5_W3p40L3p40_8 disconnected node: Base
Cell sky130_asc_pnp_05v5_W3p40L3p40_8 disconnected node: Collector
Cell sky130_asc_pnp_05v5_W3p40L3p40_8 disconnected node: VPWR
Cell sky130_asc_pnp_05v5_W3p40L3p40_8 disconnected node: VGND
Warning: Equate pins:  cell sky130_asc_pnp_05v5_W3p40L3p40_8 has no definition, treated as a black box.

Subcircuit pins:
Circuit 1: sky130_asc_pnp_05v5_W3p40L3p40_ |Circuit 2: sky130_asc_pnp_05v5_W3p40L3p40_ 
-------------------------------------------|-------------------------------------------
Emitter                                    |Emitter                                    
Base                                       |Base                                       
Collector                                  |Collector                                  
VPWR                                       |VPWR                                       
VGND                                       |VGND                                       
---------------------------------------------------------------------------------------
Cell pin lists are equivalent.
Device classes sky130_asc_pnp_05v5_W3p40L3p40_8 and sky130_asc_pnp_05v5_W3p40L3p40_8 are equivalent.

Cell sky130_asc_pnp_05v5_W3p40L3p40_7 disconnected node: Emitter
Cell sky130_asc_pnp_05v5_W3p40L3p40_7 disconnected node: Base
Cell sky130_asc_pnp_05v5_W3p40L3p40_7 disconnected node: Collector
Cell sky130_asc_pnp_05v5_W3p40L3p40_7 disconnected node: VPWR
Cell sky130_asc_pnp_05v5_W3p40L3p40_7 disconnected node: VGND
Warning: Equate pins:  cell sky130_asc_pnp_05v5_W3p40L3p40_7 has no definition, treated as a black box.

Subcircuit pins:
Circuit 1: sky130_asc_pnp_05v5_W3p40L3p40_ |Circuit 2: sky130_asc_pnp_05v5_W3p40L3p40_ 
-------------------------------------------|-------------------------------------------
Emitter                                    |Emitter                                    
Base                                       |Base                                       
Collector                                  |Collector                                  
VPWR                                       |VPWR                                       
VGND                                       |VGND                                       
---------------------------------------------------------------------------------------
Cell pin lists are equivalent.
Device classes sky130_asc_pnp_05v5_W3p40L3p40_7 and sky130_asc_pnp_05v5_W3p40L3p40_7 are equivalent.

Cell bgr_top disconnected node: porst

Cell bgr_top disconnected node: porst

Subcircuit summary:
Circuit 1: bgr_top                         |Circuit 2: bgr_top                         
-------------------------------------------|-------------------------------------------
sky130_asc_pfet_01v8_lvt_6 (2)             |sky130_asc_pfet_01v8_lvt_6 (2)             
sky130_asc_nfet_01v8_lvt_1 (2)             |sky130_asc_nfet_01v8_lvt_1 (2)             
sky130_asc_res_xhigh_po_2p85_1 (13)        |sky130_asc_res_xhigh_po_2p85_1 (13)        
sky130_asc_pfet_01v8_lvt_12 (2)            |sky130_asc_pfet_01v8_lvt_12 (2)            
sky130_asc_pfet_01v8_lvt_60 (3)            |sky130_asc_pfet_01v8_lvt_60 (3)            
sky130_asc_pnp_05v5_W3p40L3p40_1 (1)       |sky130_asc_pnp_05v5_W3p40L3p40_1 (1)       
sky130_asc_res_xhigh_po_2p85_2 (2)         |sky130_asc_res_xhigh_po_2p85_2 (2)         
sky130_asc_pnp_05v5_W3p40L3p40_8 (4)       |sky130_asc_pnp_05v5_W3p40L3p40_8 (4)       
sky130_asc_pnp_05v5_W3p40L3p40_7 (1)       |sky130_asc_pnp_05v5_W3p40L3p40_7 (1)       
Number of devices: 30                      |Number of devices: 30                      
Number of nets: 25                         |Number of nets: 25                         
---------------------------------------------------------------------------------------
Resolving automorphisms by property value.
Resolving automorphisms by pin name.
Netlists match with 1 symmetry.
Circuits match correctly.

Subcircuit pins:
Circuit 1: bgr_top                         |Circuit 2: bgr_top                         
-------------------------------------------|-------------------------------------------
vbg                                        |vbg                                        
va                                         |va                                         
VSS                                        |VSS                                        
VDD                                        |VDD                                        
vb                                         |vb                                         
(no matching pin)                          |porst                                      
---------------------------------------------------------------------------------------
Cell pin lists are equivalent.
Device classes bgr_top and bgr_top are equivalent.
Circuits match uniquely.
