
Magic 8.3 revision 285 - Compiled on Mon Apr  4 15:36:51 PDT 2022.
Starting magic under Tcl interpreter
Using the terminal as the console.
Using NULL graphics device.
Processing system .magicrc file
Sourcing design .magicrc for technology sky130A ...
2 Magic internal units = 1 Lambda
/farmshare/home/classes/ee/372/PDKs/open_pdks_1.0.310/sky130/sky130A/libs.tech/magic/closed_sky130A.tech: line 1404: section cifoutput:
	Unknown layer name.
Input style sky130(vendor): scaleFactor=2, multiplier=2
The following types are not handled by extraction and will be treated as non-electrical types:
    ubm 
Scaled tech values by 2 / 1 to match internal grid scaling
Loading sky130A Device Generator Menu ...
Loading "extract.tcl" from command line.
CIF input style is now "sky130(vendor)"
Warning: Calma reading is not undoable!  I hope that's OK.
Library written using GDS-II Release 3.0
Library name: stdcells
Reading "bgr_top".
Reading "sky130_asc_pfet_01v8_lvt_6".
Reading "sky130_asc_nfet_01v8_lvt_9".
Reading "sky130_asc_nfet_01v8_lvt_1".
Reading "sky130_asc_pfet_01v8_lvt_12".
Reading "sky130_asc_cap_mim_m3_1".
Reading "sky130_asc_res_xhigh_po_2p85_1".
Reading "sky130_asc_res_xhigh_po_2p85_2".
Reading "sky130_asc_pnp_05v5_W3p40L3p40_1".
CIF file read warning: CIF style sky130(vendor): units rescaled by factor of 5 / 1
Reading "sky130_asc_pnp_05v5_W3p40L3p40_8".
Reading "sky130_asc_pnp_05v5_W3p40L3p40_7".
Reading "sky130_asc_pfet_01v8_lvt_60".
Reading "L1M1_PR".
Saving contents of cell L1M1_PR
Reading "M1M2_PR".
Saving contents of cell M1M2_PR
Reading "M3M4_PR".
Saving contents of cell M3M4_PR
Reading "M2M3_PR".
Saving contents of cell M2M3_PR
Reading "M1M2_PR_MR".
Saving contents of cell M1M2_PR_MR
Reading "bgr_top_VIA0".
Saving contents of cell bgr_top_VIA0
Reading "bgr_top_VIA1".
Reading "bgr_top_VIA2".
Reading "bgr_top_VIA3".
Error while reading cell "bgr_top" (byte position 40912): Cell "sky130_asc_pfet_01v8_lvt_6" was already defined in this file.
Error while reading cell "bgr_top" (byte position 40912): Ignoring duplicate definition
Reading "sky130_asc_pfet_01v8_lvt_6".
Error while reading cell "bgr_top" Reading "sky130_asc_nfet_01v8_lvt_9".
(byte position 63122): Cell "sky130_asc_nfet_01v8_lvt_9" was already defined in this file.
Error while reading cell "bgr_top" (byte position 63122): Ignoring duplicate definition
Error while reading cell "bgr_top" Reading "sky130_asc_nfet_01v8_lvt_1".
(byte position 85716): Cell "sky130_asc_nfet_01v8_lvt_1" was already defined in this file.
Error while reading cell "bgr_top" (byte position 85716): Ignoring duplicate definition
Error while reading cell "bgr_top" Reading "sky130_asc_pfet_01v8_lvt_12".
(byte position 91160): Cell "sky130_asc_pfet_01v8_lvt_12" was already defined in this file.
Error while reading cell "bgr_top" (byte position 91160): Ignoring duplicate definition
Error while reading cell "bgr_top" (byte position 131416): Cell "sky130_asc_cap_mim_m3_1" was already defined in this file.
Error while reading cell "bgr_top" (byte position 131416): Ignoring duplicate definition
Reading "sky130_asc_cap_mim_m3_1".
Error while reading cell "bgr_top" (byte position 170458): Cell "sky130_asc_res_xhigh_po_2p85_1" was already defined in this file.
Error while reading cell "bgr_top" (byte position 170458): Ignoring duplicate definition
Reading "sky130_asc_res_xhigh_po_2p85_1".
Error while reading cell "bgr_top" Reading "sky130_asc_res_xhigh_po_2p85_2".
(byte position 188252): Cell "sky130_asc_res_xhigh_po_2p85_2" was already defined in this file.
Error while reading cell "bgr_top" (byte position 188252): Ignoring duplicate definition
Error while reading cell "bgr_top" Reading "sky130_asc_pnp_05v5_W3p40L3p40_1".
(byte position 206432): Cell "sky130_asc_pnp_05v5_W3p40L3p40_1" was already defined in this file.
Error while reading cell "bgr_top" (byte position 206432): Ignoring duplicate definition
Error while reading cell "bgr_top" Reading "sky130_asc_pnp_05v5_W3p40L3p40_8".
(byte position 221508): Cell "sky130_asc_pnp_05v5_W3p40L3p40_8" was already defined in this file.
Error while reading cell "bgr_top" (byte position 221508): Ignoring duplicate definition
Error while reading cell "bgr_top" (byte position 344218): Cell "sky130_asc_pnp_05v5_W3p40L3p40_7" was already defined in this file.
Error while reading cell "bgr_top" (byte position 344218): Ignoring duplicate definition
Reading "sky130_asc_pnp_05v5_W3p40L3p40_7".
Error while reading cell "bgr_top" (byte position 451758): Cell "sky130_asc_pfet_01v8_lvt_60" was already defined in this file.
Error while reading cell "bgr_top" (byte position 451758): Ignoring duplicate definition
Reading "sky130_asc_pfet_01v8_lvt_60".
Error while reading cell "bgr_top" (byte position 636382): Cell "L1M1_PR" was already defined in this file.
Error while reading cell "bgr_top" (byte position 636382): Ignoring duplicate definition
Reading "L1M1_PR".
Error while reading cell "bgr_top" (byte position 636618): Cell "M1M2_PR" was already defined in this file.
Error while reading cell "bgr_top" (byte position 636618): Ignoring duplicate definition
Reading "M1M2_PR".
Error while reading cell "bgr_top" (byte position 636854): Cell "M3M4_PR" was already defined in this file.
Reading "M3M4_PR".
Error while reading cell "bgr_top" (byte position 636854): Ignoring duplicate definition
Error while reading cell "bgr_top" Reading "M2M3_PR".
(byte position 637090): Cell "M2M3_PR" was already defined in this file.
Error while reading cell "bgr_top" (byte position 637090): Ignoring duplicate definition
Error while reading cell "bgr_top" Reading "M1M2_PR_MR".
(byte position 637328): Cell "M1M2_PR_MR" was already defined in this file.
Error while reading cell "bgr_top" (byte position 637328): Ignoring duplicate definition
Error while reading cell "bgr_top" (byte position 637568): Cell "bgr_top_VIA0" was already defined in this file.
Error while reading cell "bgr_top" (byte position 637568): Ignoring duplicate definition
Error while reading cell "bgr_top" (byte position 638000): Cell "bgr_top_VIA1" was already defined in this file.
Error while reading cell "bgr_top" (byte position 638000): Ignoring duplicate definition
Error while reading cell "bgr_top" (byte position 639712): Cell "bgr_top_VIA2" was already defined in this file.
Error while reading cell "bgr_top" (byte position 639712): Ignoring duplicate definition
Error while reading cell "bgr_top" (byte position 640528): Cell "bgr_top_VIA3" was already defined in this file.
Error while reading cell "bgr_top" (byte position 640528): Ignoring duplicate definition
Reading "bgr_top_VIA0".
Reading "bgr_top_VIA1".
Reading "bgr_top_VIA2".
Reading "bgr_top_VIA3".
$bgr_top
Processing sky130_asc_pfet_01v8_lvt_12
Processing sky130_asc_pnp_05v5_W3p40L3p40_1
Processing sky130_asc_pnp_05v5_W3p40L3p40_7
Processing sky130_asc_pfet_01v8_lvt_6
Processing sky130_asc_nfet_01v8_lvt_1
Processing sky130_asc_res_xhigh_po_2p85_2
Processing sky130_asc_pnp_05v5_W3p40L3p40_8
Processing sky130_asc_cap_mim_m3_1
Processing sky130_asc_res_xhigh_po_2p85_1
Processing sky130_asc_pfet_01v8_lvt_60
Processing sky130_asc_nfet_01v8_lvt_9
Processing bgr_top_VIA1
Processing bgr_top_VIA2
Processing bgr_top_VIA3
Processing bgr_top
Extracting sky130_asc_pfet_01v8_lvt_12 into sky130_asc_pfet_01v8_lvt_12.ext:
Extracting sky130_asc_pnp_05v5_W3p40L3p40_1 into sky130_asc_pnp_05v5_W3p40L3p40_1.ext:
Warning:  Ports "Emitter" and "xm1/Emitter" are electrically shorted.
Warning:  Ports "Base" and "xm1/Base" are electrically shorted.
Warning:  Ports "Collector" and "xm1/Collector" are electrically shorted.
Extracting sky130_asc_pnp_05v5_W3p40L3p40_7 into sky130_asc_pnp_05v5_W3p40L3p40_7.ext:
Warning:  Ports "Emitter" and "xm1/Emitter" are electrically shorted.
Warning:  Ports "Emitter" and "sky130_fd_pr__rf_pnp_05v5_W3p40L3p40_0/Emitter" are electrically shorted.
Warning:  Ports "Emitter" and "sky130_fd_pr__rf_pnp_05v5_W3p40L3p40_1/Emitter" are electrically shorted.
Warning:  Ports "Emitter" and "sky130_fd_pr__rf_pnp_05v5_W3p40L3p40_2/Emitter" are electrically shorted.
Warning:  Ports "Emitter" and "sky130_fd_pr__rf_pnp_05v5_W3p40L3p40_3/Emitter" are electrically shorted.
Warning:  Ports "Emitter" and "sky130_fd_pr__rf_pnp_05v5_W3p40L3p40_4/Emitter" are electrically shorted.
Warning:  Ports "Emitter" and "sky130_fd_pr__rf_pnp_05v5_W3p40L3p40_5/Emitter" are electrically shorted.
Warning:  Ports "Base" and "xm1/Base" are electrically shorted.
Warning:  Ports "Base" and "sky130_fd_pr__rf_pnp_05v5_W3p40L3p40_0/Base" are electrically shorted.
Warning:  Ports "Base" and "sky130_fd_pr__rf_pnp_05v5_W3p40L3p40_1/Base" are electrically shorted.
Warning:  Ports "Base" and "sky130_fd_pr__rf_pnp_05v5_W3p40L3p40_2/Base" are electrically shorted.
Warning:  Ports "Base" and "sky130_fd_pr__rf_pnp_05v5_W3p40L3p40_3/Base" are electrically shorted.
Warning:  Ports "Base" and "sky130_fd_pr__rf_pnp_05v5_W3p40L3p40_4/Base" are electrically shorted.
Warning:  Ports "Base" and "sky130_fd_pr__rf_pnp_05v5_W3p40L3p40_5/Base" are electrically shorted.
Warning:  Ports "Collector" and "xm1/Collector" are electrically shorted.
Warning:  Ports "Collector" and "sky130_fd_pr__rf_pnp_05v5_W3p40L3p40_0/Collector" are electrically shorted.
Warning:  Ports "Collector" and "sky130_fd_pr__rf_pnp_05v5_W3p40L3p40_1/Collector" are electrically shorted.
Warning:  Ports "Collector" and "sky130_fd_pr__rf_pnp_05v5_W3p40L3p40_2/Collector" are electrically shorted.
Warning:  Ports "Collector" and "sky130_fd_pr__rf_pnp_05v5_W3p40L3p40_3/Collector" are electrically shorted.
Warning:  Ports "Collector" and "sky130_fd_pr__rf_pnp_05v5_W3p40L3p40_4/Collector" are electrically shorted.
Warning:  Ports "Collector" and "sky130_fd_pr__rf_pnp_05v5_W3p40L3p40_5/Collector" are electrically shorted.
Extracting sky130_asc_pfet_01v8_lvt_6 into sky130_asc_pfet_01v8_lvt_6.ext:
Extracting sky130_asc_nfet_01v8_lvt_1 into sky130_asc_nfet_01v8_lvt_1.ext:
Extracting sky130_asc_res_xhigh_po_2p85_2 into sky130_asc_res_xhigh_po_2p85_2.ext:
Extracting sky130_asc_pnp_05v5_W3p40L3p40_8 into sky130_asc_pnp_05v5_W3p40L3p40_8.ext:
Warning:  Ports "Emitter" and "xm1/Emitter" are electrically shorted.
Warning:  Ports "Emitter" and "sky130_fd_pr__rf_pnp_05v5_W3p40L3p40_0/Emitter" are electrically shorted.
Warning:  Ports "Emitter" and "sky130_fd_pr__rf_pnp_05v5_W3p40L3p40_1/Emitter" are electrically shorted.
Warning:  Ports "Emitter" and "sky130_fd_pr__rf_pnp_05v5_W3p40L3p40_2/Emitter" are electrically shorted.
Warning:  Ports "Emitter" and "sky130_fd_pr__rf_pnp_05v5_W3p40L3p40_3/Emitter" are electrically shorted.
Warning:  Ports "Emitter" and "sky130_fd_pr__rf_pnp_05v5_W3p40L3p40_4/Emitter" are electrically shorted.
Warning:  Ports "Emitter" and "sky130_fd_pr__rf_pnp_05v5_W3p40L3p40_5/Emitter" are electrically shorted.
Warning:  Ports "Emitter" and "sky130_fd_pr__rf_pnp_05v5_W3p40L3p40_6/Emitter" are electrically shorted.
Warning:  Ports "Base" and "xm1/Base" are electrically shorted.
Warning:  Ports "Base" and "sky130_fd_pr__rf_pnp_05v5_W3p40L3p40_0/Base" are electrically shorted.
Warning:  Ports "Base" and "sky130_fd_pr__rf_pnp_05v5_W3p40L3p40_1/Base" are electrically shorted.
Warning:  Ports "Base" and "sky130_fd_pr__rf_pnp_05v5_W3p40L3p40_2/Base" are electrically shorted.
Warning:  Ports "Base" and "sky130_fd_pr__rf_pnp_05v5_W3p40L3p40_3/Base" are electrically shorted.
Warning:  Ports "Base" and "sky130_fd_pr__rf_pnp_05v5_W3p40L3p40_4/Base" are electrically shorted.
Warning:  Ports "Base" and "sky130_fd_pr__rf_pnp_05v5_W3p40L3p40_5/Base" are electrically shorted.
Warning:  Ports "Base" and "sky130_fd_pr__rf_pnp_05v5_W3p40L3p40_6/Base" are electrically shorted.
Warning:  Ports "Collector" and "xm1/Collector" are electrically shorted.
Warning:  Ports "Collector" and "sky130_fd_pr__rf_pnp_05v5_W3p40L3p40_0/Collector" are electrically shorted.
Warning:  Ports "Collector" and "sky130_fd_pr__rf_pnp_05v5_W3p40L3p40_1/Collector" are electrically shorted.
Warning:  Ports "Collector" and "sky130_fd_pr__rf_pnp_05v5_W3p40L3p40_2/Collector" are electrically shorted.
Warning:  Ports "Collector" and "sky130_fd_pr__rf_pnp_05v5_W3p40L3p40_3/Collector" are electrically shorted.
Warning:  Ports "Collector" and "sky130_fd_pr__rf_pnp_05v5_W3p40L3p40_4/Collector" are electrically shorted.
Warning:  Ports "Collector" and "sky130_fd_pr__rf_pnp_05v5_W3p40L3p40_5/Collector" are electrically shorted.
Warning:  Ports "Collector" and "sky130_fd_pr__rf_pnp_05v5_W3p40L3p40_6/Collector" are electrically shorted.
Extracting sky130_asc_cap_mim_m3_1 into sky130_asc_cap_mim_m3_1.ext:
Extracting sky130_asc_res_xhigh_po_2p85_1 into sky130_asc_res_xhigh_po_2p85_1.ext:
Extracting sky130_asc_pfet_01v8_lvt_60 into sky130_asc_pfet_01v8_lvt_60.ext:
Extracting sky130_asc_nfet_01v8_lvt_9 into sky130_asc_nfet_01v8_lvt_9.ext:
Extracting bgr_top_VIA1 into bgr_top_VIA1.ext:
Extracting bgr_top_VIA2 into bgr_top_VIA2.ext:
Extracting bgr_top_VIA3 into bgr_top_VIA3.ext:
Extracting bgr_top into bgr_top.ext:
Warning:  Ports "Emitter" and "xm1/Emitter" are electrically shorted.
Warning:  Ports "Emitter" and "sky130_fd_pr__rf_pnp_05v5_W3p40L3p40_0/Emitter" are electrically shorted.
Warning:  Ports "Emitter" and "sky130_fd_pr__rf_pnp_05v5_W3p40L3p40_1/Emitter" are electrically shorted.
Warning:  Ports "Emitter" and "sky130_fd_pr__rf_pnp_05v5_W3p40L3p40_2/Emitter" are electrically shorted.
Warning:  Ports "Emitter" and "sky130_fd_pr__rf_pnp_05v5_W3p40L3p40_3/Emitter" are electrically shorted.
Warning:  Ports "Emitter" and "sky130_fd_pr__rf_pnp_05v5_W3p40L3p40_4/Emitter" are electrically shorted.
Warning:  Ports "Emitter" and "sky130_fd_pr__rf_pnp_05v5_W3p40L3p40_5/Emitter" are electrically shorted.
Warning:  Ports "Base" and "xm1/Base" are electrically shorted.
Warning:  Ports "Base" and "sky130_fd_pr__rf_pnp_05v5_W3p40L3p40_0/Base" are electrically shorted.
Warning:  Ports "Base" and "sky130_fd_pr__rf_pnp_05v5_W3p40L3p40_1/Base" are electrically shorted.
Warning:  Ports "Base" and "sky130_fd_pr__rf_pnp_05v5_W3p40L3p40_2/Base" are electrically shorted.
Warning:  Ports "Base" and "sky130_fd_pr__rf_pnp_05v5_W3p40L3p40_3/Base" are electrically shorted.
Warning:  Ports "Base" and "sky130_fd_pr__rf_pnp_05v5_W3p40L3p40_4/Base" are electrically shorted.
Warning:  Ports "Base" and "sky130_fd_pr__rf_pnp_05v5_W3p40L3p40_5/Base" are electrically shorted.
Warning:  Ports "Collector" and "xm1/Collector" are electrically shorted.
Warning:  Ports "Collector" and "sky130_fd_pr__rf_pnp_05v5_W3p40L3p40_0/Collector" are electrically shorted.
Warning:  Ports "Collector" and "sky130_fd_pr__rf_pnp_05v5_W3p40L3p40_1/Collector" are electrically shorted.
Warning:  Ports "Collector" and "sky130_fd_pr__rf_pnp_05v5_W3p40L3p40_2/Collector" are electrically shorted.
Warning:  Ports "Collector" and "sky130_fd_pr__rf_pnp_05v5_W3p40L3p40_3/Collector" are electrically shorted.
Warning:  Ports "Collector" and "sky130_fd_pr__rf_pnp_05v5_W3p40L3p40_4/Collector" are electrically shorted.
Warning:  Ports "Collector" and "sky130_fd_pr__rf_pnp_05v5_W3p40L3p40_5/Collector" are electrically shorted.
Warning:  Ports "Emitter" and "xm1/Emitter" are electrically shorted.
Warning:  Ports "Base" and "xm1/Base" are electrically shorted.
Warning:  Ports "Collector" and "xm1/Collector" are electrically shorted.
Warning:  Ports "Emitter" and "xm1/Emitter" are electrically shorted.
Warning:  Ports "Emitter" and "sky130_fd_pr__rf_pnp_05v5_W3p40L3p40_0/Emitter" are electrically shorted.
Warning:  Ports "Emitter" and "sky130_fd_pr__rf_pnp_05v5_W3p40L3p40_1/Emitter" are electrically shorted.
Warning:  Ports "Emitter" and "sky130_fd_pr__rf_pnp_05v5_W3p40L3p40_2/Emitter" are electrically shorted.
Warning:  Ports "Emitter" and "sky130_fd_pr__rf_pnp_05v5_W3p40L3p40_3/Emitter" are electrically shorted.
Warning:  Ports "Emitter" and "sky130_fd_pr__rf_pnp_05v5_W3p40L3p40_4/Emitter" are electrically shorted.
Warning:  Ports "Emitter" and "sky130_fd_pr__rf_pnp_05v5_W3p40L3p40_5/Emitter" are electrically shorted.
Warning:  Ports "Emitter" and "sky130_fd_pr__rf_pnp_05v5_W3p40L3p40_6/Emitter" are electrically shorted.
Warning:  Ports "Base" and "xm1/Base" are electrically shorted.
Warning:  Ports "Base" and "sky130_fd_pr__rf_pnp_05v5_W3p40L3p40_0/Base" are electrically shorted.
Warning:  Ports "Base" and "sky130_fd_pr__rf_pnp_05v5_W3p40L3p40_1/Base" are electrically shorted.
Warning:  Ports "Base" and "sky130_fd_pr__rf_pnp_05v5_W3p40L3p40_2/Base" are electrically shorted.
Warning:  Ports "Base" and "sky130_fd_pr__rf_pnp_05v5_W3p40L3p40_3/Base" are electrically shorted.
Warning:  Ports "Base" and "sky130_fd_pr__rf_pnp_05v5_W3p40L3p40_4/Base" are electrically shorted.
Warning:  Ports "Base" and "sky130_fd_pr__rf_pnp_05v5_W3p40L3p40_5/Base" are electrically shorted.
Warning:  Ports "Base" and "sky130_fd_pr__rf_pnp_05v5_W3p40L3p40_6/Base" are electrically shorted.
Warning:  Ports "Collector" and "xm1/Collector" are electrically shorted.
Warning:  Ports "Collector" and "sky130_fd_pr__rf_pnp_05v5_W3p40L3p40_0/Collector" are electrically shorted.
Warning:  Ports "Collector" and "sky130_fd_pr__rf_pnp_05v5_W3p40L3p40_1/Collector" are electrically shorted.
Warning:  Ports "Collector" and "sky130_fd_pr__rf_pnp_05v5_W3p40L3p40_2/Collector" are electrically shorted.
Warning:  Ports "Collector" and "sky130_fd_pr__rf_pnp_05v5_W3p40L3p40_3/Collector" are electrically shorted.
Warning:  Ports "Collector" and "sky130_fd_pr__rf_pnp_05v5_W3p40L3p40_4/Collector" are electrically shorted.
Warning:  Ports "Collector" and "sky130_fd_pr__rf_pnp_05v5_W3p40L3p40_5/Collector" are electrically shorted.
Warning:  Ports "Collector" and "sky130_fd_pr__rf_pnp_05v5_W3p40L3p40_6/Collector" are electrically shorted.
exttospice finished.
