
Magic 8.3 revision 285 - Compiled on Mon Apr  4 15:36:51 PDT 2022.
Starting magic under Tcl interpreter
Using the terminal as the console.
Using NULL graphics device.
Processing system .magicrc file
Sourcing design .magicrc for technology sky130A ...
2 Magic internal units = 1 Lambda
Input style sky130(vendor): scaleFactor=2, multiplier=2
The following types are not handled by extraction and will be treated as non-electrical types:
    ubm 
Scaled tech values by 2 / 1 to match internal grid scaling
Loading sky130A Device Generator Menu ...
Loading "run_drc.tcl" from command line.
Warning: Calma reading is not undoable!  I hope that's OK.
Library written using GDS-II Release 3.0
Library name: stdcells
Reading "bgr_top".
Reading "sky130_asc_pfet_01v8_lvt_6".
Reading "sky130_asc_nfet_01v8_lvt_9".
Reading "sky130_asc_nfet_01v8_lvt_1".
Reading "sky130_asc_pfet_01v8_lvt_12".
Reading "sky130_asc_cap_mim_m3_1".
Reading "sky130_asc_res_xhigh_po_2p85_1".
Reading "sky130_asc_res_xhigh_po_2p85_2".
Reading "sky130_asc_pnp_05v5_W3p40L3p40_1".
Reading "sky130_asc_pnp_05v5_W3p40L3p40_8".
Reading "sky130_asc_pnp_05v5_W3p40L3p40_7".
Reading "sky130_asc_pfet_01v8_lvt_60".
Reading "L1M1_PR".
Reading "M1M2_PR".
Reading "M3M4_PR".
Reading "M2M3_PR".
Reading "M1M2_PR_MR".
Reading "bgr_top_VIA0".
Reading "bgr_top_VIA1".
Reading "bgr_top_VIA2".
Reading "bgr_top_VIA3".
DRC style is now "drc(full)"
Loading DRC CIF style.
No errors found.
Total DRC errors found: 0
