
Cell sky130_asc_cap_mim_m3_1 disconnected node: Cout
Cell sky130_asc_cap_mim_m3_1 disconnected node: Cin
Cell sky130_asc_cap_mim_m3_1 disconnected node: VPWR
Cell sky130_asc_cap_mim_m3_1 disconnected node: VGND
Warning: Equate pins:  cell sky130_asc_cap_mim_m3_1 has no definition, treated as a black box.

Subcircuit pins:
Circuit 1: sky130_asc_cap_mim_m3_1         |Circuit 2: sky130_asc_cap_mim_m3_1         
-------------------------------------------|-------------------------------------------
Cout                                       |Cout                                       
Cin                                        |Cin                                        
VPWR                                       |VPWR                                       
VGND                                       |VGND                                       
---------------------------------------------------------------------------------------
Cell pin lists are equivalent.
Device classes sky130_asc_cap_mim_m3_1 and sky130_asc_cap_mim_m3_1 are equivalent.

Subcircuit summary:
Circuit 1: ringosc                         |Circuit 2: ringosc                         
-------------------------------------------|-------------------------------------------
sky130_asc_cap_mim_m3_1 (1)                |sky130_asc_cap_mim_m3_1 (1)                
Number of devices: 1                       |Number of devices: 1                       
Number of nets: 2 **Mismatch**             |Number of nets: 3 **Mismatch**             
---------------------------------------------------------------------------------------
NET mismatches: Class fragments follow (with fanout counts):
Circuit 1: ringosc                         |Circuit 2: ringosc                         

---------------------------------------------------------------------------------------
Net: VDD                                   |Net: VDD                                   
  sky130_asc_cap_mim_m3_1/Cin = 1          |  sky130_asc_cap_mim_m3_1/Cin = 1          
  sky130_asc_cap_mim_m3_1/VPWR = 1         |  sky130_asc_cap_mim_m3_1/VPWR = 1         
  sky130_asc_cap_mim_m3_1/VGND = 1         |                                           
                                           |                                           
(no matching net)                          |Net: VSS                                   
                                           |  sky130_asc_cap_mim_m3_1/VGND = 1         
---------------------------------------------------------------------------------------
Netlists do not match.
Netlists do not match.
