###############################################################
#  Generated by:      Cadence Innovus 20.13-s083_1
#  OS:                Linux x86_64(Host ID rice-503-20-north)
#  Generated on:      Fri May 20 16:54:01 2022
#  Design:            ringosc
#  Command:           verify_drc
###############################################################

SHORT: ( Metal Short ) Special Wire of Net VSS & Blockage of Cell C1  ( met1 )
Bounds : ( 42.540, 28.260 ) ( 77.530, 28.710 )


SHORT: ( Metal Short ) Special Wire of Net VDD & Blockage of Cell C1  ( met1 )
Bounds : ( 42.540, 37.810 ) ( 77.530, 38.260 )


SHORT: ( Metal Short ) Special Wire of Net VSS & Blockage of Cell C1  ( met1 )
Bounds : ( 42.820, 28.260 ) ( 77.530, 28.860 )


SHORT: ( Metal Short ) Special Wire of Net VDD & Blockage of Cell C1  ( met1 )
Bounds : ( 42.820, 37.660 ) ( 77.530, 38.260 )


SHORT: ( Metal Short ) Special Wire of Net VSS & Blockage of Cell C1  ( met4 )
Bounds : ( 41.690, 30.210 ) ( 44.160, 36.750 )


SHORT: ( Metal Short ) Regular Wire of Net VDD & Special Wire of Net VSS  ( met4 )
Bounds : ( 41.730, 28.750 ) ( 42.910, 29.930 )


SHORT: ( Metal Short ) Special Wire of Net VSS & Blockage of Cell C1  ( met4 )
Bounds : ( 42.890, 29.310 ) ( 44.160, 36.750 )


SHORT: ( Metal Short ) Special Wire of Net VDD & Blockage of Cell C1  ( met4 )
Bounds : ( 54.400, 29.310 ) ( 57.760, 36.750 )


SHORT: ( Metal Short ) Special Wire of Net VSS & Blockage of Cell C1  ( met4 )
Bounds : ( 68.000, 29.310 ) ( 71.360, 36.750 )


  Total Violations : 9 Viols.
