
Magic 8.3 revision 285 - Compiled on Mon Apr  4 15:36:51 PDT 2022.
Starting magic under Tcl interpreter
Using the terminal as the console.
Using NULL graphics device.
Processing system .magicrc file
Sourcing design .magicrc for technology sky130A ...
2 Magic internal units = 1 Lambda
Input style sky130(vendor): scaleFactor=2, multiplier=2
The following types are not handled by extraction and will be treated as non-electrical types:
    mvobsactive ubm 
Scaled tech values by 2 / 1 to match internal grid scaling
Loading sky130A Device Generator Menu ...
Loading "extract.tcl" from command line.
Reading LEF data from file inputs/adk/rtk-tech.lef.
This action cannot be undone.
LEF read, Line 98 (Message): Unknown keyword "ANTENNAMODEL" in LEF file; ignoring.
LEF read, Line 99 (Message): Unknown keyword "ANTENNADIFFSIDEAREARATIO" in LEF file; ignoring.
LEF read, Line 132 (Message): Unknown keyword "MINENCLOSEDAREA" in LEF file; ignoring.
LEF read, Line 134 (Message): Unknown keyword "ANTENNAMODEL" in LEF file; ignoring.
LEF read, Line 135 (Message): Unknown keyword "ANTENNADIFFSIDEAREARATIO" in LEF file; ignoring.
LEF read, Line 141 (Message): Unknown keyword "MAXIMUMDENSITY" in LEF file; ignoring.
LEF read, Line 142 (Message): Unknown keyword "DENSITYCHECKWINDOW" in LEF file; ignoring.
LEF read, Line 143 (Message): Unknown keyword "DENSITYCHECKSTEP" in LEF file; ignoring.
LEF read, Line 176 (Message): Unknown keyword "MINENCLOSEDAREA" in LEF file; ignoring.
LEF read, Line 184 (Message): Unknown keyword "ANTENNAMODEL" in LEF file; ignoring.
LEF read, Line 185 (Message): Unknown keyword "ANTENNADIFFSIDEAREARATIO" in LEF file; ignoring.
LEF read, Line 187 (Message): Unknown keyword "MAXIMUMDENSITY" in LEF file; ignoring.
LEF read, Line 188 (Message): Unknown keyword "DENSITYCHECKWINDOW" in LEF file; ignoring.
LEF read, Line 189 (Message): Unknown keyword "DENSITYCHECKSTEP" in LEF file; ignoring.
LEF read, Line 226 (Message): Unknown keyword "ANTENNAMODEL" in LEF file; ignoring.
LEF read, Line 227 (Message): Unknown keyword "ANTENNADIFFSIDEAREARATIO" in LEF file; ignoring.
LEF read, Line 229 (Message): Unknown keyword "MAXIMUMDENSITY" in LEF file; ignoring.
LEF read, Line 230 (Message): Unknown keyword "DENSITYCHECKWINDOW" in LEF file; ignoring.
LEF read, Line 231 (Message): Unknown keyword "DENSITYCHECKSTEP" in LEF file; ignoring.
LEF read, Line 268 (Message): Unknown keyword "ANTENNAMODEL" in LEF file; ignoring.
LEF read, Line 269 (Message): Unknown keyword "ANTENNADIFFSIDEAREARATIO" in LEF file; ignoring.
LEF read, Line 271 (Message): Unknown keyword "MAXIMUMDENSITY" in LEF file; ignoring.
LEF read, Line 272 (Message): Unknown keyword "DENSITYCHECKWINDOW" in LEF file; ignoring.
LEF read, Line 273 (Message): Unknown keyword "DENSITYCHECKSTEP" in LEF file; ignoring.
LEF read, Line 310 (Message): Unknown keyword "ANTENNAMODEL" in LEF file; ignoring.
LEF read, Line 311 (Message): Unknown keyword "ANTENNADIFFSIDEAREARATIO" in LEF file; ignoring.
LEF read: Processed 820 lines.
Reading LEF data from file inputs/adk/stdcells.lef.
This action cannot be undone.
LEF read: Processed 2669 lines.
Reading DEF data from file design.def.
This action cannot be undone.
  Processed 10 vias total.
DEF read, Line 192 (Warning): Number of pins read (17) does not match the number declared (3).
  Processed 1 subcell instances total.
  Processed 10 special nets total.
  Processed 2 nets total.
DEF read: Processed 305 lines.
DEF Read: encountered 1 warning total.
Usage: extract do option
   or  extract no option
where option is one of:
  adjust			compensate R and C hierarchically
  all			all options
  capacitance		extract substrate capacitance
  coupling		extract coupling capacitance
  length			compute driver-receiver pathlengths
  local			put all generated files in the current directory
  resistance		estimate resistance
  labelcheck		check for connections through sticky labels
  aliases		output all net name aliases
Processing ringosc
Extracting sky130_asc_cap_mim_m3_1 into sky130_asc_cap_mim_m3_1.ext:
Extracting ringosc into ringosc.ext:
Warning:  Ports "VDD" and "VSS" are electrically shorted.
Warning:  Ports "VDD" and "VSS" are electrically shorted.
Warning:  Ports "VDD" and "VSS" are electrically shorted.
Warning:  Ports "VDD" and "VSS" are electrically shorted.
Warning:  Ports "VDD" and "VSS" are electrically shorted.
Warning:  Ports "VDD" and "VSS" are electrically shorted.
Warning:  Ports "VDD" and "VSS" are electrically shorted.
Warning:  Ports "VDD" and "VSS" are electrically shorted.
Total of 161 errors (check feedback entries).
ringosc: 161 errors
Warning:  Ports "VDD" and "VSS" are electrically shorted.
exttospice finished.
