Hinst Name           Module Name                Inst Count           Total Area               Buffer             Inverter        Combinational                 Flop                Latch           Clock Gate                Macro             Physical
----------------------------------------------------------------------------------------------------------------------------------------------------------------------------------------------------------------------------------------------------------------
bgr_top                                                 30             9399.671             9399.671                0.000                0.000                0.000                0.000                0.000                0.000                0.000
 BGR_Core            core                               20             4413.676             4413.676                0.000                0.000                0.000                0.000                0.000                0.000                0.000
  BGR_Core/R1        resistor_SPC_6                      2              255.680              255.680                0.000                0.000                0.000                0.000                0.000                0.000                0.000
  BGR_Core/R10       resistor_SPC_3                      0                0.000                0.000                0.000                0.000                0.000                0.000                0.000                0.000                0.000
  BGR_Core/R11       resistor_SPC_4                      0                0.000                0.000                0.000                0.000                0.000                0.000                0.000                0.000                0.000
  BGR_Core/R12       resistor_SPC_10                     2              255.680              255.680                0.000                0.000                0.000                0.000                0.000                0.000                0.000
  BGR_Core/R2        resistor_SPC_7                      2              255.680              255.680                0.000                0.000                0.000                0.000                0.000                0.000                0.000
  BGR_Core/R3        resistor_SPC_5                      1              127.840              127.840                0.000                0.000                0.000                0.000                0.000                0.000                0.000
  BGR_Core/R4        resistor_SPC_8                      2              255.680              255.680                0.000                0.000                0.000                0.000                0.000                0.000                0.000
  BGR_Core/R5        resistor_SPC_9                      2              255.680              255.680                0.000                0.000                0.000                0.000                0.000                0.000                0.000
  BGR_Core/R6        resistor                            1              127.840              127.840                0.000                0.000                0.000                0.000                0.000                0.000                0.000
  BGR_Core/R7        resistor_SPC_1                      0                0.000                0.000                0.000                0.000                0.000                0.000                0.000                0.000                0.000
  BGR_Core/R8        resistor_SPC_2                      0                0.000                0.000                0.000                0.000                0.000                0.000                0.000                0.000                0.000
  BGR_Core/pnp_vb    pnp_array                           5             2498.520             2498.520                0.000                0.000                0.000                0.000                0.000                0.000                0.000
 CM                  current_mirror                      4             4209.508             4209.508                0.000                0.000                0.000                0.000                0.000                0.000                0.000
 M10                 sky130_asc_nfet_01v8_lvt_9          0                0.000                0.000                0.000                0.000                0.000                0.000                0.000                0.000                0.000
 R17                 resistor_SPC_11                     0                0.000                0.000                0.000                0.000                0.000                0.000                0.000                0.000                0.000
 R18                 resistor_SPC_12                     0                0.000                0.000                0.000                0.000                0.000                0.000                0.000                0.000                0.000
 R19                 resistor_SPC_13                     0                0.000                0.000                0.000                0.000                0.000                0.000                0.000                0.000                0.000
 R20                 resistor_SPC_14                     1              127.840              127.840                0.000                0.000                0.000                0.000                0.000                0.000                0.000
 R21                 sky130_asc_res                      0                0.000                0.000                0.000                0.000                0.000                0.000                0.000                0.000                0.000
 amp                 amplifier                           5              648.647              648.647                0.000                0.000                0.000                0.000                0.000                0.000                0.000
  amp/M5             sky130_asc_nfet_01v8_lvt_9          0                0.000                0.000                0.000                0.000                0.000                0.000                0.000                0.000                0.000
  amp/M9             sky130_asc_nfet_01v8_lvt_9          0                0.000                0.000                0.000                0.000                0.000                0.000                0.000                0.000                0.000
