Flattening unmatched subcell sky130_asc_res_xhigh_po_2p85_1 in circuit bgr_top (0)(31 instances)
Flattening unmatched subcell sky130_asc_pfet_01v8_lvt_60 in circuit bgr_top (0)(3 instances)
Flattening unmatched subcell sky130_asc_pnp_05v5_W3p40L3p40_7 in circuit bgr_top (0)(1 instance)
Flattening unmatched subcell sky130_asc_res_xhigh_po_2p85_2 in circuit bgr_top (0)(2 instances)
Flattening unmatched subcell sky130_asc_pfet_01v8_lvt_12 in circuit bgr_top (0)(2 instances)
Flattening unmatched subcell sky130_asc_nfet_01v8_lvt_9 in circuit bgr_top (0)(3 instances)
Flattening unmatched subcell sky130_asc_pfet_01v8_lvt_6 in circuit bgr_top (0)(2 instances)
Flattening unmatched subcell sky130_asc_pnp_05v5_W3p40L3p40_1 in circuit bgr_top (0)(1 instance)
Flattening unmatched subcell sky130_asc_cap_mim_m3_1 in circuit bgr_top (0)(10 instances)
Flattening unmatched subcell sky130_asc_pnp_05v5_W3p40L3p40_8 in circuit bgr_top (0)(4 instances)
Flattening unmatched subcell sky130_asc_nfet_01v8_lvt_1 in circuit bgr_top (0)(2 instances)
Equate elements:  no current cell.
Equate elements:  no current cell.
Equate elements:  no current cell.
Equate elements:  no current cell.
Equate elements:  no current cell.
Class bgr_top:  Merged 431 devices.

Subcircuit summary:
Circuit 1: bgr_top                         |Circuit 2: tsmc_bandgap_real_lvs           
-------------------------------------------|-------------------------------------------
sky130_fd_pr__res_xhigh_po_2p85 (4)        |sky130_fd_pr__res_xhigh_po_2p85 (4)        
sky130_fd_pr__pfet_01v8_lvt (7)            |sky130_fd_pr__pfet_01v8_lvt (7)            
sky130_fd_pr__pnp_05v5_W3p40L3p40 (40)     |sky130_fd_pr__pnp_05v5_W3p40L3p40 (40)     
sky130_fd_pr__nfet_01v8_lvt (5)            |sky130_fd_pr__nfet_01v8_lvt (5)            
sky130_fd_pr__cap_mim_m3_1 (2)             |sky130_fd_pr__cap_mim_m3_1 (2)             
Number of devices: 58                      |Number of devices: 58                      
Number of nets: 11                         |Number of nets: 11                         
---------------------------------------------------------------------------------------
Resolving automorphisms by property value.
Resolving automorphisms by pin name.
Netlists match with 1 symmetry.
Circuits match correctly.

Subcircuit pins:
Circuit 1: bgr_top                         |Circuit 2: tsmc_bandgap_real_lvs           
-------------------------------------------|-------------------------------------------
porst                                      |porst                                      
va                                         |va                                         
vb                                         |vb                                         
vbg                                        |vbg                                        
VSS                                        |GND **Mismatch**                           
VDD                                        |VDD                                        
---------------------------------------------------------------------------------------
Cell pin lists are equivalent.
Device classes bgr_top and tsmc_bandgap_real_lvs are equivalent.
Circuits match uniquely.
