
Magic 8.3 revision 285 - Compiled on Mon Apr  4 15:36:51 PDT 2022.
Starting magic under Tcl interpreter
Using the terminal as the console.
Using NULL graphics device.
Processing system .magicrc file
Sourcing design .magicrc for technology sky130A ...
2 Magic internal units = 1 Lambda
Input style sky130(vendor): scaleFactor=2, multiplier=2
The following types are not handled by extraction and will be treated as non-electrical types:
    mvobsactive ubm 
Scaled tech values by 2 / 1 to match internal grid scaling
Loading sky130A Device Generator Menu ...
Loading "extract.tcl" from command line.
CIF input style is now "sky130(vendor)"
Warning: Calma reading is not undoable!  I hope that's OK.
Library written using GDS-II Release 3.0
Library name: stdcells
Reading "ringosc".
Reading "sky130_asc_pfet_01v8_lvt_12".
Reading "sky130_asc_pfet_01v8_lvt_60".
Reading "M1M2_PR".
Saving contents of cell M1M2_PR
Reading "L1M1_PR".
Saving contents of cell L1M1_PR
Reading "ringosc_VIA0".
Saving contents of cell ringosc_VIA0
Reading "ringosc_VIA1".
Saving contents of cell ringosc_VIA1
Reading "ringosc_VIA2".
Reading "ringosc_VIA3".
Reading "ringosc_VIA4".
Reading "ringosc_VIA5".
Saving contents of cell ringosc_VIA5
Reading "ringosc_VIA6".
Saving contents of cell ringosc_VIA6
Reading "ringosc_VIA7".
Saving contents of cell ringosc_VIA7
Reading "ringosc_VIA8".
Saving contents of cell ringosc_VIA8
Reading "ringosc_VIA9".
Error while reading cell "ringosc" (byte position 16192): Reading "sky130_asc_pfet_01v8_lvt_12".
Cell "sky130_asc_pfet_01v8_lvt_12" was already defined in this file.
Error while reading cell "ringosc" (byte position 16192): Ignoring duplicate definition
Error while reading cell "ringosc" (byte position 55684): Cell "sky130_asc_pfet_01v8_lvt_60" was already defined in this file.
Error while reading cell "ringosc" (byte position 55684): Ignoring duplicate definition
Reading "sky130_asc_pfet_01v8_lvt_60".
Error while reading cell "ringosc" (byte position 235188): Cell "M1M2_PR" was already defined in this file.
Error while reading cell "ringosc" (byte position 235188): Ignoring duplicate definition
Error while reading cell "ringosc" (byte position 235424): Cell "L1M1_PR" was already defined in this file.
Reading "M1M2_PR".
Reading "L1M1_PR".
Error while reading cell "ringosc" (byte position 235424): Ignoring duplicate definition
Error while reading cell "ringosc" (byte position 235664): Cell "ringosc_VIA0" was already defined in this file.
Reading "ringosc_VIA0".
Error while reading cell "ringosc" (byte position 235664): Ignoring duplicate definition
Error while reading cell "ringosc" Reading "ringosc_VIA1".
(byte position 236096): Cell "ringosc_VIA1" was already defined in this file.
Error while reading cell "ringosc" (byte position 236096): Ignoring duplicate definition
Error while reading cell "ringosc" Reading "ringosc_VIA2".
(byte position 236528): Cell "ringosc_VIA2" was already defined in this file.
Error while reading cell "ringosc" (byte position 236528): Ignoring duplicate definition
Error while reading cell "ringosc" (byte position 237216): Cell "ringosc_VIA3" was already defined in this file.
Error while reading cell "ringosc" (byte position 237216): Ignoring duplicate definition
Error while reading cell "ringosc" (byte position 237904): Cell "ringosc_VIA4" was already defined in this file.
Error while reading cell "ringosc" (byte position 237904): Ignoring duplicate definition
Error while reading cell "ringosc" (byte position 239360): Cell "ringosc_VIA5" was already defined in this file.
Error while reading cell "ringosc" (byte position 239360): Ignoring duplicate definition
Error while reading cell "ringosc" (byte position 239792): Cell "ringosc_VIA6" was already defined in this file.
Error while reading cell "ringosc" (byte position 239792): Ignoring duplicate definition
Error while reading cell "ringosc" (byte position 240224): Cell "ringosc_VIA7" was already defined in this file.
Error while reading cell "ringosc" (byte position 240224): Ignoring duplicate definition
Error while reading cell "ringosc" (byte position 240656): Cell "ringosc_VIA8" was already defined in this file.
Error while reading cell "ringosc" (byte position 240656): Ignoring duplicate definition
Error while reading cell "ringosc" (byte position 241088): Cell "ringosc_VIA9" was already defined in this file.
Error while reading cell "ringosc" (byte position 241088): Ignoring duplicate definition
Reading "ringosc_VIA3".
Reading "ringosc_VIA4".
Reading "ringosc_VIA5".
Reading "ringosc_VIA6".
Reading "ringosc_VIA7".
Reading "ringosc_VIA8".
Reading "ringosc_VIA9".
$ringosc
Processing sky130_asc_pfet_01v8_lvt_60
Processing sky130_asc_pfet_01v8_lvt_12
Processing ringosc_VIA2
Processing ringosc_VIA3
Processing ringosc_VIA4
Processing ringosc_VIA9
Processing ringosc
Extracting sky130_asc_pfet_01v8_lvt_60 into sky130_asc_pfet_01v8_lvt_60.ext:
Extracting sky130_asc_pfet_01v8_lvt_12 into sky130_asc_pfet_01v8_lvt_12.ext:
Extracting ringosc_VIA2 into ringosc_VIA2.ext:
Extracting ringosc_VIA3 into ringosc_VIA3.ext:
Extracting ringosc_VIA4 into ringosc_VIA4.ext:
Extracting ringosc_VIA9 into ringosc_VIA9.ext:
Extracting ringosc into ringosc.ext:
exttospice finished.
