
Magic 8.3 revision 315 - Compiled on Fri Jul  1 15:21:12 PDT 2022.
Starting magic under Tcl interpreter
Using the terminal as the console.
Using NULL graphics device.
Processing system .magicrc file
Sourcing design .magicrc for technology sky130A ...
2 Magic internal units = 1 Lambda
Input style sky130(vendor): scaleFactor=2, multiplier=2
The following types are not handled by extraction and will be treated as non-electrical types:
    ubm 
Scaled tech values by 2 / 1 to match internal grid scaling
Loading sky130A Device Generator Menu ...
Using technology "sky130A", version 1.0.313-0-g8acddaf
Root cell box:
           width x height  (   llx,  lly  ), (   urx,  ury  )

microns:   0.000 x 0.000   ( 0.000,  0.000), ( 0.000,  0.000)
lambda:     0.00 x 0.00    (  0.00,  0.00 ), (  0.00,  0.00 )
internal:      0 x 0       (     0,  0    ), (     0,  0    )
************************************
516 852
by is : 426
Root cell box:
           width x height  (   llx,  lly  ), (   urx,  ury  )

microns:   2.580 x -3.500  (-1.290,  0.000), ( 1.290, -3.500)
lambda:   258.00 x -350.00  (-129.00,  0.00 ), ( 129.00, -350.00)
internal:    516 x -700    (  -258,  0    ), (   258, -700  )
Root cell box:
           width x height  (   llx,  lly  ), (   urx,  ury  )  area (units^2)

microns:   2.580 x 0.600   (-1.290,  2.750), ( 1.290,  3.350)  1.548     
lambda:   258.00 x 60.00   (-129.00,  275.00), ( 129.00,  335.00)  15480.00  
internal:    516 x 120     (  -258,  550  ), (   258,  670  )  61920     
Root cell box:
           width x height  (   llx,  lly  ), (   urx,  ury  )  area (units^2)

microns:   2.580 x 0.300   (-1.290,  2.900), ( 1.290,  3.200)  0.774     
lambda:   258.00 x 30.00   (-129.00,  290.00), ( 129.00,  320.00)  7740.00   
internal:    516 x 60      (  -258,  580  ), (   258,  640  )  30960     
Root cell box:
           width x height  (   llx,  lly  ), (   urx,  ury  )  area (units^2)

microns:   0.300 x 0.300   (-0.440,  2.900), (-0.140,  3.200)  0.090     
lambda:    30.00 x 30.00   (-44.00,  290.00), (-14.00,  320.00)  900.00    
internal:     60 x 60      (   -88,  580  ), (   -28,  640  )  3600      
Root cell box:
           width x height  (   llx,  lly  ), (   urx,  ury  )  area (units^2)

microns:   0.300 x 0.300   (-1.290,  2.900), (-0.990,  3.200)  0.090     
lambda:    30.00 x 30.00   (-129.00,  290.00), (-99.00,  320.00)  900.00    
internal:     60 x 60      (  -258,  580  ), (  -198,  640  )  3600      
Moving label "VPWR" from space to metal1 in cell (UNNAMED).
Root cell box:
           width x height  (   llx,  lly  ), (   urx,  ury  )  area (units^2)

microns:   2.580 x 0.600   (-1.290, -3.950), ( 1.290, -3.350)  1.548     
lambda:   258.00 x 60.00   (-129.00, -395.00), ( 129.00, -335.00)  15480.00  
internal:    516 x 120     (  -258, -790  ), (   258, -670  )  61920     
Root cell box:
           width x height  (   llx,  lly  ), (   urx,  ury  )  area (units^2)

microns:   2.580 x 0.300   (-1.290, -3.800), ( 1.290, -3.500)  0.774     
lambda:   258.00 x 30.00   (-129.00, -380.00), ( 129.00, -350.00)  7740.00   
internal:    516 x 60      (  -258, -760  ), (   258, -700  )  30960     
Root cell box:
           width x height  (   llx,  lly  ), (   urx,  ury  )  area (units^2)

microns:   0.300 x 0.300   (-0.440, -3.800), (-0.140, -3.500)  0.090     
lambda:    30.00 x 30.00   (-44.00, -380.00), (-14.00, -350.00)  900.00    
internal:     60 x 60      (   -88, -760  ), (   -28, -700  )  3600      
Root cell box:
           width x height  (   llx,  lly  ), (   urx,  ury  )  area (units^2)

microns:   0.300 x 0.300   (-1.290, -3.800), (-0.990, -3.500)  0.090     
lambda:    30.00 x 30.00   (-129.00, -380.00), (-99.00, -350.00)  900.00    
internal:     60 x 60      (  -258, -760  ), (  -198, -700  )  3600      
Moving label "VGND" from space to metal1 in cell (UNNAMED).
Root cell box:
           width x height  (   llx,  lly  ), (   urx,  ury  )  area (units^2)

microns:   2.580 x 0.300   (-1.290,  2.300), ( 1.290,  2.600)  0.774     
lambda:   258.00 x 30.00   (-129.00,  230.00), ( 129.00,  260.00)  7740.00   
internal:    516 x 60      (  -258,  460  ), (   258,  520  )  30960     
Root cell box:
           width x height  (   llx,  lly  ), (   urx,  ury  )  area (units^2)

microns:   0.300 x 0.300   ( 0.990,  2.300), ( 1.290,  2.600)  0.090     
lambda:    30.00 x 30.00   ( 99.00,  230.00), ( 129.00,  260.00)  900.00    
internal:     60 x 60      (   198,  460  ), (   258,  520  )  3600      
Moving label "SOURCE" from space to locali in cell (UNNAMED).
Root cell box:
           width x height  (   llx,  lly  ), (   urx,  ury  )  area (units^2)

microns:   2.580 x 0.300   (-1.290, -2.600), ( 1.290, -2.300)  0.774     
lambda:   258.00 x 30.00   (-129.00, -260.00), ( 129.00, -230.00)  7740.00   
internal:    516 x 60      (  -258, -520  ), (   258, -460  )  30960     
Root cell box:
           width x height  (   llx,  lly  ), (   urx,  ury  )  area (units^2)

microns:   0.300 x 0.300   ( 0.990, -2.600), ( 1.290, -2.300)  0.090     
lambda:    30.00 x 30.00   ( 99.00, -260.00), ( 129.00, -230.00)  900.00    
internal:     60 x 60      (   198, -520  ), (   258, -460  )  3600      
Moving label "DRAIN" from space to locali in cell (UNNAMED).
Root cell box:
           width x height  (   llx,  lly  ), (   urx,  ury  )  area (units^2)

microns:   2.580 x 0.500   (-1.290, -3.180), ( 1.290, -2.680)  1.290     
lambda:   258.00 x 50.00   (-129.00, -318.00), ( 129.00, -268.00)  12900.00  
internal:    516 x 100     (  -258, -636  ), (   258, -536  )  51600     
Root cell box:
           width x height  (   llx,  lly  ), (   urx,  ury  )  area (units^2)

microns:   2.580 x 0.300   (-1.290, -3.080), ( 1.290, -2.780)  0.774     
lambda:   258.00 x 30.00   (-129.00, -308.00), ( 129.00, -278.00)  7740.00   
internal:    516 x 60      (  -258, -616  ), (   258, -556  )  30960     
Root cell box:
           width x height  (   llx,  lly  ), (   urx,  ury  )  area (units^2)

microns:   0.300 x 0.300   (-0.440, -3.080), (-0.140, -2.780)  0.090     
lambda:    30.00 x 30.00   (-44.00, -308.00), (-14.00, -278.00)  900.00    
internal:     60 x 60      (   -88, -616  ), (   -28, -556  )  3600      
Root cell box:
           width x height  (   llx,  lly  ), (   urx,  ury  )  area (units^2)

microns:   0.300 x 0.300   ( 0.990, -3.080), ( 1.290, -2.780)  0.090     
lambda:    30.00 x 30.00   ( 99.00, -308.00), ( 129.00, -278.00)  900.00    
internal:     60 x 60      (   198, -616  ), (   258, -556  )  3600      
Moving label "GATE" from space to locali in cell (UNNAMED).
Root cell box:
           width x height  (   llx,  lly  ), (   urx,  ury  )  area (units^2)

microns:   0.600 x 1.000   (-0.260, -2.830), ( 0.340, -1.830)  0.600     
lambda:    60.00 x 100.00  (-26.00, -283.00), ( 34.00, -183.00)  6000.00   
internal:    120 x 200     (   -52, -566  ), (    68, -366  )  24000     
Root cell box:
           width x height  (   llx,  lly  ), (   urx,  ury  )  area (units^2)

microns:   0.170 x 0.720   ( 1.055,  1.730), ( 1.225,  2.450)  0.122     
lambda:    17.00 x 72.00   ( 105.50,  173.00), ( 122.50,  245.00)  1224.00   
internal:     34 x 144     (   211,  346  ), (   245,  490  )  4896      
Root cell box:
           width x height  (   llx,  lly  ), (   urx,  ury  )

microns:   0.170 x -0.720  (-1.235, -1.730), (-1.065, -2.450)
lambda:    17.00 x -72.00  (-123.50, -173.00), (-106.50, -245.00)
internal:     34 x -144    (  -247, -346  ), (  -213, -490  )
Root cell box:
           width x height  (   llx,  lly  ), (   urx,  ury  )  area (units^2)

microns:  20.000 x 20.000  (-10.000, -10.000), ( 10.000,  10.000)  400.000   
lambda:   2000.00 x 2000.00  (-1000.00, -1000.00), ( 1000.00,  1000.00)  4000000.00
internal:   4000 x 4000    ( -2000, -2000 ), (  2000,  2000 )  16000000  
Now the origin is:
Root cell box:
           width x height  (   llx,  lly  ), (   urx,  ury  )  area (units^2)

microns:   2.580 x 7.300   ( 0.600, -0.300), ( 3.180,  7.000)  18.834    
lambda:   258.00 x 730.00  ( 60.00, -30.00), ( 318.00,  700.00)  188340.00 
internal:    516 x 1460    (   120, -60   ), (   636,  1400 )  753360    
Generating LEF output sky130_asc_nfet_01v8_lvt_1.lef for cell sky130_asc_nfet_01v8_lvt_1:
Diagnostic:  Write LEF header for cell sky130_asc_nfet_01v8_lvt_1
Diagnostic:  Writing LEF output for cell sky130_asc_nfet_01v8_lvt_1
Diagnostic:  Scale value is 0.005000
   Generating output for cell sky130_asc_nfet_01v8_lvt_1
Extracting sky130_asc_nfet_01v8_lvt_1 into sky130_asc_nfet_01v8_lvt_1.ext:
exttospice finished.
