
Cell sky130_asc_nfet_01v8_lvt_1 disconnected node: GATE
Cell sky130_asc_nfet_01v8_lvt_1 disconnected node: SOURCE
Cell sky130_asc_nfet_01v8_lvt_1 disconnected node: DRAIN
Cell sky130_asc_nfet_01v8_lvt_1 disconnected node: VPWR
Cell sky130_asc_nfet_01v8_lvt_1 disconnected node: VGND
Warning: Equate pins:  cell sky130_asc_nfet_01v8_lvt_1 has no definition, treated as a black box.

Subcircuit pins:
Circuit 1: sky130_asc_nfet_01v8_lvt_1      |Circuit 2: sky130_asc_nfet_01v8_lvt_1      
-------------------------------------------|-------------------------------------------
GATE                                       |GATE                                       
SOURCE                                     |SOURCE                                     
DRAIN                                      |DRAIN                                      
VPWR                                       |VPWR                                       
VGND                                       |VGND                                       
---------------------------------------------------------------------------------------
Cell pin lists are equivalent.
Device classes sky130_asc_nfet_01v8_lvt_1 and sky130_asc_nfet_01v8_lvt_1 are equivalent.

Cell sky130_asc_pfet_01v8_lvt_1 disconnected node: GATE
Cell sky130_asc_pfet_01v8_lvt_1 disconnected node: SOURCE
Cell sky130_asc_pfet_01v8_lvt_1 disconnected node: DRAIN
Cell sky130_asc_pfet_01v8_lvt_1 disconnected node: VPWR
Cell sky130_asc_pfet_01v8_lvt_1 disconnected node: VGND
Warning: Equate pins:  cell sky130_asc_pfet_01v8_lvt_1 has no definition, treated as a black box.

Subcircuit pins:
Circuit 1: sky130_asc_pfet_01v8_lvt_1      |Circuit 2: sky130_asc_pfet_01v8_lvt_1      
-------------------------------------------|-------------------------------------------
GATE                                       |GATE                                       
SOURCE                                     |SOURCE                                     
DRAIN                                      |DRAIN                                      
VPWR                                       |VPWR                                       
VGND                                       |VGND                                       
---------------------------------------------------------------------------------------
Cell pin lists are equivalent.
Device classes sky130_asc_pfet_01v8_lvt_1 and sky130_asc_pfet_01v8_lvt_1 are equivalent.

Subcircuit summary:
Circuit 1: ringosc                         |Circuit 2: ringosc                         
-------------------------------------------|-------------------------------------------
sky130_asc_nfet_01v8_lvt_1 (5)             |sky130_asc_nfet_01v8_lvt_1 (5)             
sky130_asc_pfet_01v8_lvt_1 (5)             |sky130_asc_pfet_01v8_lvt_1 (5)             
Number of devices: 10                      |Number of devices: 10                      
Number of nets: 7                          |Number of nets: 7                          
---------------------------------------------------------------------------------------
Resolving automorphisms by property value.
Resolving automorphisms by pin name.
Netlists match with 3 symmetries.
Circuits match correctly.

Subcircuit pins:
Circuit 1: ringosc                         |Circuit 2: ringosc                         
-------------------------------------------|-------------------------------------------
VDD                                        |VDD                                        
VSS                                        |VSS                                        
---------------------------------------------------------------------------------------
Cell pin lists are equivalent.
Device classes ringosc and ringosc are equivalent.
Circuits match uniquely.
