Netgen 1.5.188 compiled on Wed Jun 16 14:20:53 PDT 2021
Warning: netgen command 'format' use fully-qualified name '::netgen::format'
Warning: netgen command 'global' use fully-qualified name '::netgen::global'
Reading netlist file inputs/design_extracted.spice
Call to undefined subcircuit sky130_fd_pr__pfet_01v8_lvt
Creating placeholder cell definition.
Reading netlist file inputs/design.lvs.v
Warning:  A case-insensitive file has been read and so the	verilog file must be treated case-insensitive to match.
Creating placeholder cell definition for module sky130_asc_pfet_01v8_lvt_12.
Creating placeholder cell definition for module sky130_asc_pfet_01v8_lvt_60.
Reading setup file inputs/adk/netgen_setup.tcl
Model sky130_fd_pr__pfet_01v8_lvt pin 1 == 3
No property mult found for device sky130_fd_pr__pfet_01v8_lvt
No property sa found for device sky130_fd_pr__pfet_01v8_lvt
No property sb found for device sky130_fd_pr__pfet_01v8_lvt
No property sd found for device sky130_fd_pr__pfet_01v8_lvt
No property nf found for device sky130_fd_pr__pfet_01v8_lvt
No property nrd found for device sky130_fd_pr__pfet_01v8_lvt
No property nrs found for device sky130_fd_pr__pfet_01v8_lvt
No property area found for device sky130_fd_pr__pfet_01v8_lvt
No property perim found for device sky130_fd_pr__pfet_01v8_lvt
No property topography found for device sky130_fd_pr__pfet_01v8_lvt
Model sky130_fd_pr__pfet_01v8_lvt pin 1 == 3
No property as found for device sky130_fd_pr__pfet_01v8_lvt
No property ad found for device sky130_fd_pr__pfet_01v8_lvt
No property ps found for device sky130_fd_pr__pfet_01v8_lvt
No property pd found for device sky130_fd_pr__pfet_01v8_lvt
No property mult found for device sky130_fd_pr__pfet_01v8_lvt
No property sa found for device sky130_fd_pr__pfet_01v8_lvt
No property sb found for device sky130_fd_pr__pfet_01v8_lvt
No property sd found for device sky130_fd_pr__pfet_01v8_lvt
No property nf found for device sky130_fd_pr__pfet_01v8_lvt
No property nrd found for device sky130_fd_pr__pfet_01v8_lvt
No property nrs found for device sky130_fd_pr__pfet_01v8_lvt
No property area found for device sky130_fd_pr__pfet_01v8_lvt
No property perim found for device sky130_fd_pr__pfet_01v8_lvt
No property topography found for device sky130_fd_pr__pfet_01v8_lvt
Comparison output logged to file outputs/lvs_results.log
Logging to file "outputs/lvs_results.log" enabled
Contents of circuit 1:  Circuit: 'sky130_asc_pfet_01v8_lvt_60'
Circuit sky130_asc_pfet_01v8_lvt_60 contains 60 device instances.
  Class: sky130_fd_pr__pfet_01v8_lvt instances:  60
Circuit contains 4 nets, and 1 disconnected pin.
Contents of circuit 2:  Circuit: 'sky130_asc_pfet_01v8_lvt_60'
Circuit sky130_asc_pfet_01v8_lvt_60 contains 0 device instances.
Circuit contains 0 nets.

Circuit sky130_asc_pfet_01v8_lvt_60 contains no devices.
Contents of circuit 1:  Circuit: 'sky130_asc_pfet_01v8_lvt_12'
Circuit sky130_asc_pfet_01v8_lvt_12 contains 12 device instances.
  Class: sky130_fd_pr__pfet_01v8_lvt instances:  12
Circuit contains 4 nets, and 1 disconnected pin.
Contents of circuit 2:  Circuit: 'sky130_asc_pfet_01v8_lvt_12'
Circuit sky130_asc_pfet_01v8_lvt_12 contains 0 device instances.
Circuit contains 0 nets.

Circuit sky130_asc_pfet_01v8_lvt_12 contains no devices.
Contents of circuit 1:  Circuit: 'ringosc'
Circuit ringosc contains 4 device instances.
  Class: sky130_asc_pfet_01v8_lvt_60 instances:   3
  Class: sky130_asc_pfet_01v8_lvt_12 instances:   1
Circuit contains 6 nets, and 4 disconnected pins.
Contents of circuit 2:  Circuit: 'ringosc'
Circuit ringosc contains 4 device instances.
  Class: sky130_asc_pfet_01v8_lvt_60 instances:   3
  Class: sky130_asc_pfet_01v8_lvt_12 instances:   1
Circuit contains 6 nets.

Circuit 1 contains 4 devices, Circuit 2 contains 4 devices.
Circuit 1 contains 6 nets,    Circuit 2 contains 6 nets.

Circuits match with 2 symmetries.
Resolving automorphisms by property value.
Resolving automorphisms by pin name.
Netlists match with 2 symmetries.
Circuits match correctly.
Result: The top level cell failed pin matching.

Logging to file "outputs/lvs_results.log" disabled
LVS Done.
