###############################################################
#  Generated by:      Cadence Innovus 20.13-s083_1
#  OS:                Linux x86_64(Host ID rice-503-20-north)
#  Generated on:      Tue May  3 17:13:27 2022
#  Design:            ringosc
#  Command:           verifyConnectivity -noAntenna
###############################################################
Verify Connectivity Report is created on Tue May  3 17:13:27 2022




Multi-CPU acceleration using 16 CPU


Use pthread

Net VDD, Pin Pin: pfet1/VPB; Direction: INPUT; Use: POWER;: has an unconnected terminal at (54.950, 30.025) (57.890, 38.260)
Net VDD, Pin Pin: pfet2/VPB; Direction: INPUT; Use: POWER;: has an unconnected terminal at (43.190, 30.025) (46.130, 38.260)
Net VDD, Pin Pin: pfet3/VPB; Direction: INPUT; Use: POWER;: has an unconnected terminal at (39.270, 30.025) (42.210, 38.260)
Net VDD, Pin Pin: pfet4/VPB; Direction: INPUT; Use: POWER;: has an unconnected terminal at (70.630, 30.025) (73.570, 38.260)
Net VDD, Pin Pin: pfet5/VPB; Direction: INPUT; Use: POWER;: has an unconnected terminal at (66.710, 30.025) (69.650, 38.260)
Net VSS, Pin Pin: nfet1/VNB; Direction: INPUT; Use: GROUND;: has an unconnected terminal at (51.030, 28.710) (53.610, 33.560)
Net VSS, Pin Pin: nfet2/VNB; Direction: INPUT; Use: GROUND;: has an unconnected terminal at (47.110, 28.710) (49.690, 33.560)
Net VSS, Pin Pin: nfet3/VNB; Direction: INPUT; Use: GROUND;: has an unconnected terminal at (35.350, 28.710) (37.930, 33.560)
Net VSS, Pin Pin: nfet4/VNB; Direction: INPUT; Use: GROUND;: has an unconnected terminal at (58.870, 28.710) (61.450, 33.560)
Net VSS, Pin Pin: nfet5/VNB; Direction: INPUT; Use: GROUND;: has an unconnected terminal at (62.790, 28.710) (65.370, 33.560)
Net VDD: has special routes with opens at (0.000, 0.000) (103.960, 76.160)
Net VSS: has special routes with opens at (0.000, 0.000) (103.960, 76.160)

Begin Summary
    10 Problem(s) (IMPVFC-96): Terminal(s) are not connected.
    2 Problem(s) (IMPVFC-200): Special Wires: Pieces of the net are not connected together.
    12 total info(s) created.
End Summary
