Netgen 1.5.188 compiled on Wed Jun 16 14:20:53 PDT 2021
Warning: netgen command 'format' use fully-qualified name '::netgen::format'
Warning: netgen command 'global' use fully-qualified name '::netgen::global'
Reading netlist file inputs/design_extracted.spice
Reading netlist file inputs/design.lvs.v
Warning:  A case-insensitive file has been read and so the	verilog file must be treated case-insensitive to match.
Creating placeholder cell definition for module sky130_asc_pfet_01v8_lvt_6.
Creating placeholder cell definition for module sky130_asc_nfet_01v8_lvt_1.
Creating placeholder cell definition for module sky130_asc_pfet_01v8_lvt_12.
Creating placeholder cell definition for module sky130_asc_res_xhigh_po_2p85_1.
Creating placeholder cell definition for module sky130_asc_res_xhigh_po_2p85_2.
Creating placeholder cell definition for module sky130_asc_pnp_05v5_W3p40L3p40_1.
Creating placeholder cell definition for module sky130_asc_pnp_05v5_W3p40L3p40_8.
Creating placeholder cell definition for module sky130_asc_pfet_01v8_lvt_60.
Reading setup file inputs/adk/netgen_setup.tcl
Comparison output logged to file outputs/lvs_results.log
Logging to file "outputs/lvs_results.log" enabled
Contents of circuit 1:  Circuit: 'sky130_asc_pfet_01v8_lvt_6'
Circuit sky130_asc_pfet_01v8_lvt_6 contains 0 device instances.
Circuit contains 0 nets, and 5 disconnected pins.
Contents of circuit 2:  Circuit: 'sky130_asc_pfet_01v8_lvt_6'
Circuit sky130_asc_pfet_01v8_lvt_6 contains 0 device instances.
Circuit contains 0 nets.

Circuit sky130_asc_pfet_01v8_lvt_6 contains no devices.
Contents of circuit 1:  Circuit: 'sky130_asc_nfet_01v8_lvt_1'
Circuit sky130_asc_nfet_01v8_lvt_1 contains 0 device instances.
Circuit contains 0 nets, and 5 disconnected pins.
Contents of circuit 2:  Circuit: 'sky130_asc_nfet_01v8_lvt_1'
Circuit sky130_asc_nfet_01v8_lvt_1 contains 0 device instances.
Circuit contains 0 nets.

Circuit sky130_asc_nfet_01v8_lvt_1 contains no devices.
Contents of circuit 1:  Circuit: 'sky130_asc_res_xhigh_po_2p85_1'
Circuit sky130_asc_res_xhigh_po_2p85_1 contains 0 device instances.
Circuit contains 0 nets, and 4 disconnected pins.
Contents of circuit 2:  Circuit: 'sky130_asc_res_xhigh_po_2p85_1'
Circuit sky130_asc_res_xhigh_po_2p85_1 contains 0 device instances.
Circuit contains 0 nets.

Circuit sky130_asc_res_xhigh_po_2p85_1 contains no devices.
Contents of circuit 1:  Circuit: 'sky130_asc_pfet_01v8_lvt_12'
Circuit sky130_asc_pfet_01v8_lvt_12 contains 0 device instances.
Circuit contains 0 nets, and 5 disconnected pins.
Contents of circuit 2:  Circuit: 'sky130_asc_pfet_01v8_lvt_12'
Circuit sky130_asc_pfet_01v8_lvt_12 contains 0 device instances.
Circuit contains 0 nets.

Circuit sky130_asc_pfet_01v8_lvt_12 contains no devices.
Contents of circuit 1:  Circuit: 'sky130_asc_pfet_01v8_lvt_60'
Circuit sky130_asc_pfet_01v8_lvt_60 contains 0 device instances.
Circuit contains 0 nets, and 5 disconnected pins.
Contents of circuit 2:  Circuit: 'sky130_asc_pfet_01v8_lvt_60'
Circuit sky130_asc_pfet_01v8_lvt_60 contains 0 device instances.
Circuit contains 0 nets.

Circuit sky130_asc_pfet_01v8_lvt_60 contains no devices.
Contents of circuit 1:  Circuit: 'sky130_asc_pnp_05v5_W3p40L3p40_1'
Circuit sky130_asc_pnp_05v5_W3p40L3p40_1 contains 0 device instances.
Circuit contains 0 nets, and 5 disconnected pins.
Contents of circuit 2:  Circuit: 'sky130_asc_pnp_05v5_W3p40L3p40_1'
Circuit sky130_asc_pnp_05v5_W3p40L3p40_1 contains 0 device instances.
Circuit contains 0 nets.

Circuit sky130_asc_pnp_05v5_W3p40L3p40_1 contains no devices.
Contents of circuit 1:  Circuit: 'sky130_asc_res_xhigh_po_2p85_2'
Circuit sky130_asc_res_xhigh_po_2p85_2 contains 0 device instances.
Circuit contains 0 nets, and 4 disconnected pins.
Contents of circuit 2:  Circuit: 'sky130_asc_res_xhigh_po_2p85_2'
Circuit sky130_asc_res_xhigh_po_2p85_2 contains 0 device instances.
Circuit contains 0 nets.

Circuit sky130_asc_res_xhigh_po_2p85_2 contains no devices.
Contents of circuit 1:  Circuit: 'sky130_asc_pnp_05v5_W3p40L3p40_8'
Circuit sky130_asc_pnp_05v5_W3p40L3p40_8 contains 0 device instances.
Circuit contains 0 nets, and 5 disconnected pins.
Contents of circuit 2:  Circuit: 'sky130_asc_pnp_05v5_W3p40L3p40_8'
Circuit sky130_asc_pnp_05v5_W3p40L3p40_8 contains 0 device instances.
Circuit contains 0 nets.

Circuit sky130_asc_pnp_05v5_W3p40L3p40_8 contains no devices.
Contents of circuit 1:  Circuit: 'bgr_top'
Circuit bgr_top contains 30 device instances.
  Class: sky130_asc_res_xhigh_po_2p85_1 instances:  13
  Class: sky130_asc_res_xhigh_po_2p85_2 instances:   2
  Class: sky130_asc_nfet_01v8_lvt_1 instances:   2
  Class: sky130_asc_pfet_01v8_lvt_6 instances:   2
  Class: sky130_asc_pnp_05v5_W3p40L3p40_1 instances:   1
  Class: sky130_asc_pnp_05v5_W3p40L3p40_8 instances:   5
  Class: sky130_asc_pfet_01v8_lvt_60 instances:   3
  Class: sky130_asc_pfet_01v8_lvt_12 instances:   2
Circuit contains 25 nets, and 1 disconnected pin.
Contents of circuit 2:  Circuit: 'bgr_top'
Circuit bgr_top contains 30 device instances.
  Class: sky130_asc_res_xhigh_po_2p85_1 instances:  13
  Class: sky130_asc_res_xhigh_po_2p85_2 instances:   2
  Class: sky130_asc_nfet_01v8_lvt_1 instances:   2
  Class: sky130_asc_pfet_01v8_lvt_6 instances:   2
  Class: sky130_asc_pnp_05v5_W3p40L3p40_1 instances:   1
  Class: sky130_asc_pnp_05v5_W3p40L3p40_8 instances:   5
  Class: sky130_asc_pfet_01v8_lvt_60 instances:   3
  Class: sky130_asc_pfet_01v8_lvt_12 instances:   2
Circuit contains 25 nets, and 1 disconnected pin.

Circuit 1 contains 30 devices, Circuit 2 contains 30 devices.
Circuit 1 contains 25 nets,    Circuit 2 contains 25 nets.

Circuits match with 1 symmetry.
Resolving automorphisms by property value.
Resolving automorphisms by pin name.
Netlists match with 1 symmetry.
Circuits match correctly.
Result: Circuits match uniquely.
Logging to file "outputs/lvs_results.log" disabled
LVS Done.
