Warning: Equate pins:  cell sky130_fd_pr__res_xhigh_po has no definition, treated as a black box.
Warning: Equate pins:  cell sky130_fd_pr__res_xhigh_po has no definition, treated as a black box.

Subcircuit pins:
Circuit 1: sky130_fd_pr__res_xhigh_po      |Circuit 2: sky130_fd_pr__res_xhigh_po      
-------------------------------------------|-------------------------------------------
1                                          |1                                          
2                                          |2                                          
3                                          |3                                          
---------------------------------------------------------------------------------------
Cell pin lists are equivalent.
Device classes sky130_fd_pr__res_xhigh_po and sky130_fd_pr__res_xhigh_po are equivalent.
Warning: Equate pins:  cell sky130_fd_pr__pfet_01v8_lvt has no definition, treated as a black box.
Warning: Equate pins:  cell sky130_fd_pr__pfet_01v8_lvt has no definition, treated as a black box.

Subcircuit pins:
Circuit 1: sky130_fd_pr__pfet_01v8_lvt     |Circuit 2: sky130_fd_pr__pfet_01v8_lvt     
-------------------------------------------|-------------------------------------------
1                                          |1                                          
2                                          |2                                          
3                                          |3                                          
4                                          |4                                          
---------------------------------------------------------------------------------------
Cell pin lists are equivalent.
Device classes sky130_fd_pr__pfet_01v8_lvt and sky130_fd_pr__pfet_01v8_lvt are equivalent.
Warning: Equate pins:  cell sky130_fd_pr__pnp_05v5_W3p40L3p40 has no definition, treated as a black box.
Warning: Equate pins:  cell sky130_fd_pr__pnp_05v5_W3p40L3p40 has no definition, treated as a black box.

Subcircuit pins:
Circuit 1: sky130_fd_pr__pnp_05v5_W3p40L3p |Circuit 2: sky130_fd_pr__pnp_05v5_W3p40L3p 
-------------------------------------------|-------------------------------------------
1                                          |1                                          
2                                          |2                                          
3                                          |3                                          
---------------------------------------------------------------------------------------
Cell pin lists are equivalent.
Device classes sky130_fd_pr__pnp_05v5_W3p40L3p40 and sky130_fd_pr__pnp_05v5_W3p40L3p40 are equivalent.
Warning: Equate pins:  cell sky130_fd_pr__nfet_01v8_lvt has no definition, treated as a black box.
Warning: Equate pins:  cell sky130_fd_pr__nfet_01v8_lvt has no definition, treated as a black box.

Subcircuit pins:
Circuit 1: sky130_fd_pr__nfet_01v8_lvt     |Circuit 2: sky130_fd_pr__nfet_01v8_lvt     
-------------------------------------------|-------------------------------------------
1                                          |1                                          
2                                          |2                                          
3                                          |3                                          
4                                          |4                                          
---------------------------------------------------------------------------------------
Cell pin lists are equivalent.
Device classes sky130_fd_pr__nfet_01v8_lvt and sky130_fd_pr__nfet_01v8_lvt are equivalent.
Warning: Equate pins:  cell sky130_fd_pr__cap_mim_m3_1 has no definition, treated as a black box.
Warning: Equate pins:  cell sky130_fd_pr__cap_mim_m3_1 has no definition, treated as a black box.

Subcircuit pins:
Circuit 1: sky130_fd_pr__cap_mim_m3_1      |Circuit 2: sky130_fd_pr__cap_mim_m3_1      
-------------------------------------------|-------------------------------------------
1                                          |1                                          
2                                          |2                                          
---------------------------------------------------------------------------------------
Cell pin lists are equivalent.
Device classes sky130_fd_pr__cap_mim_m3_1 and sky130_fd_pr__cap_mim_m3_1 are equivalent.

Cell sky130_asc_res_xhigh_po_2p85_1 disconnected node: VPWR

Cell sky130_asc_res_xhigh_po_2p85_1 disconnected node: VPWR

Cell sky130_asc_res_xhigh_po_2p85_1 disconnected node: VPWR

Cell sky130_asc_res_xhigh_po_2p85_1 disconnected node: VPWR

Subcircuit summary:
Circuit 1: sky130_asc_res_xhigh_po_2p85_1  |Circuit 2: sky130_asc_res_xhigh_po_2p85_1  
-------------------------------------------|-------------------------------------------
sky130_fd_pr__res_xhigh_po (1)             |sky130_fd_pr__res_xhigh_po (1)             
Number of devices: 1                       |Number of devices: 1                       
Number of nets: 3                          |Number of nets: 3                          
---------------------------------------------------------------------------------------
Resolving automorphisms by property value.
Resolving automorphisms by pin name.
Netlists match uniquely.
Circuits match correctly.

Subcircuit pins:
Circuit 1: sky130_asc_res_xhigh_po_2p85_1  |Circuit 2: sky130_asc_res_xhigh_po_2p85_1  
-------------------------------------------|-------------------------------------------
VGND                                       |VGND                                       
Rout                                       |Rout                                       
Rin                                        |Rin                                        
(no matching pin)                          |VPWR                                       
---------------------------------------------------------------------------------------
Cell pin lists are equivalent.
Device classes sky130_asc_res_xhigh_po_2p85_1 and sky130_asc_res_xhigh_po_2p85_1 are equivalent.

Cell sky130_asc_pfet_01v8_lvt_60 disconnected node: VGND

Cell sky130_asc_pfet_01v8_lvt_60 disconnected node: VGND
Class sky130_asc_pfet_01v8_lvt_60:  Merged 59 devices.
Class sky130_asc_pfet_01v8_lvt_60:  Merged 59 devices.

Cell sky130_asc_pfet_01v8_lvt_60 disconnected node: VGND

Cell sky130_asc_pfet_01v8_lvt_60 disconnected node: VGND

Subcircuit summary:
Circuit 1: sky130_asc_pfet_01v8_lvt_60     |Circuit 2: sky130_asc_pfet_01v8_lvt_60     
-------------------------------------------|-------------------------------------------
sky130_fd_pr__pfet_01v8_lvt (1)            |sky130_fd_pr__pfet_01v8_lvt (1)            
Number of devices: 1                       |Number of devices: 1                       
Number of nets: 4                          |Number of nets: 4                          
---------------------------------------------------------------------------------------
Resolving automorphisms by property value.
Resolving automorphisms by pin name.
Netlists match uniquely.
Circuits match correctly.

Subcircuit pins:
Circuit 1: sky130_asc_pfet_01v8_lvt_60     |Circuit 2: sky130_asc_pfet_01v8_lvt_60     
-------------------------------------------|-------------------------------------------
GATE                                       |GATE                                       
DRAIN                                      |DRAIN                                      
SOURCE                                     |SOURCE                                     
VPWR                                       |VPWR                                       
(no matching pin)                          |VGND                                       
---------------------------------------------------------------------------------------
Cell pin lists are equivalent.
Device classes sky130_asc_pfet_01v8_lvt_60 and sky130_asc_pfet_01v8_lvt_60 are equivalent.

Cell sky130_asc_pnp_05v5_W3p40L3p40_7 disconnected node: VPWR
Cell sky130_asc_pnp_05v5_W3p40L3p40_7 disconnected node: VGND

Cell sky130_asc_pnp_05v5_W3p40L3p40_7 disconnected node: VPWR
Cell sky130_asc_pnp_05v5_W3p40L3p40_7 disconnected node: VGND

Subcircuit summary:
Circuit 1: sky130_asc_pnp_05v5_W3p40L3p40_ |Circuit 2: sky130_asc_pnp_05v5_W3p40L3p40_ 
-------------------------------------------|-------------------------------------------
sky130_fd_pr__pnp_05v5_W3p40L3p40 (7)      |sky130_fd_pr__pnp_05v5_W3p40L3p40 (7)      
Number of devices: 7                       |Number of devices: 7                       
Number of nets: 3                          |Number of nets: 3                          
---------------------------------------------------------------------------------------
Resolving automorphisms by property value.
Resolving automorphisms by pin name.
Netlists match with 1 symmetry.
Circuits match correctly.

Subcircuit pins:
Circuit 1: sky130_asc_pnp_05v5_W3p40L3p40_ |Circuit 2: sky130_asc_pnp_05v5_W3p40L3p40_ 
-------------------------------------------|-------------------------------------------
Collector                                  |Collector                                  
Base                                       |Base                                       
Emitter                                    |Emitter                                    
(no matching pin)                          |VPWR                                       
(no matching pin)                          |VGND                                       
---------------------------------------------------------------------------------------
Cell pin lists are equivalent.
Device classes sky130_asc_pnp_05v5_W3p40L3p40_7 and sky130_asc_pnp_05v5_W3p40L3p40_7 are equivalent.

Cell sky130_asc_res_xhigh_po_2p85_2 disconnected node: VPWR

Cell sky130_asc_res_xhigh_po_2p85_2 disconnected node: VPWR

Cell sky130_asc_res_xhigh_po_2p85_2 disconnected node: VPWR

Cell sky130_asc_res_xhigh_po_2p85_2 disconnected node: VPWR

Subcircuit summary:
Circuit 1: sky130_asc_res_xhigh_po_2p85_2  |Circuit 2: sky130_asc_res_xhigh_po_2p85_2  
-------------------------------------------|-------------------------------------------
sky130_fd_pr__res_xhigh_po (1)             |sky130_fd_pr__res_xhigh_po (1)             
Number of devices: 1                       |Number of devices: 1                       
Number of nets: 3                          |Number of nets: 3                          
---------------------------------------------------------------------------------------
Resolving automorphisms by property value.
Resolving automorphisms by pin name.
Netlists match uniquely.
Circuits match correctly.

Subcircuit pins:
Circuit 1: sky130_asc_res_xhigh_po_2p85_2  |Circuit 2: sky130_asc_res_xhigh_po_2p85_2  
-------------------------------------------|-------------------------------------------
VGND                                       |VGND                                       
Rin                                        |Rin                                        
Rout                                       |Rout                                       
(no matching pin)                          |VPWR                                       
---------------------------------------------------------------------------------------
Cell pin lists are equivalent.
Device classes sky130_asc_res_xhigh_po_2p85_2 and sky130_asc_res_xhigh_po_2p85_2 are equivalent.

Cell sky130_asc_pfet_01v8_lvt_12 disconnected node: VGND

Cell sky130_asc_pfet_01v8_lvt_12 disconnected node: VGND
Class sky130_asc_pfet_01v8_lvt_12:  Merged 11 devices.
Class sky130_asc_pfet_01v8_lvt_12:  Merged 11 devices.

Cell sky130_asc_pfet_01v8_lvt_12 disconnected node: VGND

Cell sky130_asc_pfet_01v8_lvt_12 disconnected node: VGND

Subcircuit summary:
Circuit 1: sky130_asc_pfet_01v8_lvt_12     |Circuit 2: sky130_asc_pfet_01v8_lvt_12     
-------------------------------------------|-------------------------------------------
sky130_fd_pr__pfet_01v8_lvt (1)            |sky130_fd_pr__pfet_01v8_lvt (1)            
Number of devices: 1                       |Number of devices: 1                       
Number of nets: 4                          |Number of nets: 4                          
---------------------------------------------------------------------------------------
Resolving automorphisms by property value.
Resolving automorphisms by pin name.
Netlists match uniquely.
Circuits match correctly.

Subcircuit pins:
Circuit 1: sky130_asc_pfet_01v8_lvt_12     |Circuit 2: sky130_asc_pfet_01v8_lvt_12     
-------------------------------------------|-------------------------------------------
GATE                                       |GATE                                       
DRAIN                                      |DRAIN                                      
SOURCE                                     |SOURCE                                     
VPWR                                       |VPWR                                       
(no matching pin)                          |VGND                                       
---------------------------------------------------------------------------------------
Cell pin lists are equivalent.
Device classes sky130_asc_pfet_01v8_lvt_12 and sky130_asc_pfet_01v8_lvt_12 are equivalent.

Cell sky130_asc_nfet_01v8_lvt_9 disconnected node: VPWR

Cell sky130_asc_nfet_01v8_lvt_9 disconnected node: VPWR
Class sky130_asc_nfet_01v8_lvt_9:  Merged 8 devices.
Class sky130_asc_nfet_01v8_lvt_9:  Merged 8 devices.

Cell sky130_asc_nfet_01v8_lvt_9 disconnected node: VPWR

Cell sky130_asc_nfet_01v8_lvt_9 disconnected node: VPWR

Subcircuit summary:
Circuit 1: sky130_asc_nfet_01v8_lvt_9      |Circuit 2: sky130_asc_nfet_01v8_lvt_9      
-------------------------------------------|-------------------------------------------
sky130_fd_pr__nfet_01v8_lvt (1)            |sky130_fd_pr__nfet_01v8_lvt (1)            
Number of devices: 1                       |Number of devices: 1                       
Number of nets: 4                          |Number of nets: 4                          
---------------------------------------------------------------------------------------
Resolving automorphisms by property value.
Resolving automorphisms by pin name.
Netlists match uniquely.
Circuits match correctly.

Subcircuit pins:
Circuit 1: sky130_asc_nfet_01v8_lvt_9      |Circuit 2: sky130_asc_nfet_01v8_lvt_9      
-------------------------------------------|-------------------------------------------
GATE                                       |GATE                                       
DRAIN                                      |DRAIN                                      
SOURCE                                     |SOURCE                                     
VGND                                       |VGND                                       
(no matching pin)                          |VPWR                                       
---------------------------------------------------------------------------------------
Cell pin lists are equivalent.
Device classes sky130_asc_nfet_01v8_lvt_9 and sky130_asc_nfet_01v8_lvt_9 are equivalent.

Cell sky130_asc_pfet_01v8_lvt_6 disconnected node: VGND

Cell sky130_asc_pfet_01v8_lvt_6 disconnected node: VGND
Class sky130_asc_pfet_01v8_lvt_6:  Merged 5 devices.
Class sky130_asc_pfet_01v8_lvt_6:  Merged 5 devices.

Cell sky130_asc_pfet_01v8_lvt_6 disconnected node: VGND

Cell sky130_asc_pfet_01v8_lvt_6 disconnected node: VGND

Subcircuit summary:
Circuit 1: sky130_asc_pfet_01v8_lvt_6      |Circuit 2: sky130_asc_pfet_01v8_lvt_6      
-------------------------------------------|-------------------------------------------
sky130_fd_pr__pfet_01v8_lvt (1)            |sky130_fd_pr__pfet_01v8_lvt (1)            
Number of devices: 1                       |Number of devices: 1                       
Number of nets: 4                          |Number of nets: 4                          
---------------------------------------------------------------------------------------
Resolving automorphisms by property value.
Resolving automorphisms by pin name.
Netlists match uniquely.
Circuits match correctly.

Subcircuit pins:
Circuit 1: sky130_asc_pfet_01v8_lvt_6      |Circuit 2: sky130_asc_pfet_01v8_lvt_6      
-------------------------------------------|-------------------------------------------
GATE                                       |GATE                                       
DRAIN                                      |DRAIN                                      
SOURCE                                     |SOURCE                                     
VPWR                                       |VPWR                                       
(no matching pin)                          |VGND                                       
---------------------------------------------------------------------------------------
Cell pin lists are equivalent.
Device classes sky130_asc_pfet_01v8_lvt_6 and sky130_asc_pfet_01v8_lvt_6 are equivalent.

Cell sky130_asc_pnp_05v5_W3p40L3p40_1 disconnected node: VPWR
Cell sky130_asc_pnp_05v5_W3p40L3p40_1 disconnected node: VGND

Cell sky130_asc_pnp_05v5_W3p40L3p40_1 disconnected node: VPWR
Cell sky130_asc_pnp_05v5_W3p40L3p40_1 disconnected node: VGND

Subcircuit summary:
Circuit 1: sky130_asc_pnp_05v5_W3p40L3p40_ |Circuit 2: sky130_asc_pnp_05v5_W3p40L3p40_ 
-------------------------------------------|-------------------------------------------
sky130_fd_pr__pnp_05v5_W3p40L3p40 (1)      |sky130_fd_pr__pnp_05v5_W3p40L3p40 (1)      
Number of devices: 1                       |Number of devices: 1                       
Number of nets: 3                          |Number of nets: 3                          
---------------------------------------------------------------------------------------
Circuits match uniquely.
Netlists match uniquely.

Subcircuit pins:
Circuit 1: sky130_asc_pnp_05v5_W3p40L3p40_ |Circuit 2: sky130_asc_pnp_05v5_W3p40L3p40_ 
-------------------------------------------|-------------------------------------------
Collector                                  |Collector                                  
Base                                       |Base                                       
Emitter                                    |Emitter                                    
(no matching pin)                          |VPWR                                       
(no matching pin)                          |VGND                                       
---------------------------------------------------------------------------------------
Cell pin lists are equivalent.
Device classes sky130_asc_pnp_05v5_W3p40L3p40_1 and sky130_asc_pnp_05v5_W3p40L3p40_1 are equivalent.

Cell sky130_asc_cap_mim_m3_1 disconnected node: VPWR
Cell sky130_asc_cap_mim_m3_1 disconnected node: VGND

Cell sky130_asc_cap_mim_m3_1 disconnected node: VPWR
Cell sky130_asc_cap_mim_m3_1 disconnected node: VGND
Class sky130_asc_cap_mim_m3_1:  Merged 19 devices.
Class sky130_asc_cap_mim_m3_1:  Merged 19 devices.

Cell sky130_asc_cap_mim_m3_1 disconnected node: VPWR
Cell sky130_asc_cap_mim_m3_1 disconnected node: VGND

Cell sky130_asc_cap_mim_m3_1 disconnected node: VPWR
Cell sky130_asc_cap_mim_m3_1 disconnected node: VGND

Subcircuit summary:
Circuit 1: sky130_asc_cap_mim_m3_1         |Circuit 2: sky130_asc_cap_mim_m3_1         
-------------------------------------------|-------------------------------------------
sky130_fd_pr__cap_mim_m3_1 (1)             |sky130_fd_pr__cap_mim_m3_1 (1)             
Number of devices: 1                       |Number of devices: 1                       
Number of nets: 2                          |Number of nets: 2                          
---------------------------------------------------------------------------------------
Circuits match uniquely.
Netlists match uniquely.

Subcircuit pins:
Circuit 1: sky130_asc_cap_mim_m3_1         |Circuit 2: sky130_asc_cap_mim_m3_1         
-------------------------------------------|-------------------------------------------
Cout                                       |Cout                                       
Cin                                        |Cin                                        
(no matching pin)                          |VPWR                                       
(no matching pin)                          |VGND                                       
---------------------------------------------------------------------------------------
Cell pin lists are equivalent.
Device classes sky130_asc_cap_mim_m3_1 and sky130_asc_cap_mim_m3_1 are equivalent.

Cell sky130_asc_pnp_05v5_W3p40L3p40_8 disconnected node: VPWR
Cell sky130_asc_pnp_05v5_W3p40L3p40_8 disconnected node: VGND

Cell sky130_asc_pnp_05v5_W3p40L3p40_8 disconnected node: VPWR
Cell sky130_asc_pnp_05v5_W3p40L3p40_8 disconnected node: VGND

Subcircuit summary:
Circuit 1: sky130_asc_pnp_05v5_W3p40L3p40_ |Circuit 2: sky130_asc_pnp_05v5_W3p40L3p40_ 
-------------------------------------------|-------------------------------------------
sky130_fd_pr__pnp_05v5_W3p40L3p40 (8)      |sky130_fd_pr__pnp_05v5_W3p40L3p40 (8)      
Number of devices: 8                       |Number of devices: 8                       
Number of nets: 3                          |Number of nets: 3                          
---------------------------------------------------------------------------------------
Resolving automorphisms by property value.
Resolving automorphisms by pin name.
Netlists match with 1 symmetry.
Circuits match correctly.

Subcircuit pins:
Circuit 1: sky130_asc_pnp_05v5_W3p40L3p40_ |Circuit 2: sky130_asc_pnp_05v5_W3p40L3p40_ 
-------------------------------------------|-------------------------------------------
Collector                                  |Collector                                  
Base                                       |Base                                       
Emitter                                    |Emitter                                    
(no matching pin)                          |VPWR                                       
(no matching pin)                          |VGND                                       
---------------------------------------------------------------------------------------
Cell pin lists are equivalent.
Device classes sky130_asc_pnp_05v5_W3p40L3p40_8 and sky130_asc_pnp_05v5_W3p40L3p40_8 are equivalent.

Cell sky130_asc_nfet_01v8_lvt_1 disconnected node: VPWR

Cell sky130_asc_nfet_01v8_lvt_1 disconnected node: VPWR

Subcircuit summary:
Circuit 1: sky130_asc_nfet_01v8_lvt_1      |Circuit 2: sky130_asc_nfet_01v8_lvt_1      
-------------------------------------------|-------------------------------------------
sky130_fd_pr__nfet_01v8_lvt (1)            |sky130_fd_pr__nfet_01v8_lvt (1)            
Number of devices: 1                       |Number of devices: 1                       
Number of nets: 4                          |Number of nets: 4                          
---------------------------------------------------------------------------------------
Resolving automorphisms by property value.
Resolving automorphisms by pin name.
Netlists match uniquely.
Circuits match correctly.

Subcircuit pins:
Circuit 1: sky130_asc_nfet_01v8_lvt_1      |Circuit 2: sky130_asc_nfet_01v8_lvt_1      
-------------------------------------------|-------------------------------------------
GATE                                       |GATE                                       
DRAIN                                      |DRAIN                                      
SOURCE                                     |SOURCE                                     
VGND                                       |VGND                                       
(no matching pin)                          |VPWR                                       
---------------------------------------------------------------------------------------
Cell pin lists are equivalent.
Device classes sky130_asc_nfet_01v8_lvt_1 and sky130_asc_nfet_01v8_lvt_1 are equivalent.

Subcircuit summary:
Circuit 1: bgr_top                         |Circuit 2: bgr_top                         
-------------------------------------------|-------------------------------------------
sky130_asc_res_xhigh_po_2p85_1 (31)        |sky130_asc_res_xhigh_po_2p85_1 (31)        
sky130_asc_pfet_01v8_lvt_60 (3)            |sky130_asc_pfet_01v8_lvt_60 (3)            
sky130_asc_pnp_05v5_W3p40L3p40_7 (1)       |sky130_asc_pnp_05v5_W3p40L3p40_7 (1)       
sky130_asc_res_xhigh_po_2p85_2 (2)         |sky130_asc_res_xhigh_po_2p85_2 (2)         
sky130_asc_pfet_01v8_lvt_12 (2)            |sky130_asc_pfet_01v8_lvt_12 (2)            
sky130_asc_nfet_01v8_lvt_9 (3)             |sky130_asc_nfet_01v8_lvt_9 (3)             
sky130_asc_pfet_01v8_lvt_6 (2)             |sky130_asc_pfet_01v8_lvt_6 (2)             
sky130_asc_pnp_05v5_W3p40L3p40_1 (1)       |sky130_asc_pnp_05v5_W3p40L3p40_1 (1)       
sky130_asc_cap_mim_m3_1 (10)               |sky130_asc_cap_mim_m3_1 (10)               
sky130_asc_pnp_05v5_W3p40L3p40_8 (4)       |sky130_asc_pnp_05v5_W3p40L3p40_8 (4)       
sky130_asc_nfet_01v8_lvt_1 (2)             |sky130_asc_nfet_01v8_lvt_1 (2)             
Number of devices: 61                      |Number of devices: 61                      
Number of nets: 40                         |Number of nets: 40                         
---------------------------------------------------------------------------------------
Resolving automorphisms by property value.
Resolving automorphisms by pin name.
Netlists match with 3 symmetries.
Circuits match correctly.

Subcircuit pins:
Circuit 1: bgr_top                         |Circuit 2: bgr_top                         
-------------------------------------------|-------------------------------------------
porst                                      |porst                                      
va                                         |va                                         
vb                                         |vb                                         
VSS                                        |VSS                                        
VDD                                        |VDD                                        
vbg                                        |vbg                                        
---------------------------------------------------------------------------------------
Cell pin lists are equivalent.
Device classes bgr_top and bgr_top are equivalent.
Circuits match uniquely.
