###############################################################
#  Generated by:      Cadence Innovus 20.13-s083_1
#  OS:                Linux x86_64(Host ID rice-503-20-north)
#  Generated on:      Tue May 24 23:03:13 2022
#  Design:            bgr_top
#  Command:           verifyConnectivity -type all -error 1000 -warning 50
###############################################################
Verify Connectivity Report is created on Tue May 24 23:03:13 2022




Multi-CPU acceleration using 4 CPU


Use pthread

Net VSS, Pin Pin: R21/Rout; Direction: OUTPUT; Use: SIGNAL;: has an unconnected terminal at (202.650, 66.735) (204.810, 69.585)
Net VSS, Pin Pin: M10/SOURCE; Direction: INPUT; Use: SIGNAL;: has an unconnected terminal at (96.070, 131.010) (116.970, 131.310)
Net VSS: has special routes with opens at (0.000, 0.000) (272.780, 264.180)
Net VSS: dangling Wire at (28.980, 235.360) (28.980, 235.360) on layer: met1
Net VSS: dangling Wire at (243.600, 235.360) (243.600, 235.360) on layer: met1
Net VSS: dangling Wire at (28.980, 216.560) (28.980, 216.560) on layer: met1
Net VSS: dangling Wire at (243.600, 216.560) (243.600, 216.560) on layer: met1
Net VSS: dangling Wire at (28.980, 197.760) (28.980, 197.760) on layer: met1
Net VSS: dangling Wire at (243.600, 197.760) (243.600, 197.760) on layer: met1
Net VSS: dangling Wire at (28.980, 178.960) (28.980, 178.960) on layer: met1
Net VSS: dangling Wire at (243.600, 178.960) (243.600, 178.960) on layer: met1
Net VSS: dangling Wire at (28.980, 160.160) (28.980, 160.160) on layer: met1
Net VSS: dangling Wire at (243.600, 160.160) (243.600, 160.160) on layer: met1
Net VSS: dangling Wire at (28.980, 141.360) (28.980, 141.360) on layer: met1
Net VSS: dangling Wire at (243.600, 141.360) (243.600, 141.360) on layer: met1
Net VSS: dangling Wire at (28.980, 122.560) (28.980, 122.560) on layer: met1
Net VSS: dangling Wire at (243.600, 122.560) (243.600, 122.560) on layer: met1
Net VSS: dangling Wire at (28.980, 103.760) (28.980, 103.760) on layer: met1
Net VSS: dangling Wire at (243.600, 103.760) (243.600, 103.760) on layer: met1
Net VSS: dangling Wire at (28.980, 84.960) (28.980, 84.960) on layer: met1
Net VSS: dangling Wire at (243.600, 84.960) (243.600, 84.960) on layer: met1
Net VSS: dangling Wire at (28.980, 66.160) (28.980, 66.160) on layer: met1
Net VSS: dangling Wire at (243.600, 66.160) (243.600, 66.160) on layer: met1
Net VSS: dangling Wire at (28.980, 47.360) (28.980, 47.360) on layer: met1
Net VSS: dangling Wire at (243.600, 47.360) (243.600, 47.360) on layer: met1
Net VSS: dangling Wire at (28.980, 28.560) (28.980, 28.560) on layer: met1
Net VSS: dangling Wire at (243.600, 28.560) (243.600, 28.560) on layer: met1
Net VDD: dangling Wire at (243.600, 225.960) (243.600, 225.960) on layer: met1
Net VDD: dangling Wire at (243.600, 207.160) (243.600, 207.160) on layer: met1
Net VDD: dangling Wire at (243.600, 188.360) (243.600, 188.360) on layer: met1
Net VDD: dangling Wire at (243.600, 169.560) (243.600, 169.560) on layer: met1
Net VDD: dangling Wire at (243.600, 150.760) (243.600, 150.760) on layer: met1
Net VDD: dangling Wire at (243.600, 131.960) (243.600, 131.960) on layer: met1
Net VDD: dangling Wire at (243.600, 113.160) (243.600, 113.160) on layer: met1
Net VDD: dangling Wire at (243.600, 94.360) (243.600, 94.360) on layer: met1
Net VDD: dangling Wire at (243.600, 75.560) (243.600, 75.560) on layer: met1
Net VDD: dangling Wire at (243.600, 56.760) (243.600, 56.760) on layer: met1
Net VDD: dangling Wire at (243.600, 37.960) (243.600, 37.960) on layer: met1

Begin Summary
    2 Problem(s) (IMPVFC-96): Terminal(s) are not connected.
    1 Problem(s) (IMPVFC-200): Special Wires: Pieces of the net are not connected together.
    35 Problem(s) (IMPVFC-94): The net has dangling wire(s).
    38 total info(s) created.
End Summary
