--> WARNING: A timing loop was found in the design. The arc from 'inv3/nfet/
             SOURCE' to 'inv3/nfet/DRAIN' has been cut . A description of the 
             timing loop follows <TA-112>.
     +-----------------------------------------+ 
     |       Pin        |         Cell         | 
     |------------------+----------------------| 
     | inv1/pfet/SOURCE | sky130_asc_pfet_01v8 | 
     |                  |               _lvt_1 | 
     |  inv1/pfet/DRAIN | sky130_asc_pfet_01v8 | 
     |                  |               _lvt_1 | 
     | inv1/nfet/SOURCE | sky130_asc_nfet_01v8 | 
     |                  |               _lvt_1 | 
     |  inv1/nfet/DRAIN | sky130_asc_nfet_01v8 | 
     |                  |               _lvt_1 | 
     | inv2/pfet/SOURCE | sky130_asc_pfet_01v8 | 
     |                  |               _lvt_1 | 
     |  inv2/pfet/DRAIN | sky130_asc_pfet_01v8 | 
     |                  |               _lvt_1 | 
     | inv2/nfet/SOURCE | sky130_asc_nfet_01v8 | 
     |                  |               _lvt_1 | 
     |  inv2/nfet/DRAIN | sky130_asc_nfet_01v8 | 
     |                  |               _lvt_1 | 
     | inv3/pfet/SOURCE | sky130_asc_pfet_01v8 | 
     |                  |               _lvt_1 | 
     |  inv3/pfet/DRAIN | sky130_asc_pfet_01v8 | 
     |                  |               _lvt_1 | 
     | inv3/nfet/SOURCE | sky130_asc_nfet_01v8 | 
     |                  |               _lvt_1 | 
     |  inv3/nfet/DRAIN | sky130_asc_nfet_01v8 | 
     |                  |               _lvt_1 | 
     | inv1/pfet/SOURCE | sky130_asc_pfet_01v8 | 
     |                  |               _lvt_1 | 
     +-----------------------------------------+ 
