Warning: Equate pins:  cell sky130_fd_pr__pfet_01v8 is a placeholder, treated as a black box.
Warning: Equate pins:  cell sky130_fd_pr__pfet_01v8 is a placeholder, treated as a black box.

Subcircuit pins:
Circuit 1: sky130_fd_pr__pfet_01v8         |Circuit 2: sky130_fd_pr__pfet_01v8         
-------------------------------------------|-------------------------------------------
1                                          |1                                          
2                                          |2                                          
3                                          |3                                          
4                                          |4                                          
---------------------------------------------------------------------------------------
Cell pin lists are equivalent.
Device classes sky130_fd_pr__pfet_01v8 and sky130_fd_pr__pfet_01v8 are equivalent.
Warning: Equate pins:  cell sky130_fd_pr__nfet_01v8 is a placeholder, treated as a black box.
Warning: Equate pins:  cell sky130_fd_pr__nfet_01v8 is a placeholder, treated as a black box.

Subcircuit pins:
Circuit 1: sky130_fd_pr__nfet_01v8         |Circuit 2: sky130_fd_pr__nfet_01v8         
-------------------------------------------|-------------------------------------------
1                                          |1                                          
2                                          |2                                          
3                                          |3                                          
4                                          |4                                          
---------------------------------------------------------------------------------------
Cell pin lists are equivalent.
Device classes sky130_fd_pr__nfet_01v8 and sky130_fd_pr__nfet_01v8 are equivalent.
Flattening unmatched subcell sky130_fd_pr__pfet_01v8_UNG2NQ in circuit transmission_gate (0)(1 instance)
Flattening unmatched subcell sky130_fd_pr__nfet_01v8_6J4AMR in circuit transmission_gate (0)(1 instance)

Class transmission_gate (0):  Merged 18 parallel devices.
Subcircuit summary:
Circuit 1: transmission_gate               |Circuit 2: transmission_gate               
-------------------------------------------|-------------------------------------------
sky130_fd_pr__pfet_01v8 (10->1)            |sky130_fd_pr__pfet_01v8 (1)                
sky130_fd_pr__nfet_01v8 (10->1)            |sky130_fd_pr__nfet_01v8 (1)                
Number of devices: 2                       |Number of devices: 2                       
Number of nets: 6                          |Number of nets: 6                          
---------------------------------------------------------------------------------------
Resolving automorphisms by property value.
Resolving automorphisms by pin name.
Netlists match uniquely.
Circuits match correctly.

Subcircuit pins:
Circuit 1: transmission_gate               |Circuit 2: transmission_gate               
-------------------------------------------|-------------------------------------------
en                                         |en                                         
VSS                                        |VSS                                        
en_b                                       |en_b                                       
VDD                                        |VDD                                        
out                                        |out                                        
in                                         |in                                         
---------------------------------------------------------------------------------------
Cell pin lists are equivalent.
Device classes transmission_gate and transmission_gate are equivalent.
Warning: Equate pins:  cell sky130_fd_pr__pfet_01v8_hvt is a placeholder, treated as a black box.
Warning: Equate pins:  cell sky130_fd_pr__pfet_01v8_hvt is a placeholder, treated as a black box.

Subcircuit pins:
Circuit 1: sky130_fd_pr__pfet_01v8_hvt     |Circuit 2: sky130_fd_pr__pfet_01v8_hvt     
-------------------------------------------|-------------------------------------------
1                                          |1                                          
2                                          |2                                          
3                                          |3                                          
4                                          |4                                          
---------------------------------------------------------------------------------------
Cell pin lists are equivalent.
Device classes sky130_fd_pr__pfet_01v8_hvt and sky130_fd_pr__pfet_01v8_hvt are equivalent.
Flattening unmatched subcell sky130_fd_pr__nfet_01v8_E56BNL in circuit switch_5t (0)(1 instance)

Subcircuit summary:
Circuit 1: switch_5t                       |Circuit 2: switch_5t                       
-------------------------------------------|-------------------------------------------
transmission_gate (2)                      |transmission_gate (2)                      
sky130_fd_pr__nfet_01v8 (1)                |sky130_fd_pr__nfet_01v8 (1)                
Number of devices: 3                       |Number of devices: 3                       
Number of nets: 7                          |Number of nets: 7                          
---------------------------------------------------------------------------------------
Circuits match uniquely.
Netlists match uniquely.

Subcircuit pins:
Circuit 1: switch_5t                       |Circuit 2: switch_5t                       
-------------------------------------------|-------------------------------------------
in                                         |in                                         
out                                        |out                                        
VSS                                        |VSS                                        
en                                         |en                                         
VDD                                        |VDD                                        
en_b                                       |en_b                                       
---------------------------------------------------------------------------------------
Cell pin lists are equivalent.
Device classes switch_5t and switch_5t are equivalent.

Subcircuit summary:
Circuit 1: sky130_fd_sc_hd__inv_1          |Circuit 2: sky130_fd_sc_hd__inv_1          
-------------------------------------------|-------------------------------------------
sky130_fd_pr__nfet_01v8 (1)                |sky130_fd_pr__nfet_01v8 (1)                
sky130_fd_pr__pfet_01v8_hvt (1)            |sky130_fd_pr__pfet_01v8_hvt (1)            
Number of devices: 2                       |Number of devices: 2                       
Number of nets: 6                          |Number of nets: 6                          
---------------------------------------------------------------------------------------
Circuits match uniquely.
Netlists match uniquely.

Subcircuit pins:
Circuit 1: sky130_fd_sc_hd__inv_1          |Circuit 2: sky130_fd_sc_hd__inv_1          
-------------------------------------------|-------------------------------------------
VGND                                       |VGND                                       
VNB                                        |VNB                                        
VPWR                                       |VPWR                                       
VPB                                        |VPB                                        
A                                          |A                                          
Y                                          |Y                                          
---------------------------------------------------------------------------------------
Cell pin lists are equivalent.
Device classes sky130_fd_sc_hd__inv_1 and sky130_fd_sc_hd__inv_1 are equivalent.
Flattening unmatched subcell my_one_line in circuit switch (0)(32 instances)

Subcircuit summary:
Circuit 1: switch                          |Circuit 2: line_switches                   
-------------------------------------------|-------------------------------------------
switch_5t (32)                             |switch_5t (32)                             
transmission_gate (32)                     |transmission_gate (32)                     
sky130_fd_sc_hd__inv_1 (32)                |sky130_fd_sc_hd__inv_1 (32)                
Number of devices: 96                      |Number of devices: 96                      
Number of nets: 133                        |Number of nets: 133                        
---------------------------------------------------------------------------------------
Resolving automorphisms by property value.
Resolving automorphisms by pin name.
Netlists match uniquely.
Circuits match correctly.

Subcircuit pins:
Circuit 1: switch                          |Circuit 2: line_switches                   
-------------------------------------------|-------------------------------------------
en_b[13]                                   |en_b[13]                                   
en_b[12]                                   |en_b[12]                                   
en_b[2]                                    |en_b[2]                                    
en_b[14]                                   |en_b[14]                                   
en_b[3]                                    |en_b[3]                                    
en_b[15]                                   |en_b[15]                                   
en_b[4]                                    |en_b[4]                                    
en_b[16]                                   |en_b[16]                                   
en_b[5]                                    |en_b[5]                                    
en_b[17]                                   |en_b[17]                                   
en_b[6]                                    |en_b[6]                                    
en_b[18]                                   |en_b[18]                                   
en_b[7]                                    |en_b[7]                                    
en_b[19]                                   |en_b[19]                                   
en_b[8]                                    |en_b[8]                                    
en_b[21]                                   |en_b[21]                                   
en_b[20]                                   |en_b[20]                                   
en_b[10]                                   |en_b[10]                                   
en_b[9]                                    |en_b[9]                                    
en_b[11]                                   |en_b[11]                                   
en_b[0]                                    |en_b[0]                                    
en_b[1]                                    |en_b[1]                                    
en_b[22]                                   |en_b[22]                                   
en_b[23]                                   |en_b[23]                                   
en_b[24]                                   |en_b[24]                                   
en_b[25]                                   |en_b[25]                                   
en_b[26]                                   |en_b[26]                                   
en_b[28]                                   |en_b[28]                                   
en_b[27]                                   |en_b[27]                                   
en_b[29]                                   |en_b[29]                                   
en_b[30]                                   |en_b[30]                                   
en_b[31]                                   |en_b[31]                                   
in[13]                                     |in[13]                                     
in[12]                                     |in[12]                                     
in[2]                                      |in[2]                                      
in[14]                                     |in[14]                                     
in[3]                                      |in[3]                                      
in[15]                                     |in[15]                                     
in[4]                                      |in[4]                                      
in[16]                                     |in[16]                                     
in[5]                                      |in[5]                                      
in[17]                                     |in[17]                                     
in[6]                                      |in[6]                                      
in[18]                                     |in[18]                                     
in[7]                                      |in[7]                                      
in[19]                                     |in[19]                                     
in[8]                                      |in[8]                                      
in[21]                                     |in[21]                                     
in[20]                                     |in[20]                                     
in[10]                                     |in[10]                                     
in[9]                                      |in[9]                                      
in[11]                                     |in[11]                                     
in[0]                                      |in[0]                                      
in[1]                                      |in[1]                                      
in[22]                                     |in[22]                                     
in[23]                                     |in[23]                                     
in[24]                                     |in[24]                                     
in[25]                                     |in[25]                                     
in[26]                                     |in[26]                                     
in[28]                                     |in[28]                                     
in[27]                                     |in[27]                                     
in[29]                                     |in[29]                                     
in[30]                                     |in[30]                                     
in[31]                                     |in[31]                                     
s_en                                       |s_en                                       
s_en_b                                     |s_en_b                                     
out                                        |out                                        
VDD                                        |VDD                                        
VSS                                        |VSS                                        
---------------------------------------------------------------------------------------
Cell pin lists are equivalent.
Device classes switch and line_switches are equivalent.
Circuits match uniquely.
