
Cadence Innovus(TM) Implementation System.
Copyright 2020 Cadence Design Systems, Inc. All rights reserved worldwide.

Version:	v20.13-s083_1, built Tue Jan 19 16:51:46 PST 2021
Options:	-overwrite -nowin -init START.tcl -log logs/run.log 
Date:		Tue May  3 17:12:59 2022
Host:		rice-503-20-north (x86_64 w/Linux 5.11.0-41-generic) (20cores*40cpus*Intel(R) Xeon(R) Gold 6148 CPU @ 2.40GHz 28160KB)
OS:		CentOS Linux release 7.9.2009 (Core)

License:
		invs	Innovus Implementation System	20.1	checkout succeeded
		8 CPU jobs allowed with the current license(s). Use setMultiCpuUsage to set your required CPU count.
The soft stacksize limit is either up to the hard limit or larger than 0.2% of RAM. No change is needed.

**INFO:  MMMC transition support version v31-84 

<CMD> set_global _enable_mmmc_by_default_flow      $CTE::mmmc_default
<CMD> suppressMessage ENCEXT-2799
Sourcing file "START.tcl" ...
<CMD> is_common_ui_mode
<CMD> restoreDesign /home/users/lyt1314/ee372/aloe-sky130/ringosc/build/8-cadence-innovus-route/checkpoints/design.checkpoint/save.enc.dat ringosc
#% Begin load design ... (date=05/03 17:13:21, mem=670.1M)
Set Default Input Pin Transition as 0.1 ps.
Loading design 'ringosc' saved by 'Innovus' '20.13-s083_1' on 'Tue May 3 17:12:45 2022'.
% Begin Load MMMC data ... (date=05/03 17:13:22, mem=672.7M)
% End Load MMMC data ... (date=05/03 17:13:22, total cpu=0:00:00.0, real=0:00:00.0, peak res=673.6M, current mem=673.6M)
typical

Loading LEF file /home/users/lyt1314/ee372/aloe-sky130/ringosc/build/8-cadence-innovus-route/checkpoints/design.checkpoint/save.enc.dat/libs/lef/rtk-tech.lef ...

Loading LEF file /home/users/lyt1314/ee372/aloe-sky130/ringosc/build/8-cadence-innovus-route/checkpoints/design.checkpoint/save.enc.dat/libs/lef/stdcells.lef ...
WARNING (LEFPARS-2008): NOWIREEXTENSIONATPIN statement is obsolete in version 5.6 or later.
The NOWIREEXTENSIONATPIN statement will be ignored. See file /home/users/lyt1314/ee372/aloe-sky130/ringosc/build/8-cadence-innovus-route/checkpoints/design.checkpoint/save.enc.dat/libs/lef/stdcells.lef at line 2.
Set DBUPerIGU to M1 pitch 460.
**WARN: (IMPLF-201):	Pin 'GATE' in macro 'sky130_asc_nfet_01v8_lvt_1' has no ANTENNADIFFAREA value defined. The library data is incomplete and some process antenna rules will not be checked correctly.
Type 'man IMPLF-201' for more detail.
**WARN: (IMPLF-200):	Pin 'SOURCE' in macro 'sky130_asc_nfet_01v8_lvt_1' has no ANTENNAGATEAREA value defined. The library data is incomplete and some process antenna rules will not be checked correctly.
Type 'man IMPLF-200' for more detail.
**WARN: (IMPLF-200):	Pin 'DRAIN' in macro 'sky130_asc_nfet_01v8_lvt_1' has no ANTENNAGATEAREA value defined. The library data is incomplete and some process antenna rules will not be checked correctly.
Type 'man IMPLF-200' for more detail.
**WARN: (IMPLF-201):	Pin 'GATE' in macro 'sky130_asc_pfet_01v8_lvt_1' has no ANTENNADIFFAREA value defined. The library data is incomplete and some process antenna rules will not be checked correctly.
Type 'man IMPLF-201' for more detail.
**WARN: (IMPLF-200):	Pin 'SOURCE' in macro 'sky130_asc_pfet_01v8_lvt_1' has no ANTENNAGATEAREA value defined. The library data is incomplete and some process antenna rules will not be checked correctly.
Type 'man IMPLF-200' for more detail.
**WARN: (IMPLF-200):	Pin 'DRAIN' in macro 'sky130_asc_pfet_01v8_lvt_1' has no ANTENNAGATEAREA value defined. The library data is incomplete and some process antenna rules will not be checked correctly.
Type 'man IMPLF-200' for more detail.

viaInitial starts at Tue May  3 17:13:22 2022
viaInitial ends at Tue May  3 17:13:22 2022

##  Check design process and node:  
##  Both design process and tech node are not set.

Loading view definition file from /home/users/lyt1314/ee372/aloe-sky130/ringosc/build/8-cadence-innovus-route/checkpoints/design.checkpoint/save.enc.dat/viewDefinition.tcl
Reading libs_typical timing library '/home/users/lyt1314/ee372/aloe-sky130/ringosc/build/2-skywater-130nm/view-standard/stdcells.lib' ...
**ERROR: (TECHLIB-702):	No pg_pin with name 'VPB' has been read in the cell 'sky130_asc_nfet_01v8_lvt_1'. The attribute 'related_bias_pin' specified for the pg_pin 'VPWR' is being ignored. (File /home/users/lyt1314/ee372/aloe-sky130/ringosc/build/2-skywater-130nm/view-standard/stdcells.lib, Line 328)
Read 3 cells in library 'sky130_fd_sc_hd__tt_025C_1v80' 
*** End library_loading (cpu=0.00min, real=0.00min, mem=22.5M, fe_cpu=0.26min, fe_real=0.40min, fe_mem=689.4M) ***
% Begin Load netlist data ... (date=05/03 17:13:22, mem=688.4M)
*** Begin netlist parsing (mem=689.4M) ***
Created 3 new cells from 1 timing libraries.
Reading netlist ...
Backslashed names will retain backslash and a trailing blank character.
Reading verilogBinary netlist '/home/users/lyt1314/ee372/aloe-sky130/ringosc/build/8-cadence-innovus-route/checkpoints/design.checkpoint/save.enc.dat/vbin/ringosc.v.bin'
Reading binary database version 2 in 1-threaded mode

*** Memory Usage v#2 (Current mem = 699.434M, initial mem = 275.727M) ***
*** End netlist parsing (cpu=0:00:00.0, real=0:00:00.0, mem=699.4M) ***
% End Load netlist data ... (date=05/03 17:13:22, total cpu=0:00:00.0, real=0:00:00.0, peak res=691.9M, current mem=691.9M)
Set top cell to ringosc.
Hooked 3 DB cells to tlib cells.
** Removed 1 unused lib cells.
Starting recursive module instantiation check.
No recursion found.
Building hierarchical netlist for Cell ringosc ...
*** Netlist is unique.
Set DBUPerIGU to techSite unitasc width 490.
** info: there are 3 modules.
** info: there are 10 stdCell insts.

*** Memory Usage v#2 (Current mem = 733.848M, initial mem = 275.727M) ***
*info: set bottom ioPad orient R0
**WARN: (IMPFP-3961):	The techSite 'unithddbl' has no related standard cells in LEF/OA library. Cannot make calculations for this site type unless standard cell models of this type exist in the LEF/OA library. If the SITE is not used by the library you can ignore this warning or remove the SITE definition from the LEF/OA to avoid this message.
Type 'man IMPFP-3961' for more detail.
**WARN: (IMPFP-3961):	The techSite 'unithd' has no related standard cells in LEF/OA library. Cannot make calculations for this site type unless standard cell models of this type exist in the LEF/OA library. If the SITE is not used by the library you can ignore this warning or remove the SITE definition from the LEF/OA to avoid this message.
Type 'man IMPFP-3961' for more detail.
Adjust met3 preferred direction offset from 0.34 to 0.17.
Adjust met4 preferred direction offset from 0.46 to 0.23.
Adjust met5 preferred direction offset from 1.7 to 0.17.
Generated pitch 3.66 in met5 is different from 3.4 defined in technology file in preferred direction.
Generated pitch 0.69 in met4 is different from 0.92 defined in technology file in preferred direction.
Generated pitch 0.61 in met3 is different from 0.68 defined in technology file in preferred direction.
Set Default Net Delay as 1000 ps.
Set Default Net Load as 0.5 pF. 
Set Default Input Pin Transition as 0.1 ps.
Loading preference file /home/users/lyt1314/ee372/aloe-sky130/ringosc/build/8-cadence-innovus-route/checkpoints/design.checkpoint/save.enc.dat/gui.pref.tcl ...
##  Process: 130           (User Set)               
##     Node: (not set)                           

##  Check design process and node:  
##  Design tech node is not set.

Applying the recommended capacitance filtering threshold values for 130nm process node: total_c_th=0, relative_c_th=1 and coupling_c_th=0.4.
	These values will be used by all post-route extraction engines, including TQuantus, IQuantus and Quantus QRC extraction.
	Capacitance filtering mode(-capFilterMode option of the setExtractRCMode) is 'relAndCoup' for all engines.
	The accuracy mode for postRoute effortLevel low extraction will be set to 'standard'.
	Default value for EffortLevel(-effortLevel option of the setExtractRCMode) in postRoute extraction mode is 'low'.
#WARNING (NRIF-91) Option setNanoRouteMode -routeTopRoutingLayer is obsolete. It will continue to work for the current release. To ensure compatibility with future releases, use option setDesignMode -topRoutingLayer instead.
Setting -ignore_DRC to 0. ViaGen will do DRC check while creating vias.
Setting -viarule_preference to default order. ViaGen will consider via rule priority based on the order of appearance in the technology file.
**WARN: (IMPPTN-867):	Found use of setPinAssignMode -maxLayer. This will continue to work in this release; however, it is recommended to use setDesignMode -topRoutingLayer instead.
**WARN: (IMPPSP-1003):	Found use of 'setRouteMode -earlyGlobalMaxRouteLayer'. This will continue to work in this release; however, it is recommended to use 'setDesignMode -topRoutingLayer' instead.
Change floorplan default-technical-site to 'unitasc'.
*Info: initialize multi-corner CTS.
Total number of combinational cells: 2
Total number of sequential cells: 0
Total number of tristate cells: 0
Total number of level shifter cells: 0
Total number of power gating cells: 0
Total number of isolation cells: 0
Total number of power switch cells: 0
Total number of pulse generator cells: 0
Total number of always on buffers: 0
Total number of retention cells: 0
List of usable buffers:
Total number of usable buffers: 0
List of unusable buffers:
Total number of unusable buffers: 0
List of usable inverters:
Total number of usable inverters: 0
List of unusable inverters:
Total number of unusable inverters: 0
List of identified usable delay cells:
Total number of identified usable delay cells: 0
List of identified unusable delay cells:
Total number of identified unusable delay cells: 0
No delay cells were detected in the set of buffers. Buffers will be used to fix hold violations.
**WARN: (IMPOPT-3000):	Buffer footprint is not defined or is an invalid buffer footprint.
Type 'man IMPOPT-3000' for more detail.
**WARN: (IMPOPT-3001):	Inverter footprint is not defined or is an invalid inverter footprint.
Type 'man IMPOPT-3001' for more detail.
% Begin Load MMMC data ... (date=05/03 17:13:23, mem=926.6M)
% End Load MMMC data ... (date=05/03 17:13:23, total cpu=0:00:00.0, real=0:00:00.0, peak res=926.6M, current mem=926.6M)
Reading floorplan file - /home/users/lyt1314/ee372/aloe-sky130/ringosc/build/8-cadence-innovus-route/checkpoints/design.checkpoint/save.enc.dat/ringosc.fp.gz (mem = 940.5M).
% Begin Load floorplan data ... (date=05/03 17:13:23, mem=927.0M)
*info: reset 16 existing net BottomPreferredLayer and AvoidDetour
**WARN: (IMPDB-2078):	Output pin DRAIN of instance nfet5 is connected to ground net VSS.  Usually it is not right to connect an output signal pin to a P/G net, unless the pin is meant to be the driver of the net. This can create a short circuit if the output is power.  Check the connectivity in the netlist.
**WARN: (IMPDB-2078):	Output pin DRAIN of instance nfet4 is connected to ground net VSS.  Usually it is not right to connect an output signal pin to a P/G net, unless the pin is meant to be the driver of the net. This can create a short circuit if the output is power.  Check the connectivity in the netlist.
**WARN: (IMPDB-2078):	Output pin DRAIN of instance nfet3 is connected to ground net VSS.  Usually it is not right to connect an output signal pin to a P/G net, unless the pin is meant to be the driver of the net. This can create a short circuit if the output is power.  Check the connectivity in the netlist.
**WARN: (IMPDB-2078):	Output pin DRAIN of instance nfet2 is connected to ground net VSS.  Usually it is not right to connect an output signal pin to a P/G net, unless the pin is meant to be the driver of the net. This can create a short circuit if the output is power.  Check the connectivity in the netlist.
**WARN: (IMPDB-2078):	Output pin DRAIN of instance nfet1 is connected to ground net VSS.  Usually it is not right to connect an output signal pin to a P/G net, unless the pin is meant to be the driver of the net. This can create a short circuit if the output is power.  Check the connectivity in the netlist.
Deleting old partition specification.
Set FPlanBox to (0 0 103960 76160)
**WARN: (IMPFP-3961):	The techSite 'unithddbl' has no related standard cells in LEF/OA library. Cannot make calculations for this site type unless standard cell models of this type exist in the LEF/OA library. If the SITE is not used by the library you can ignore this warning or remove the SITE definition from the LEF/OA to avoid this message.
Type 'man IMPFP-3961' for more detail.
**WARN: (IMPFP-3961):	The techSite 'unithd' has no related standard cells in LEF/OA library. Cannot make calculations for this site type unless standard cell models of this type exist in the LEF/OA library. If the SITE is not used by the library you can ignore this warning or remove the SITE definition from the LEF/OA to avoid this message.
Type 'man IMPFP-3961' for more detail.
Adjust met3 preferred direction offset from 0.34 to 0.17.
Adjust met4 preferred direction offset from 0.46 to 0.23.
Adjust met5 preferred direction offset from 1.7 to 0.17.
Generated pitch 3.66 in met5 is different from 3.4 defined in technology file in preferred direction.
Generated pitch 0.69 in met4 is different from 0.92 defined in technology file in preferred direction.
Generated pitch 0.61 in met3 is different from 0.68 defined in technology file in preferred direction.
 ... processed partition successfully.
Reading binary special route file /home/users/lyt1314/ee372/aloe-sky130/ringosc/build/8-cadence-innovus-route/checkpoints/design.checkpoint/save.enc.dat/ringosc.fp.spr.gz (Created by Innovus v20.13-s083_1 on Tue May  3 17:12:43 2022, version: 1)
Ending "Read special route file" (total cpu=0:00:00.0, real=0:00:00.0, peak res=932.8M, current mem=932.8M)
Extracting standard cell pins and blockage ...... 
Pin and blockage extraction finished
% End Load floorplan data ... (date=05/03 17:13:23, total cpu=0:00:00.1, real=0:00:00.0, peak res=933.4M, current mem=933.4M)
% Begin Load SymbolTable ... (date=05/03 17:13:23, mem=933.7M)
Reading congestion map file /home/users/lyt1314/ee372/aloe-sky130/ringosc/build/8-cadence-innovus-route/checkpoints/design.checkpoint/save.enc.dat/ringosc.route.congmap.gz ...
Suppress "**WARN ..." messages.
Un-suppress "**WARN ..." messages.
% End Load SymbolTable ... (date=05/03 17:13:23, total cpu=0:00:00.0, real=0:00:00.0, peak res=934.2M, current mem=934.2M)
Loading place ...
% Begin Load placement data ... (date=05/03 17:13:23, mem=934.2M)
Reading placement file - /home/users/lyt1314/ee372/aloe-sky130/ringosc/build/8-cadence-innovus-route/checkpoints/design.checkpoint/save.enc.dat/ringosc.place.gz.
** Reading stdCellPlacement_binary (Created by Innovus v20.13-s083_1 on Tue May  3 17:12:43 2022, version# 2) ...
Read Views for adaptive view pruning ...
Read 0 views from Binary DB for adaptive view pruning
*** Completed restorePlace (cpu=0:00:00.0 real=0:00:00.0 mem=948.5M) ***
Total net length = 9.674e+01 (8.394e+01 1.280e+01) (ext = 0.000e+00)
% End Load placement data ... (date=05/03 17:13:23, total cpu=0:00:00.0, real=0:00:00.0, peak res=934.8M, current mem=934.8M)
Reading PG file /home/users/lyt1314/ee372/aloe-sky130/ringosc/build/8-cadence-innovus-route/checkpoints/design.checkpoint/save.enc.dat/ringosc.pg.gz, version#2, (Created by Innovus v20.13-s083_1 on       Tue May  3 17:12:43 2022)
*** Completed restorePGFile (cpu=0:00:00.0 real=0:00:01.0 mem=944.5M) ***
% Begin Load routing data ... (date=05/03 17:13:24, mem=935.3M)
Reading routing file - /home/users/lyt1314/ee372/aloe-sky130/ringosc/build/8-cadence-innovus-route/checkpoints/design.checkpoint/save.enc.dat/ringosc.route.gz.
Reading Innovus routing data (Created by Innovus v20.13-s083_1 on Tue May  3 17:12:43 2022 Format: 20.1) ...
*** Total 16 nets are successfully restored.
*** Completed restoreRoute (cpu=0:00:00.0 real=0:00:00.0 mem=945.5M) ***
% End Load routing data ... (date=05/03 17:13:24, total cpu=0:00:00.1, real=0:00:00.0, peak res=936.8M, current mem=935.9M)
Loading Drc markers ...
... 7 markers are loaded ...
... 0 geometry drc markers are loaded ...
... 0 antenna drc markers are loaded ...
TAT_INFO: restoreCongMap REAL = 0 : CPU = 0 : MEM = 0.
Reading property file /home/users/lyt1314/ee372/aloe-sky130/ringosc/build/8-cadence-innovus-route/checkpoints/design.checkpoint/save.enc.dat/ringosc.prop
*** Completed restoreProperty (cpu=0:00:00.0 real=0:00:00.0 mem=951.5M) ***
Reading dirtyarea snapshot file /home/users/lyt1314/ee372/aloe-sky130/ringosc/build/8-cadence-innovus-route/checkpoints/design.checkpoint/save.enc.dat/ringosc.db.da.gz (Create by Innovus v20.13-s083_1 on Tue May  3 17:12:44 2022, version: 4).
Set Default Input Pin Transition as 0.1 ps.
Extraction setup Started 
Initializing multi-corner RC extraction with 1 active RC Corners ...
Reading Capacitance Table File /home/users/lyt1314/ee372/aloe-sky130/ringosc/build/8-cadence-innovus-route/checkpoints/design.checkpoint/save.enc.dat/libs/mmmc/rtk-typical.captable ...
Process name: (null).
Allocated an empty WireEdgeEnlargement table in typical [6].
Allocated an empty WireEdgeEnlargement table in typical [6].
Importing multi-corner RC tables ... 
Summary of Active RC-Corners : 
 
 Analysis View: analysis_default
    RC-Corner Name        : typical
    RC-Corner Index       : 0
    RC-Corner Temperature : 25 Celsius
    RC-Corner Cap Table   : '/home/users/lyt1314/ee372/aloe-sky130/ringosc/build/8-cadence-innovus-route/checkpoints/design.checkpoint/save.enc.dat/libs/mmmc/rtk-typical.captable'
    RC-Corner PreRoute Res Factor         : 1
    RC-Corner PreRoute Cap Factor         : 1
    RC-Corner PostRoute Res Factor        : 1 {1 1 1}
    RC-Corner PostRoute Cap Factor        : 1 {1 1 1}
    RC-Corner PostRoute XCap Factor       : 1 {1 1 1}
    RC-Corner PreRoute Clock Res Factor   : 1	[Derived from postRoute_res (effortLevel low)]
    RC-Corner PreRoute Clock Cap Factor   : 1	[Derived from postRoute_cap (effortLevel low)]
    RC-Corner PostRoute Clock Cap Factor  : 1 {1 1 1} 	[Derived from postRoute_cap (effortLevel low)]
    RC-Corner PostRoute Clock Res Factor  : 1 {1 1 1} 	[Derived from postRoute_res (effortLevel low)]
Initializing multi-corner capacitance tables ... 
Initializing multi-corner resistance tables ...
Start generating vias ..
#Skip building auto via since it is not turned on.
Extracting standard cell pins and blockage ...... 
Pin and blockage extraction finished
Via generation completed.
% Begin Load power constraints ... (date=05/03 17:13:25, mem=942.5M)
** WARN:  (VOLTUS_POWR-3212): The 'set_power_analysis_mode -leakage_power_view |-dynamic_power_view|-analysis_view' will be obsolete in 18.20 release. Use 'set_analysis_view -leakage <> | -dynamic <>' to set leakage and dynamic power views.

% End Load power constraints ... (date=05/03 17:13:25, total cpu=0:00:00.0, real=0:00:00.0, peak res=942.8M, current mem=942.8M)
delay_default
% Begin load AAE data ... (date=05/03 17:13:25, mem=949.6M)
**WARN: (IMPESI-3505):	setDelayCalMode -eng_copyNetPropToNewNet true (default=false) will be obsoleted along with its sgs2set equivalent.  This parameter will continue to be supported in the current release, but will be removed in the next major release of the software.
AAE DB initialization (MEM=979.973 CPU=0:00:00.0 REAL=0:00:00.0) 
% End load AAE data ... (date=05/03 17:13:25, total cpu=0:00:00.3, real=0:00:00.0, peak res=955.3M, current mem=955.3M)
Total number of combinational cells: 2
Total number of sequential cells: 0
Total number of tristate cells: 0
Total number of level shifter cells: 0
Total number of power gating cells: 0
Total number of isolation cells: 0
Total number of power switch cells: 0
Total number of pulse generator cells: 0
Total number of always on buffers: 0
Total number of retention cells: 0
List of usable buffers:
Total number of usable buffers: 0
List of unusable buffers:
Total number of unusable buffers: 0
List of usable inverters:
Total number of usable inverters: 0
List of unusable inverters:
Total number of unusable inverters: 0
List of identified usable delay cells:
Total number of identified usable delay cells: 0
List of identified unusable delay cells:
Total number of identified unusable delay cells: 0
No delay cells were detected in the set of buffers. Buffers will be used to fix hold violations.
**WARN: (IMPCTE-107):	The following globals have been obsoleted since version 20.13-s083_1. They will be removed in the next release. 
timing_enable_default_delay_arc
#% End load design ... (date=05/03 17:13:25, total cpu=0:00:02.2, real=0:00:04.0, peak res=980.1M, current mem=955.3M)

*** Summary of all messages that are not suppressed in this session:
Severity  ID               Count  Summary                                  
WARNING   IMPLF-200            4  Pin '%s' in macro '%s' has no ANTENNAGAT...
WARNING   IMPLF-201            2  Pin '%s' in macro '%s' has no ANTENNADIF...
WARNING   IMPFP-3961           4  The techSite '%s' has no related standar...
WARNING   IMPPTN-867           1  Found use of %s. This will continue to w...
WARNING   IMPDB-2078           5  Output pin %s of instance %s is connecte...
WARNING   IMPESI-3505          1  setDelayCalMode -eng_%s (default=%s) wil...
WARNING   IMPOPT-3000          1  Buffer footprint is not defined or is an...
WARNING   IMPOPT-3001          1  Inverter footprint is not defined or is ...
WARNING   IMPCTE-107           1  The following globals have been obsolete...
WARNING   IMPPSP-1003          1  Found use of '%s'. This will continue to...
ERROR     TECHLIB-702          1  No pg_pin with name '%s' has been read i...
*** Message Summary: 21 warning(s), 1 error(s)

<CMD> setDistributeHost -local
The timeout for a remote job to respond is 3600 seconds.
Submit command for task runs will be: local
<CMD> setMultiCpuUsage -localCpu 16
<FF> LOADING 'always_source_tcl' PLUG-IN FILE(s) 
<FF> -> innovus-foundation-flow/custom-scripts/always-source.tcl
### Start verbose source output (echo mode) for 'scripts/main.tcl' ...
# source -verbose innovus-foundation-flow/INNOVUS/run_signoff.tcl
### Start verbose source output (echo mode) for 'innovus-foundation-flow/INNOVUS/run_signoff.tcl' ...
# if {[file exists innovus-foundation-flow/vars.tcl]} {
   source innovus-foundation-flow/vars.tcl
}
# foreach file $vars(config_files) {
   source $file
}
# source innovus-foundation-flow/procs.tcl
# ff_procs::system_info
# setDistributeHost -local
<CMD> setDistributeHost -local
The timeout for a remote job to respond is 3600 seconds.
Submit command for task runs will be: local
# setMultiCpuUsage -localCpu 16
<CMD> setMultiCpuUsage -localCpu 16
# if {$vars(restore_design)} { # <BEGIN TAG> signoff,restore_design

# <begin tag signoff,restore_design,skip>
#
# restoreDesign checkpoints/postroute.enc.dat ringosc
#
# <end tag signoff,restore_design,skip> }
# um::enable_metrics -on
# puts "<FF> Plugin -> always_source_tcl"
# ff_procs::source_plug always_source_tcl
<FF> LOADING 'always_source_tcl' PLUG-IN FILE(s) 
<FF> -> innovus-foundation-flow/custom-scripts/always-source.tcl
# set vars(step) signoff
# set vars(signoff,start_time) [clock seconds]
# um::push_snapshot_stack
<CMD> um::push_snapshot_stack
# setDesignMode -process 130
<CMD> setDesignMode -process 130
##  Process: 130           (User Set)               
##     Node: (not set)                           

##  Check design process and node:  
##  Design tech node is not set.

Applying the recommended capacitance filtering threshold values for 130nm process node: total_c_th=0, relative_c_th=1 and coupling_c_th=0.4.
	These values will be used by all post-route extraction engines, including TQuantus, IQuantus and Quantus QRC extraction.
	Capacitance filtering mode(-capFilterMode option of the setExtractRCMode) is 'relAndCoup' for all engines.
	The accuracy mode for postRoute effortLevel low extraction will be set to 'standard'.
	Default value for EffortLevel(-effortLevel option of the setExtractRCMode) in postRoute extraction mode is 'low'.
# setExtractRCMode -coupled true -effortLevel low
<CMD> setExtractRCMode -coupled true -effortLevel low
# setAnalysisMode -analysisType onChipVariation -cppr both
<CMD> setAnalysisMode -analysisType onChipVariation -cppr both
# set vars(active_rc_corners) [list]
# foreach view [concat [all_setup_analysis_views] [all_hold_analysis_views]] {
   set corner [get_delay_corner [get_analysis_view $view -delay_corner] \
      -rc_corner]
   if {[lsearch $vars(active_rc_corners) $corner] == -1 } {
      lappend vars(active_rc_corners) $corner
   }
}
<CMD> all_setup_analysis_views
<CMD> all_hold_analysis_views
<CMD> get_analysis_view $view -delay_corner
<CMD> get_delay_corner [get_analysis_view $view -delay_corner]  -rc_corner
<CMD> get_analysis_view $view -delay_corner
<CMD> get_delay_corner [get_analysis_view $view -delay_corner]  -rc_corner
# Puts "<FF> ACTIVE RC CORNER LIST: $vars(active_rc_corners)"
<FF> ACTIVE RC CORNER LIST: typical
# set empty_corners [list]
# foreach corner $vars(active_rc_corners) {
   if {![file exists [get_rc_corner $corner -qx_tech_file]]} {
      lappend empty_corners $corner
   }
}
<CMD> get_rc_corner $corner -qx_tech_file
# if {[llength $empty_corners] == 0} {
   # <BEGIN TAG> signoff,set_extract_rc_mode
   setExtractRCMode -engine postRoute -effortLevel low -coupled true

   # <END TAG> signoff,set_extract_rc_mode
} else {
   Puts "<FF> CAN'T RUN SIGNOFF EXTRACTION BECAUSE qx_tech_file IS NOT DEFINED FOR these corners: $empty_corners"
   # <BEGIN TAG> signoff,set_extract_rc_mode
   setExtractRCMode -engine postRoute -effortLevel low -coupled true

   # <END TAG> signoff,set_extract_rc_mode
}
<FF> CAN'T RUN SIGNOFF EXTRACTION BECAUSE qx_tech_file IS NOT DEFINED FOR these corners: typical
<CMD> setExtractRCMode -engine postRoute -effortLevel low -coupled true
# puts "<FF> Plugin -> pre_signoff_tcl"
# Puts "<FF> RUNNING FINAL SIGNOFF ..."
<FF> RUNNING FINAL SIGNOFF ...
# extractRC
<CMD> extractRC
Extraction called for design 'ringosc' of instances=10 and nets=16 using extraction engine 'postRoute' at effort level 'low' .
PostRoute (effortLevel low) RC Extraction called for design ringosc.
RC Extraction called in multi-corner(1) mode.
Process corner(s) are loaded.
 Corner: typical
extractDetailRC Option : -outfile /tmp/innovus_temp_3493645_rice-503-20-north_lyt1314_5sAq25/ringosc_3493645_99itzy.rcdb.d  -extended
RC Mode: PostRoute -effortLevel low [Extended CapTable, RC Table Resistances]
      RC Corner Indexes            0   
Capacitance Scaling Factor   : 1.00000 
Coupling Cap. Scaling Factor : 1.00000 
Resistance Scaling Factor    : 1.00000 
Clock Cap. Scaling Factor    : 1.00000 
Clock Res. Scaling Factor    : 1.00000 
Shrink Factor                : 1.00000
Initializing multi-corner capacitance tables ... 
Initializing multi-corner resistance tables ...
Checking LVS Completed (CPU Time= 0:00:00.0  MEM= 980.0M)
Extracted 11.9403% (CPU Time= 0:00:00.0  MEM= 985.0M)
Extracted 22.3881% (CPU Time= 0:00:00.0  MEM= 985.0M)
Extracted 32.8358% (CPU Time= 0:00:00.0  MEM= 985.0M)
Extracted 41.791% (CPU Time= 0:00:00.0  MEM= 985.0M)
Extracted 52.2388% (CPU Time= 0:00:00.0  MEM= 985.0M)
Extracted 62.6866% (CPU Time= 0:00:00.0  MEM= 994.0M)
Extracted 71.6418% (CPU Time= 0:00:00.0  MEM= 994.0M)
Extracted 82.0896% (CPU Time= 0:00:00.0  MEM= 994.0M)
Extracted 92.5373% (CPU Time= 0:00:00.0  MEM= 994.0M)
Extracted 100% (CPU Time= 0:00:00.0  MEM= 994.0M)
Number of Extracted Resistors     : 77
Number of Extracted Ground Cap.   : 82
Number of Extracted Coupling Cap. : 60
Filtering XCap in 'relativeAndCoupling' mode using values coupling_c_threshold=0.4fF, relative_c_threshold=1, and total_c_threshold=0fF.
 Corner: typical
Checking LVS Completed (CPU Time= 0:00:00.0  MEM= 1002.0M)
PostRoute (effortLevel low) RC Extraction DONE (CPU Time: 0:00:00.5  Real Time: 0:00:01.0  MEM: 1009.973M)
# foreach corner $vars(active_rc_corners) {
   rcOut -rc_corner $corner -spef $corner.spef.gz
}
<CMD> rcOut -rc_corner typical -spef typical.spef.gz
RC Out has the following PVT Info:
   RC:typical, Operating temperature 25 C
Dumping Spef file.....
Printing D_NET...
RC Out from RCDB Completed (CPU Time= 0:00:00.0  MEM= 1010.0M)
# streamOut $vars(results_dir)/$vars(design).gds.gz \
   -units 1000 \
   -mapFile $vars(gds_layer_map)
<CMD> streamOut results/ringosc.gds.gz -units 1000 -mapFile inputs/adk/rtk-stream-out.map
Parse flat map file...
** NOTE: Created directory path 'results' for file 'results/ringosc.gds.gz'.
Writing GDSII file ...
	****** db unit per micron = 1000 ******
	****** output gds2 file unit per micron = 1000 ******
	****** unit scaling factor = 1 ******
Output for instance
Output for bump
Output for physical terminals
Output for logical terminals
Output for regular nets
Output for special nets and metal fills
Output for via structure generation total number 13
Statistics for GDS generated (version 3)
----------------------------------------
Stream Out Layer Mapping Information:
GDS Layer Number          GDS Layer Name
----------------------------------------
    71                              via4
    70                              via3
    69                              via2
    72                              met5
    68                               via
    71                              met4
    67                              mcon
    70                              met3
    67                               li1
    68                              met1
    69                              met2


Stream Out Information Processed for GDS version 3:
Units: 1000 DBU

Object                             Count
----------------------------------------
Instances                             10

Ports/Pins                            16
    metal layer met4                   8
    metal layer met5                   8

Nets                                  89
    metal layer li1                   45
    metal layer met1                  42
    metal layer met2                   2

    Via Instances                     19

Special Nets                          17
    metal layer met1                   3
    metal layer met4                   8
    metal layer met5                   6

    Via Instances                     42

Metal Fills                            0

    Via Instances                      0

Metal FillOPCs                         0

    Via Instances                      0

Metal FillDRCs                         0

    Via Instances                      0

Text                                   2
    metal layer met5                   2


Blockages                              0


Custom Text                            0


Custom Box                             0

Trim Metal                             0

######Streamout is finished!
# set merge_files \
[concat \
[lsort [glob -nocomplain inputs/adk/*.gds*]] \
[lsort [glob -nocomplain inputs/*.gds*]] \
]
# streamOut $vars(results_dir)/$vars(design)-merged.gds \
   -units 1000 \
   -mapFile $vars(gds_layer_map) \
   -merge $merge_files
<CMD> streamOut results/ringosc-merged.gds -units 1000 -mapFile inputs/adk/rtk-stream-out.map -merge inputs/adk/stdcells.gds
Merge file: inputs/adk/stdcells.gds has version number: 3
Parse flat map file...
Writing GDSII file ...
	****** db unit per micron = 1000 ******
	****** output gds2 file unit per micron = 1000 ******
	****** unit scaling factor = 1 ******
Output for instance
Output for bump
Output for physical terminals
Output for logical terminals
Output for regular nets
Output for special nets and metal fills
Output for via structure generation total number 13
Statistics for GDS generated (version 3)
----------------------------------------
Stream Out Layer Mapping Information:
GDS Layer Number          GDS Layer Name
----------------------------------------
    71                              via4
    70                              via3
    69                              via2
    72                              met5
    68                               via
    71                              met4
    67                              mcon
    70                              met3
    67                               li1
    68                              met1
    69                              met2


Stream Out Information Processed for GDS version 3:
Units: 1000 DBU

Object                             Count
----------------------------------------
Instances                             10

Ports/Pins                            16
    metal layer met4                   8
    metal layer met5                   8

Nets                                  89
    metal layer li1                   45
    metal layer met1                  42
    metal layer met2                   2

    Via Instances                     19

Special Nets                          17
    metal layer met1                   3
    metal layer met4                   8
    metal layer met5                   6

    Via Instances                     42

Metal Fills                            0

    Via Instances                      0

Metal FillOPCs                         0

    Via Instances                      0

Metal FillDRCs                         0

    Via Instances                      0

Text                                   2
    metal layer met5                   2


Blockages                              0


Custom Text                            0


Custom Box                             0

Trim Metal                             0

Scanning GDS file inputs/adk/stdcells.gds to register cell name ......
Merging GDS file inputs/adk/stdcells.gds ......
	****** Merge file: inputs/adk/stdcells.gds has version number: 3.
	****** Merge file: inputs/adk/stdcells.gds has units: 1000 per micron.
	****** unit scaling factor = 1 ******
**WARN: (IMPOGDS-217):	Master cell: sky130_asc_nfet_01v8_lvt_1 not found in merged file(s) and will therefore not be included in the resulting streamOut file. Verify the file names specified with the -merge option are correct and that they contain a definition of this cell.
**WARN: (IMPOGDS-218):	Number of master cells not found after merging: 1

######Streamout is finished!
# summaryReport -noHtml -outfile $vars(rpt_dir)/$vars(step).summaryReport.rpt
<CMD> summaryReport -noHtml -outfile reports/signoff.summaryReport.rpt
Start to collect the design information.
Build netlist information for Cell ringosc.
Finished collecting the design information.
Generating standard cells used in the design report.
Analyze library ... 
Analyze netlist ... 
Analyze timing ... 
Analyze floorplan/placement ... 
Analysis Routing ...
Report saved in file reports/signoff.summaryReport.rpt
# verifyConnectivity -noAntenna
<CMD> verifyConnectivity -noAntenna
VERIFY_CONNECTIVITY use new engine.

******** Start: VERIFY CONNECTIVITY ********
Start Time: Tue May  3 17:13:27 2022

Design Name: ringosc
Database Units: 1000
Design Boundary: (0.0000, 0.0000) (103.9600, 76.1600)
Error Limit = 1000; Warning Limit = 50
Check all nets
Use 16 pthreads
**WARN: (IMPVFC-97):	IO pin clk of net clk has not been assigned. Please make sure it is assigned and rerun verifyConnectivity.
Net VDD: has an unconnected terminal, has special routes with opens.
Net VSS: has an unconnected terminal, has special routes with opens.

Begin Summary 
    10 Problem(s) (IMPVFC-96): Terminal(s) are not connected.
    2 Problem(s) (IMPVFC-200): Special Wires: Pieces of the net are not connected together.
    12 total info(s) created.
End Summary

End Time: Tue May  3 17:13:27 2022
Time Elapsed: 0:00:00.0

******** End: VERIFY CONNECTIVITY ********
  Verification Complete : 12 Viols.  0 Wrngs.
  (CPU Time: 0:00:00.0  MEM: 0.000M)

# verify_drc
<CMD> verify_drc
 *** Starting Verify DRC (MEM: 1012.0) ***

  VERIFY DRC ...... Starting Verification
  VERIFY DRC ...... Initializing
  VERIFY DRC ...... Deleting Existing Violations
  VERIFY DRC ...... Creating Sub-Areas
**WARN: (IMPVFG-1198):	The number of CPUs requested 16 is larger than that verify_drc used 1. In Multithreading mode, the number of CPUs verify_drc used is not larger than the number of subareas.
 Use 'setMultiCpuUsage -localCpu' to specify the less cup number if the verify area is not large.
  VERIFY DRC ...... Using new threading

  Verification Complete : 0 Viols.

 *** End Verify DRC (CPU: 0:00:00.0  ELAPSED TIME: 0.00  MEM: 1.0M) ***

# verifyProcessAntenna
<CMD> verifyProcessAntenna

******* START VERIFY ANTENNA ********
Report File: ringosc.antenna.rpt
LEF Macro File: ringosc.antenna.lef
Verification Complete: 0 Violations
******* DONE VERIFY ANTENNA ********
(CPU Time: 0:00:00.0  MEM: 0.000M)

# puts "<FF> Plugin -> post_signoff_tcl"
# um::pop_snapshot_stack
<CMD> um::pop_snapshot_stack
# create_snapshot -name signoff -categories design
<CMD> reportMultiBitFFs -statistics
------------------------------------------------------------
	Current design flip-flop statistics

Single-Bit FF Count  :            0
Multi-Bit FF Count   :            0
Total Bit Count      :            0
Total FF Count       :            0
Bits Per Flop        :         -nan
------------------------------------------------------------
<CMD> get_metric -raw -id current -uuid cd1088fd-7220-4f15-8e9b-3d5ffc6a777a clock.Routing.area.total
<CMD> get_metric -raw -id current -uuid cd1088fd-7220-4f15-8e9b-3d5ffc6a777a clock.PostConditioning.area.total
<CMD> get_metric -raw -id current -uuid cd1088fd-7220-4f15-8e9b-3d5ffc6a777a clock.eGRPC.area.total
<CMD> get_metric -raw -id current -uuid cd1088fd-7220-4f15-8e9b-3d5ffc6a777a clock.Routing.area.total
<CMD> get_metric -raw -id current -uuid cd1088fd-7220-4f15-8e9b-3d5ffc6a777a clock.Implementation.area.total
<CMD> get_metric -raw -id current -uuid cd1088fd-7220-4f15-8e9b-3d5ffc6a777a clock.eGRPC.area.total
<CMD> get_metric -raw -id current -uuid cd1088fd-7220-4f15-8e9b-3d5ffc6a777a clock.Construction.area.total
<CMD> get_metric -raw -id current -uuid cd1088fd-7220-4f15-8e9b-3d5ffc6a777a clock.Implementation.area.total
<CMD> get_metric -raw -id current -uuid 08cdf640-8041-4a03-bfde-c1714be687d0 clock.Routing.area.total
<CMD> get_metric -raw -id current -uuid 08cdf640-8041-4a03-bfde-c1714be687d0 clock.PostConditioning.area.total
<CMD> get_metric -raw -id current -uuid 08cdf640-8041-4a03-bfde-c1714be687d0 clock.eGRPC.area.total
<CMD> get_metric -raw -id current -uuid 08cdf640-8041-4a03-bfde-c1714be687d0 clock.Routing.area.total
<CMD> get_metric -raw -id current -uuid 08cdf640-8041-4a03-bfde-c1714be687d0 clock.Implementation.area.total
<CMD> get_metric -raw -id current -uuid 08cdf640-8041-4a03-bfde-c1714be687d0 clock.eGRPC.area.total
<CMD> get_metric -raw -id current -uuid 08cdf640-8041-4a03-bfde-c1714be687d0 clock.Construction.area.total
<CMD> get_metric -raw -id current -uuid 08cdf640-8041-4a03-bfde-c1714be687d0 clock.Implementation.area.total
<CMD> get_metric -raw -id current -uuid 9fb44699-3ab5-4b80-a15d-02e6bfd22d5d clock.Routing.area.total
<CMD> get_metric -raw -id current -uuid 9fb44699-3ab5-4b80-a15d-02e6bfd22d5d clock.PostConditioning.area.total
<CMD> get_metric -raw -id current -uuid 9fb44699-3ab5-4b80-a15d-02e6bfd22d5d clock.eGRPC.area.total
<CMD> get_metric -raw -id current -uuid 9fb44699-3ab5-4b80-a15d-02e6bfd22d5d clock.Routing.area.total
<CMD> get_metric -raw -id current -uuid 9fb44699-3ab5-4b80-a15d-02e6bfd22d5d clock.Implementation.area.total
<CMD> get_metric -raw -id current -uuid 9fb44699-3ab5-4b80-a15d-02e6bfd22d5d clock.eGRPC.area.total
<CMD> get_metric -raw -id current -uuid 9fb44699-3ab5-4b80-a15d-02e6bfd22d5d clock.Construction.area.total
<CMD> get_metric -raw -id current -uuid 9fb44699-3ab5-4b80-a15d-02e6bfd22d5d clock.Implementation.area.total
<CMD> get_metric -raw -id current -uuid fd07fc1d-d973-4833-b205-88682f9a7b87 clock.Routing.area.total
<CMD> get_metric -raw -id current -uuid fd07fc1d-d973-4833-b205-88682f9a7b87 clock.PostConditioning.area.total
<CMD> get_metric -raw -id current -uuid fd07fc1d-d973-4833-b205-88682f9a7b87 clock.eGRPC.area.total
<CMD> get_metric -raw -id current -uuid fd07fc1d-d973-4833-b205-88682f9a7b87 clock.Routing.area.total
<CMD> get_metric -raw -id current -uuid fd07fc1d-d973-4833-b205-88682f9a7b87 clock.Implementation.area.total
<CMD> get_metric -raw -id current -uuid fd07fc1d-d973-4833-b205-88682f9a7b87 clock.eGRPC.area.total
<CMD> get_metric -raw -id current -uuid fd07fc1d-d973-4833-b205-88682f9a7b87 clock.Construction.area.total
<CMD> get_metric -raw -id current -uuid fd07fc1d-d973-4833-b205-88682f9a7b87 clock.Implementation.area.total
<CMD> get_metric -raw -id current -uuid f7369054-40c2-4977-b63a-7cf18550aa0e clock.Routing.area.total
<CMD> get_metric -raw -id current -uuid f7369054-40c2-4977-b63a-7cf18550aa0e clock.PostConditioning.area.total
<CMD> get_metric -raw -id current -uuid f7369054-40c2-4977-b63a-7cf18550aa0e clock.eGRPC.area.total
<CMD> get_metric -raw -id current -uuid f7369054-40c2-4977-b63a-7cf18550aa0e clock.Routing.area.total
<CMD> get_metric -raw -id current -uuid f7369054-40c2-4977-b63a-7cf18550aa0e clock.Implementation.area.total
<CMD> get_metric -raw -id current -uuid f7369054-40c2-4977-b63a-7cf18550aa0e clock.eGRPC.area.total
<CMD> get_metric -raw -id current -uuid f7369054-40c2-4977-b63a-7cf18550aa0e clock.Construction.area.total
<CMD> get_metric -raw -id current -uuid f7369054-40c2-4977-b63a-7cf18550aa0e clock.Implementation.area.total
<CMD> get_metric -raw -id current -uuid 583cab5c-2e1e-4b40-8b7e-e87fe0cffb3b clock.Routing.area.total
<CMD> get_metric -raw -id current -uuid 583cab5c-2e1e-4b40-8b7e-e87fe0cffb3b clock.PostConditioning.area.total
<CMD> get_metric -raw -id current -uuid 583cab5c-2e1e-4b40-8b7e-e87fe0cffb3b clock.eGRPC.area.total
<CMD> get_metric -raw -id current -uuid 583cab5c-2e1e-4b40-8b7e-e87fe0cffb3b clock.Routing.area.total
<CMD> get_metric -raw -id current -uuid 583cab5c-2e1e-4b40-8b7e-e87fe0cffb3b clock.Implementation.area.total
<CMD> get_metric -raw -id current -uuid 583cab5c-2e1e-4b40-8b7e-e87fe0cffb3b clock.eGRPC.area.total
<CMD> get_metric -raw -id current -uuid 583cab5c-2e1e-4b40-8b7e-e87fe0cffb3b clock.Construction.area.total
<CMD> get_metric -raw -id current -uuid 583cab5c-2e1e-4b40-8b7e-e87fe0cffb3b clock.Implementation.area.total
<CMD> get_metric -raw -id current -uuid d2c2d23a-8d80-4d58-9a82-38fc11a77e98 clock.Routing.area.total
<CMD> get_metric -raw -id current -uuid d2c2d23a-8d80-4d58-9a82-38fc11a77e98 clock.PostConditioning.area.total
<CMD> get_metric -raw -id current -uuid d2c2d23a-8d80-4d58-9a82-38fc11a77e98 clock.eGRPC.area.total
<CMD> get_metric -raw -id current -uuid d2c2d23a-8d80-4d58-9a82-38fc11a77e98 clock.Routing.area.total
<CMD> get_metric -raw -id current -uuid d2c2d23a-8d80-4d58-9a82-38fc11a77e98 clock.Implementation.area.total
<CMD> get_metric -raw -id current -uuid d2c2d23a-8d80-4d58-9a82-38fc11a77e98 clock.eGRPC.area.total
<CMD> get_metric -raw -id current -uuid d2c2d23a-8d80-4d58-9a82-38fc11a77e98 clock.Construction.area.total
<CMD> get_metric -raw -id current -uuid d2c2d23a-8d80-4d58-9a82-38fc11a77e98 clock.Implementation.area.total
<CMD> get_metric -raw -id current -uuid cdb14e6f-7ace-49c6-9ccc-264f80d58edf clock.Routing.area.total
<CMD> get_metric -raw -id current -uuid cdb14e6f-7ace-49c6-9ccc-264f80d58edf clock.PostConditioning.area.total
<CMD> get_metric -raw -id current -uuid cdb14e6f-7ace-49c6-9ccc-264f80d58edf clock.eGRPC.area.total
<CMD> get_metric -raw -id current -uuid cdb14e6f-7ace-49c6-9ccc-264f80d58edf clock.Routing.area.total
<CMD> get_metric -raw -id current -uuid cdb14e6f-7ace-49c6-9ccc-264f80d58edf clock.Implementation.area.total
<CMD> get_metric -raw -id current -uuid cdb14e6f-7ace-49c6-9ccc-264f80d58edf clock.eGRPC.area.total
<CMD> get_metric -raw -id current -uuid cdb14e6f-7ace-49c6-9ccc-264f80d58edf clock.Construction.area.total
<CMD> get_metric -raw -id current -uuid cdb14e6f-7ace-49c6-9ccc-264f80d58edf clock.Implementation.area.total
<CMD> get_metric -raw -id current -uuid 59dae3b2-f737-4964-958e-9c829bd1fce6 clock.Routing.area.total
<CMD> get_metric -raw -id current -uuid 59dae3b2-f737-4964-958e-9c829bd1fce6 clock.PostConditioning.area.total
<CMD> get_metric -raw -id current -uuid 59dae3b2-f737-4964-958e-9c829bd1fce6 clock.eGRPC.area.total
<CMD> get_metric -raw -id current -uuid 59dae3b2-f737-4964-958e-9c829bd1fce6 clock.Routing.area.total
<CMD> get_metric -raw -id current -uuid 59dae3b2-f737-4964-958e-9c829bd1fce6 clock.Implementation.area.total
<CMD> get_metric -raw -id current -uuid 59dae3b2-f737-4964-958e-9c829bd1fce6 clock.eGRPC.area.total
<CMD> get_metric -raw -id current -uuid 59dae3b2-f737-4964-958e-9c829bd1fce6 clock.Construction.area.total
<CMD> get_metric -raw -id current -uuid 59dae3b2-f737-4964-958e-9c829bd1fce6 clock.Implementation.area.total
<CMD> get_metric -raw -id current -uuid d0dc1dbb-3d54-4a3d-860c-fc8ea5d46451 clock.Routing.area.total
<CMD> get_metric -raw -id current -uuid d0dc1dbb-3d54-4a3d-860c-fc8ea5d46451 clock.PostConditioning.area.total
<CMD> get_metric -raw -id current -uuid d0dc1dbb-3d54-4a3d-860c-fc8ea5d46451 clock.eGRPC.area.total
<CMD> get_metric -raw -id current -uuid d0dc1dbb-3d54-4a3d-860c-fc8ea5d46451 clock.Routing.area.total
<CMD> get_metric -raw -id current -uuid d0dc1dbb-3d54-4a3d-860c-fc8ea5d46451 clock.Implementation.area.total
<CMD> get_metric -raw -id current -uuid d0dc1dbb-3d54-4a3d-860c-fc8ea5d46451 clock.eGRPC.area.total
<CMD> get_metric -raw -id current -uuid d0dc1dbb-3d54-4a3d-860c-fc8ea5d46451 clock.Construction.area.total
<CMD> get_metric -raw -id current -uuid d0dc1dbb-3d54-4a3d-860c-fc8ea5d46451 clock.Implementation.area.total
<CMD> get_metric -raw -id current -uuid 320c7803-6481-449a-9810-e519f2208e8d clock.Routing.area.total
<CMD> get_metric -raw -id current -uuid 320c7803-6481-449a-9810-e519f2208e8d clock.PostConditioning.area.total
<CMD> get_metric -raw -id current -uuid 320c7803-6481-449a-9810-e519f2208e8d clock.eGRPC.area.total
<CMD> get_metric -raw -id current -uuid 320c7803-6481-449a-9810-e519f2208e8d clock.Routing.area.total
<CMD> get_metric -raw -id current -uuid 320c7803-6481-449a-9810-e519f2208e8d clock.Implementation.area.total
<CMD> get_metric -raw -id current -uuid 320c7803-6481-449a-9810-e519f2208e8d clock.eGRPC.area.total
<CMD> get_metric -raw -id current -uuid 320c7803-6481-449a-9810-e519f2208e8d clock.Construction.area.total
<CMD> get_metric -raw -id current -uuid 320c7803-6481-449a-9810-e519f2208e8d clock.Implementation.area.total
<CMD> get_metric -raw -id current -uuid eea72bc4-3105-49ea-9c18-0023fe45ac41 clock.Routing.area.total
<CMD> get_metric -raw -id current -uuid eea72bc4-3105-49ea-9c18-0023fe45ac41 clock.PostConditioning.area.total
<CMD> get_metric -raw -id current -uuid eea72bc4-3105-49ea-9c18-0023fe45ac41 clock.eGRPC.area.total
<CMD> get_metric -raw -id current -uuid eea72bc4-3105-49ea-9c18-0023fe45ac41 clock.Routing.area.total
<CMD> get_metric -raw -id current -uuid eea72bc4-3105-49ea-9c18-0023fe45ac41 clock.Implementation.area.total
<CMD> get_metric -raw -id current -uuid eea72bc4-3105-49ea-9c18-0023fe45ac41 clock.eGRPC.area.total
<CMD> get_metric -raw -id current -uuid eea72bc4-3105-49ea-9c18-0023fe45ac41 clock.Construction.area.total
<CMD> get_metric -raw -id current -uuid eea72bc4-3105-49ea-9c18-0023fe45ac41 clock.Implementation.area.total
<CMD> get_metric -raw -id current -uuid f8b8b2a2-d110-465b-9362-46f91bd45149 clock.Routing.area.total
<CMD> get_metric -raw -id current -uuid f8b8b2a2-d110-465b-9362-46f91bd45149 clock.PostConditioning.area.total
<CMD> get_metric -raw -id current -uuid f8b8b2a2-d110-465b-9362-46f91bd45149 clock.eGRPC.area.total
<CMD> get_metric -raw -id current -uuid f8b8b2a2-d110-465b-9362-46f91bd45149 clock.Routing.area.total
<CMD> get_metric -raw -id current -uuid f8b8b2a2-d110-465b-9362-46f91bd45149 clock.Implementation.area.total
<CMD> get_metric -raw -id current -uuid f8b8b2a2-d110-465b-9362-46f91bd45149 clock.eGRPC.area.total
<CMD> get_metric -raw -id current -uuid f8b8b2a2-d110-465b-9362-46f91bd45149 clock.Construction.area.total
<CMD> get_metric -raw -id current -uuid f8b8b2a2-d110-465b-9362-46f91bd45149 clock.Implementation.area.total
<CMD> get_metric -raw -id current -uuid 00ae5084-11ae-4679-af6e-88c79abc3dd6 clock.Routing.area.total
<CMD> get_metric -raw -id current -uuid 00ae5084-11ae-4679-af6e-88c79abc3dd6 clock.PostConditioning.area.total
<CMD> get_metric -raw -id current -uuid 00ae5084-11ae-4679-af6e-88c79abc3dd6 clock.eGRPC.area.total
<CMD> get_metric -raw -id current -uuid 00ae5084-11ae-4679-af6e-88c79abc3dd6 clock.Routing.area.total
<CMD> get_metric -raw -id current -uuid 00ae5084-11ae-4679-af6e-88c79abc3dd6 clock.Implementation.area.total
<CMD> get_metric -raw -id current -uuid 00ae5084-11ae-4679-af6e-88c79abc3dd6 clock.eGRPC.area.total
<CMD> get_metric -raw -id current -uuid 00ae5084-11ae-4679-af6e-88c79abc3dd6 clock.Construction.area.total
<CMD> get_metric -raw -id current -uuid 00ae5084-11ae-4679-af6e-88c79abc3dd6 clock.Implementation.area.total
UM:   flow.cputime  flow.realtime  timing.setup.tns  timing.setup.wns  snapshot
UM:           2.37              5                                      signoff
# report_metric -file reports/metrics.html -format html
<CMD> um::get_metric_definition -name *.drc
<CMD> um::get_metric_definition -name *.drc.layer:*
<CMD> um::get_metric_definition -name *.drc.layer:*.type:*
<CMD> um::get_metric_definition -name *.drc.type:*
<CMD> um::get_metric_definition -name check.drc
<CMD> um::get_metric_definition -name check.drc.antenna
<CMD> um::get_metric_definition -name check.place.*
<CMD> um::get_metric_definition -name clock.area.buffer
<CMD> um::get_metric_definition -name clock.area.clkgate
<CMD> um::get_metric_definition -name clock.area.inverter
<CMD> um::get_metric_definition -name clock.area.logic
<CMD> um::get_metric_definition -name clock.area.nonicg
<CMD> um::get_metric_definition -name clock.area.total
<CMD> um::get_metric_definition -name clock.area_distribution.buffer.base_cell:*
<CMD> um::get_metric_definition -name clock.area_distribution.clkgate.base_cell:*
<CMD> um::get_metric_definition -name clock.area_distribution.inverter.base_cell:*
<CMD> um::get_metric_definition -name clock.area_distribution.logic.base_cell:*
<CMD> um::get_metric_definition -name clock.area_distribution.nonicg.base_cell:*
<CMD> um::get_metric_definition -name clock.buffer_depth_constraint.skew_group:*.*
<CMD> um::get_metric_definition -name clock.capacitance.gate.leaf
<CMD> um::get_metric_definition -name clock.capacitance.gate.top
<CMD> um::get_metric_definition -name clock.capacitance.gate.trunk
<CMD> um::get_metric_definition -name clock.capacitance.sink.*
<CMD> um::get_metric_definition -name clock.capacitance.total.leaf
<CMD> um::get_metric_definition -name clock.capacitance.total.top
<CMD> um::get_metric_definition -name clock.capacitance.total.trunk
<CMD> um::get_metric_definition -name clock.capacitance.wire.leaf
<CMD> um::get_metric_definition -name clock.capacitance.wire.top
<CMD> um::get_metric_definition -name clock.capacitance.wire.trunk
<CMD> um::get_metric_definition -name clock.drv.nets.capacitance.*
<CMD> um::get_metric_definition -name clock.drv.nets.capacitance.count
<CMD> um::get_metric_definition -name clock.drv.nets.capacitance.max
<CMD> um::get_metric_definition -name clock.drv.nets.fanout.*
<CMD> um::get_metric_definition -name clock.drv.nets.fanout.count
<CMD> um::get_metric_definition -name clock.drv.nets.fanout.max
<CMD> um::get_metric_definition -name clock.drv.nets.length.*
<CMD> um::get_metric_definition -name clock.drv.nets.length.count
<CMD> um::get_metric_definition -name clock.drv.nets.length.max
<CMD> um::get_metric_definition -name clock.drv.nets.remaining
<CMD> um::get_metric_definition -name clock.drv.nets.resistance.*
<CMD> um::get_metric_definition -name clock.drv.nets.resistance.count
<CMD> um::get_metric_definition -name clock.drv.nets.resistance.max
<CMD> um::get_metric_definition -name clock.drv.nets.unfixable
<CMD> um::get_metric_definition -name clock.halo.clock_tree:*.count
<CMD> um::get_metric_definition -name clock.halo.clock_tree:*.violations
<CMD> um::get_metric_definition -name clock.instances.buffer
<CMD> um::get_metric_definition -name clock.instances.buffer.creator.*
<CMD> um::get_metric_definition -name clock.instances.clkgate
<CMD> um::get_metric_definition -name clock.instances.inverter
<CMD> um::get_metric_definition -name clock.instances.inverter.creator.*
<CMD> um::get_metric_definition -name clock.instances.logic
<CMD> um::get_metric_definition -name clock.instances.nonicg
<CMD> um::get_metric_definition -name clock.instances.total
<CMD> um::get_metric_definition -name clock.instances_distribution.buffer.base_cell:*
<CMD> um::get_metric_definition -name clock.instances_distribution.clkgate.base_cell:*
<CMD> um::get_metric_definition -name clock.instances_distribution.inverter.base_cell:*
<CMD> um::get_metric_definition -name clock.instances_distribution.logic.base_cell:*
<CMD> um::get_metric_definition -name clock.instances_distribution.nonicg.base_cell:*
<CMD> um::get_metric_definition -name clock.latency.primary_reporting_skew_group.primary_half_corner.*
<CMD> um::get_metric_definition -name clock.latency.skew_group:*.delay_corner:*.early.*
<CMD> um::get_metric_definition -name clock.latency.skew_group:*.delay_corner:*.late.*
<CMD> um::get_metric_definition -name clock.nets.length.leaf
<CMD> um::get_metric_definition -name clock.nets.length.top
<CMD> um::get_metric_definition -name clock.nets.length.total
<CMD> um::get_metric_definition -name clock.nets.length.trunk
<CMD> um::get_metric_definition -name clock.skew.primary_reporting_skew_group.primary_half_corner.*
<CMD> um::get_metric_definition -name clock.skew.primary_reporting_skew_group.primary_half_corner.skew_band.*
<CMD> um::get_metric_definition -name clock.skew.skew_group:*.delay_corner:*.early.gate
<CMD> um::get_metric_definition -name clock.skew.skew_group:*.delay_corner:*.early.skew_band.*
<CMD> um::get_metric_definition -name clock.skew.skew_group:*.delay_corner:*.early.target
<CMD> um::get_metric_definition -name clock.skew.skew_group:*.delay_corner:*.early.target_met
<CMD> um::get_metric_definition -name clock.skew.skew_group:*.delay_corner:*.early.total
<CMD> um::get_metric_definition -name clock.skew.skew_group:*.delay_corner:*.early.wire
<CMD> um::get_metric_definition -name clock.skew.skew_group:*.delay_corner:*.late.gate
<CMD> um::get_metric_definition -name clock.skew.skew_group:*.delay_corner:*.late.skew_band.*
<CMD> um::get_metric_definition -name clock.skew.skew_group:*.delay_corner:*.late.target
<CMD> um::get_metric_definition -name clock.skew.skew_group:*.delay_corner:*.late.target_met
<CMD> um::get_metric_definition -name clock.skew.skew_group:*.delay_corner:*.late.total
<CMD> um::get_metric_definition -name clock.skew.skew_group:*.delay_corner:*.late.wire
<CMD> um::get_metric_definition -name clock.stage_depth_constraint.*
<CMD> um::get_metric_definition -name clock.transition.auto_target.delay_corner:*.early.clock_tree:*
<CMD> um::get_metric_definition -name clock.transition.auto_target.delay_corner:*.late.clock_tree:*
<CMD> um::get_metric_definition -name clock.transition.primary_half_corner.leaf.*.*
<CMD> um::get_metric_definition -name clock.transition.primary_half_corner.leaf.*.max
<CMD> um::get_metric_definition -name clock.transition.primary_half_corner.top.*.*
<CMD> um::get_metric_definition -name clock.transition.primary_half_corner.top.*.max
<CMD> um::get_metric_definition -name clock.transition.primary_half_corner.trunk.*.*
<CMD> um::get_metric_definition -name clock.transition.primary_half_corner.trunk.*.max
<CMD> um::get_metric_definition -name clock.transition.target.delay_corner:*.early.leaf.clock_tree:*
<CMD> um::get_metric_definition -name clock.transition.target.delay_corner:*.early.top.clock_tree:*
<CMD> um::get_metric_definition -name clock.transition.target.delay_corner:*.early.trunk.clock_tree:*
<CMD> um::get_metric_definition -name clock.transition.target.delay_corner:*.late.leaf.clock_tree:*
<CMD> um::get_metric_definition -name clock.transition.target.delay_corner:*.late.top.clock_tree:*
<CMD> um::get_metric_definition -name clock.transition.target.delay_corner:*.late.trunk.clock_tree:*
<CMD> um::get_metric_definition -name clock.transition.target.primary_half_corner.leaf.*
<CMD> um::get_metric_definition -name clock.transition.target.primary_half_corner.top.*
<CMD> um::get_metric_definition -name clock.transition.target.primary_half_corner.trunk.*
<CMD> um::get_metric_definition -name design.area
<CMD> um::get_metric_definition -name design.area.always_on
<CMD> um::get_metric_definition -name design.area.blackbox
<CMD> um::get_metric_definition -name design.area.buffer
<CMD> um::get_metric_definition -name design.area.combinatorial
<CMD> um::get_metric_definition -name design.area.hinst:*
<CMD> um::get_metric_definition -name design.area.icg
<CMD> um::get_metric_definition -name design.area.inverter
<CMD> um::get_metric_definition -name design.area.io
<CMD> um::get_metric_definition -name design.area.isolation
<CMD> um::get_metric_definition -name design.area.latch
<CMD> um::get_metric_definition -name design.area.level_shifter
<CMD> um::get_metric_definition -name design.area.logical
<CMD> um::get_metric_definition -name design.area.macro
<CMD> um::get_metric_definition -name design.area.physical
<CMD> um::get_metric_definition -name design.area.power_switch
<CMD> um::get_metric_definition -name design.area.register
<CMD> um::get_metric_definition -name design.area.std_cell
<CMD> um::get_metric_definition -name design.area.vth:*
<CMD> um::get_metric_definition -name design.area.vth:*.ratio
<CMD> um::get_metric_definition -name design.blockages.place.area
<CMD> um::get_metric_definition -name design.blockages.route.area
<CMD> um::get_metric_definition -name design.blockages.route.area.layer:*
<CMD> um::get_metric_definition -name design.congestion.hotspot.max
<CMD> um::get_metric_definition -name design.congestion.hotspot.total
<CMD> um::get_metric_definition -name design.density
<CMD> um::get_metric_definition -name design.floorplan.image
<CMD> um::get_metric_definition -name design.instances
<CMD> um::get_metric_definition -name design.instances.always_on
<CMD> um::get_metric_definition -name design.instances.blackbox
<CMD> um::get_metric_definition -name design.instances.buffer
<CMD> um::get_metric_definition -name design.instances.combinatorial
<CMD> um::get_metric_definition -name design.instances.hinst:*
<CMD> um::get_metric_definition -name design.instances.icg
<CMD> um::get_metric_definition -name design.instances.inverter
<CMD> um::get_metric_definition -name design.instances.io
<CMD> um::get_metric_definition -name design.instances.isolation
<CMD> um::get_metric_definition -name design.instances.latch
<CMD> um::get_metric_definition -name design.instances.level_shifter
<CMD> um::get_metric_definition -name design.instances.logical
<CMD> um::get_metric_definition -name design.instances.macro
<CMD> um::get_metric_definition -name design.instances.physical
<CMD> um::get_metric_definition -name design.instances.power_switch
<CMD> um::get_metric_definition -name design.instances.register
<CMD> um::get_metric_definition -name design.instances.std_cell
<CMD> um::get_metric_definition -name design.instances.vth:*
<CMD> um::get_metric_definition -name design.instances.vth:*.ratio
<CMD> um::get_metric_definition -name design.multibit.*
<CMD> um::get_metric_definition -name design.name
<CMD> um::get_metric_definition -name design.route.drc.image
<CMD> um::get_metric_definition -name flow.cputime
<CMD> um::get_metric_definition -name flow.cputime.total
<CMD> um::get_metric_definition -name flow.last_child_snapshot
<CMD> um::get_metric_definition -name flow.log
<CMD> um::get_metric_definition -name flow.machine
<CMD> um::get_metric_definition -name flow.machine.cpu.frequency
<CMD> um::get_metric_definition -name flow.machine.cpu.model
<CMD> um::get_metric_definition -name flow.machine.cpu.number
<CMD> um::get_metric_definition -name flow.machine.hostname
<CMD> um::get_metric_definition -name flow.machine.load
<CMD> um::get_metric_definition -name flow.machine.memory.free
<CMD> um::get_metric_definition -name flow.machine.memory.total
<CMD> um::get_metric_definition -name flow.machine.os
<CMD> um::get_metric_definition -name flow.machine.swap.free
<CMD> um::get_metric_definition -name flow.machine.swap.total
<CMD> um::get_metric_definition -name flow.memory
<CMD> um::get_metric_definition -name flow.memory.resident
<CMD> um::get_metric_definition -name flow.memory.resident.peak
<CMD> um::get_metric_definition -name flow.realtime
<CMD> um::get_metric_definition -name flow.realtime.total
<CMD> um::get_metric_definition -name flow.root_config
<CMD> um::get_metric_definition -name flow.run_directory
<CMD> um::get_metric_definition -name flow.run_tag
<CMD> um::get_metric_definition -name flow.step.tcl
<CMD> um::get_metric_definition -name flow.template.feature_enabled
<CMD> um::get_metric_definition -name flow.template.type
<CMD> um::get_metric_definition -name flow.tool_list
<CMD> um::get_metric_definition -name flow.user
<CMD> um::get_metric_definition -name flowtool.status
<CMD> um::get_metric_definition -name messages
<CMD> um::get_metric_definition -name name
<CMD> um::get_metric_definition -name power
<CMD> um::get_metric_definition -name power.clock
<CMD> um::get_metric_definition -name power.hinst:*
<CMD> um::get_metric_definition -name power.internal
<CMD> um::get_metric_definition -name power.internal.hinst:*
<CMD> um::get_metric_definition -name power.internal.type:*
<CMD> um::get_metric_definition -name power.leakage
<CMD> um::get_metric_definition -name power.leakage.hinst:*
<CMD> um::get_metric_definition -name power.leakage.type:*
<CMD> um::get_metric_definition -name power.switching
<CMD> um::get_metric_definition -name power.switching.hinst:*
<CMD> um::get_metric_definition -name power.switching.type:*
<CMD> um::get_metric_definition -name route.drc
<CMD> um::get_metric_definition -name route.drc.antenna
<CMD> um::get_metric_definition -name route.drc.layer:*
<CMD> um::get_metric_definition -name route.map.*
<CMD> um::get_metric_definition -name route.overflow
<CMD> um::get_metric_definition -name route.overflow.horizontal
<CMD> um::get_metric_definition -name route.overflow.layer:*
<CMD> um::get_metric_definition -name route.overflow.vertical
<CMD> um::get_metric_definition -name route.shielding.*
<CMD> um::get_metric_definition -name route.via
<CMD> um::get_metric_definition -name route.via.layer:*
<CMD> um::get_metric_definition -name route.via.multicut
<CMD> um::get_metric_definition -name route.via.multicut.layer:*
<CMD> um::get_metric_definition -name route.via.multicut.percentage
<CMD> um::get_metric_definition -name route.via.singlecut
<CMD> um::get_metric_definition -name route.via.singlecut.layer:*
<CMD> um::get_metric_definition -name route.via.singlecut.percentage
<CMD> um::get_metric_definition -name route.via.total
<CMD> um::get_metric_definition -name route.wirelength
<CMD> um::get_metric_definition -name timing.drv.max_cap.total
<CMD> um::get_metric_definition -name timing.drv.max_cap.worst
<CMD> um::get_metric_definition -name timing.drv.max_fanout.total
<CMD> um::get_metric_definition -name timing.drv.max_fanout.worst
<CMD> um::get_metric_definition -name timing.drv.max_length.total
<CMD> um::get_metric_definition -name timing.drv.max_length.worst
<CMD> um::get_metric_definition -name timing.drv.max_tran.total
<CMD> um::get_metric_definition -name timing.drv.max_tran.worst
<CMD> um::get_metric_definition -name timing.hold.feps
<CMD> um::get_metric_definition -name timing.hold.feps.analysis_view:*
<CMD> um::get_metric_definition -name timing.hold.feps.path_group:*
<CMD> um::get_metric_definition -name timing.hold.feps.path_group:*.analysis_view:*
<CMD> um::get_metric_definition -name timing.hold.feps.path_group:reg2reg
<CMD> um::get_metric_definition -name timing.hold.histogram
<CMD> um::get_metric_definition -name timing.hold.histogram.views
<CMD> um::get_metric_definition -name timing.hold.tns
<CMD> um::get_metric_definition -name timing.hold.tns.analysis_view:*
<CMD> um::get_metric_definition -name timing.hold.tns.path_group:*
<CMD> um::get_metric_definition -name timing.hold.tns.path_group:*.analysis_view:*
<CMD> um::get_metric_definition -name timing.hold.tns.path_group:reg2reg
<CMD> um::get_metric_definition -name timing.hold.type
<CMD> um::get_metric_definition -name timing.hold.wns
<CMD> um::get_metric_definition -name timing.hold.wns.analysis_view:*
<CMD> um::get_metric_definition -name timing.hold.wns.path_group:*
<CMD> um::get_metric_definition -name timing.hold.wns.path_group:*.analysis_view:*
<CMD> um::get_metric_definition -name timing.hold.wns.path_group:reg2reg
<CMD> um::get_metric_definition -name timing.min_pulse_width.clocktree.feps
<CMD> um::get_metric_definition -name timing.min_pulse_width.clocktree.feps.analysis_view:*
<CMD> um::get_metric_definition -name timing.min_pulse_width.clocktree.feps.analysis_view:*.clock:*
<CMD> um::get_metric_definition -name timing.min_pulse_width.clocktree.feps.clock:*
<CMD> um::get_metric_definition -name timing.min_pulse_width.clocktree.tns
<CMD> um::get_metric_definition -name timing.min_pulse_width.clocktree.tns.analysis_view:*
<CMD> um::get_metric_definition -name timing.min_pulse_width.clocktree.tns.analysis_view:*.clock:*
<CMD> um::get_metric_definition -name timing.min_pulse_width.clocktree.tns.clock:*
<CMD> um::get_metric_definition -name timing.min_pulse_width.clocktree.wns
<CMD> um::get_metric_definition -name timing.min_pulse_width.clocktree.wns.analysis_view:*
<CMD> um::get_metric_definition -name timing.min_pulse_width.clocktree.wns.analysis_view:*.clock:*
<CMD> um::get_metric_definition -name timing.min_pulse_width.clocktree.wns.clock:*
<CMD> um::get_metric_definition -name timing.min_pulse_width.endpoints.feps
<CMD> um::get_metric_definition -name timing.min_pulse_width.endpoints.feps.analysis_view:*
<CMD> um::get_metric_definition -name timing.min_pulse_width.endpoints.feps.analysis_view:*.clock:*
<CMD> um::get_metric_definition -name timing.min_pulse_width.endpoints.feps.clock:*
<CMD> um::get_metric_definition -name timing.min_pulse_width.endpoints.tns
<CMD> um::get_metric_definition -name timing.min_pulse_width.endpoints.tns.analysis_view:*
<CMD> um::get_metric_definition -name timing.min_pulse_width.endpoints.tns.analysis_view:*.clock:*
<CMD> um::get_metric_definition -name timing.min_pulse_width.endpoints.tns.clock:*
<CMD> um::get_metric_definition -name timing.min_pulse_width.endpoints.wns
<CMD> um::get_metric_definition -name timing.min_pulse_width.endpoints.wns.analysis_view:%.clock:*
<CMD> um::get_metric_definition -name timing.min_pulse_width.endpoints.wns.analysis_view:*
<CMD> um::get_metric_definition -name timing.min_pulse_width.endpoints.wns.analysis_view:*.clock:*
<CMD> um::get_metric_definition -name timing.min_pulse_width.endpoints.wns.clock:*
<CMD> um::get_metric_definition -name timing.setup.feps
<CMD> um::get_metric_definition -name timing.setup.feps.analysis_view:*
<CMD> um::get_metric_definition -name timing.setup.feps.path_group:*
<CMD> um::get_metric_definition -name timing.setup.feps.path_group:*.analysis_view:*
<CMD> um::get_metric_definition -name timing.setup.feps.path_group:reg2reg
<CMD> um::get_metric_definition -name timing.setup.histogram
<CMD> um::get_metric_definition -name timing.setup.histogram.views
<CMD> um::get_metric_definition -name timing.setup.tns
<CMD> um::get_metric_definition -name timing.setup.tns.analysis_view:*
<CMD> um::get_metric_definition -name timing.setup.tns.path_group:*
<CMD> um::get_metric_definition -name timing.setup.tns.path_group:*.analysis_view:*
<CMD> um::get_metric_definition -name timing.setup.tns.path_group:reg2reg
<CMD> um::get_metric_definition -name timing.setup.type
<CMD> um::get_metric_definition -name timing.setup.wns
<CMD> um::get_metric_definition -name timing.setup.wns.analysis_view:*
<CMD> um::get_metric_definition -name timing.setup.wns.path_group:*
<CMD> um::get_metric_definition -name timing.setup.wns.path_group:*.analysis_view:*
<CMD> um::get_metric_definition -name timing.setup.wns.path_group:reg2reg
<CMD> um::get_metric_definition -name timing.si.double_clocking.analysis_view:*
<CMD> um::get_metric_definition -name timing.si.double_clocking.frequency_violations.analysis_view:*
<CMD> um::get_metric_definition -name timing.si.double_clocking.report_file.analysis_view:*
<CMD> um::get_metric_definition -name timing.si.glitches
<CMD> um::get_metric_definition -name timing.si.noise
<CMD> um::get_metric_definition -name transition.*
<CMD> um::get_metric_definition -name transition.count
<CMD> um::get_metric_definition -name transition.max
# return
### End verbose source output for 'innovus-foundation-flow/INNOVUS/run_signoff.tcl'.
### End verbose source output for 'scripts/main.tcl'.
### Start verbose source output (echo mode) for 'scripts/generate-results.tcl' ...
# write_sdf $vars(results_dir)/$vars(design).sdf
<CMD> write_sdf $vars(results_dir)/$vars(design).sdf
**WARN: (SDF-808):	The software is currently operating in a high performance mode which optimizes the handling of multiple timing arcs between input and output pin pairs. With the current settings, the SDF file generated will contain the same delay information for all of these arcs. To have the SDF recalculated with explicit pin pair data, you should use the option '-recompute_delay_calc'. This setting is recommended for generating SDF for functional  simulation applications.
Starting SI iteration 1 using Infinite Timing Windows
Total CPU(s) requested: 16
Total CPU(s) enabled with current License(s): 8
Current free CPU(s): 8
Additional license(s) checked out: 1 Innovus_CPU_Opt license(s) for 8 CPU(s)
Total CPU(s) now enabled: 16
Multithreaded Timing Analysis is initialized with 16 threads

#################################################################################
# Design Stage: PostRoute
# Design Name: ringosc
# Design Mode: 130nm
# Analysis Mode: MMMC OCV 
# Parasitics Mode: SPEF/RCDB 
# Signoff Settings: SI On 
#################################################################################
Start delay calculation (fullDC) (16 T). (MEM=1229.58)
Initializing multi-corner capacitance tables ... 
Initializing multi-corner resistance tables ...
Total number of fetched objects 5
AAE_INFO-618: Total number of nets in the design is 16,  25.0 percent of the nets selected for SI analysis
End delay calculation. (MEM=1472.73 CPU=0:00:00.0 REAL=0:00:00.0)
End delay calculation (fullDC). (MEM=1472.73 CPU=0:00:00.1 REAL=0:00:00.0)
Loading CTE timing window with TwFlowType 0...(CPU = 0:00:00.0, REAL = 0:00:00.0, MEM = 1432.7M)
Add other clocks and setupCteToAAEClockMapping during iter 1
Loading CTE timing window is completed (CPU = 0:00:00.0, REAL = 0:00:00.0, MEM = 1464.7M)
Starting SI iteration 2
Start delay calculation (fullDC) (16 T). (MEM=1304.73)
Glitch Analysis: View analysis_default -- Total Number of Nets Skipped = 0. 
Glitch Analysis: View analysis_default -- Total Number of Nets Analyzed = 5. 
Total number of fetched objects 5
AAE_INFO-618: Total number of nets in the design is 16,  0.0 percent of the nets selected for SI analysis
End delay calculation. (MEM=1501.55 CPU=0:00:00.0 REAL=0:00:00.0)
End delay calculation (fullDC). (MEM=1501.55 CPU=0:00:00.0 REAL=0:00:00.0)
# writeTimingCon $vars(results_dir)/$vars(design).sdc
<CMD> writeTimingCon results/ringosc.sdc
# sed -i "s/^current_design/\#current_design/" $vars(results_dir)/$vars(design).sdc
# sed -i "s/get_design.*$/current_design\]/" $vars(results_dir)/$vars(design).sdc
# foreach x $ADK_LVS_EXCLUDE_CELL_LIST {
  append lvs_exclude_list [dbGet -u -e top.insts.cell.name $x] " "
}
# saveNetlist -excludeLeafCell                   \
            -flat                              \
            -phys                              \
            $vars(results_dir)/$vars(design).lvs.v
<CMD> saveNetlist -excludeLeafCell -flat -phys results/ringosc.lvs.v
Writing Netlist "results/ringosc.lvs.v" ...
Pwr name (VDD).
Gnd name (VSS).
1 Pwr names and 1 Gnd names.
# foreach x $ADK_VIRTUOSO_EXCLUDE_CELL_LIST {
  append virtuoso_exclude_list [dbGet -u -e top.physInsts.cell.name $x] " "
}
# saveNetlist -excludeLeafCell                        \
            -phys                                   \
            -excludeCellInst $virtuoso_exclude_list \
            $vars(results_dir)/$vars(design).virtuoso.v
<CMD> saveNetlist -excludeLeafCell -phys -excludeCellInst {  } results/ringosc.virtuoso.v
Writing Netlist "results/ringosc.virtuoso.v" ...
Pwr name (VDD).
Gnd name (VSS).
1 Pwr names and 1 Gnd names.
# saveNetlist -excludeLeafCell $vars(results_dir)/$vars(design).vcs.v
<CMD> saveNetlist -excludeLeafCell results/ringosc.vcs.v
Writing Netlist "results/ringosc.vcs.v" ...
# saveNetlist -includePowerGround -excludeLeafCell $vars(results_dir)/$vars(design).vcs.pg.v
<CMD> saveNetlist -includePowerGround -excludeLeafCell results/ringosc.vcs.pg.v
Writing Netlist "results/ringosc.vcs.pg.v" ...
Pwr name (VDD).
Gnd name (VSS).
1 Pwr names and 1 Gnd names.
# write_lef_abstract                                                       \
  -specifyTopLayer $vars(max_route_layer)                                \
  -PGPinLayers [list $ADK_POWER_MESH_BOT_LAYER $ADK_POWER_MESH_TOP_LAYER] \
  -noCutObs                                                              \
  -stripePin                                                             \
  $vars(results_dir)/$vars(design).lef
<CMD> write_lef_abstract -specifyTopLayer 6 -PGPinLayers {5 6} -noCutObs -stripePin results/ringosc.lef
# defOut -routing $vars(results_dir)/$vars(design).def.gz
<CMD> defOut -routing results/ringosc.def.gz
Writing DEF file 'results/ringosc.def.gz', current time is Tue May  3 17:13:28 2022 ...
unitPerMicron=1000, dbgMicronPerDBU=0.001000, unitPerDBU=1.000000
DEF file 'results/ringosc.def.gz' is written, current time is Tue May  3 17:13:29 2022 ...
### End verbose source output for 'scripts/generate-results.tcl'.
### Start verbose source output (echo mode) for 'scripts/reporting.tcl' ...
# report_area -verbose > $vars(rpt_dir)/$vars(step).area.rpt
<CMD> report_area -verbose > reports/signoff.area.rpt
### End verbose source output for 'scripts/reporting.tcl'.
<CMD> getVersion
<CMD> saveDesign checkpoints/design.checkpoint/save.enc -user_path
The in-memory database contained RC information but was not saved. To save 
the RC information, use saveDesign's -rc option. Note: Saving RC information can be quite large, 
so it should only be saved when it is really desired.
#% Begin save design ... (date=05/03 17:13:29, mem=1138.8M)
% Begin Save ccopt configuration ... (date=05/03 17:13:29, mem=1141.8M)
% End Save ccopt configuration ... (date=05/03 17:13:29, total cpu=0:00:00.0, real=0:00:00.0, peak res=1143.2M, current mem=1143.2M)
% Begin Save netlist data ... (date=05/03 17:13:29, mem=1143.3M)
Writing Binary DB to checkpoints/design.checkpoint/save.enc.dat/vbin/ringosc.v.bin in multi-threaded mode...
% End Save netlist data ... (date=05/03 17:13:29, total cpu=0:00:00.0, real=0:00:00.0, peak res=1151.2M, current mem=1151.2M)
Saving symbol-table file in separate thread ...
Saving congestion map file in separate thread ...
% Begin Save AAE data ... (date=05/03 17:13:29, mem=1151.7M)
Saving AAE Data ...
Saving congestion map file checkpoints/design.checkpoint/save.enc.dat/ringosc.route.congmap.gz ...
% End Save AAE data ... (date=05/03 17:13:29, total cpu=0:00:00.0, real=0:00:00.0, peak res=1151.8M, current mem=1151.8M)
Saving preference file checkpoints/design.checkpoint/save.enc.dat/gui.pref.tcl ...
Saving mode setting ...
Saving global file ...
Saving Drc markers ...
... 13 markers are saved ...
... 0 geometry drc markers are saved ...
... 0 antenna drc markers are saved ...
Saving special route data file in separate thread ...
Saving PG file in separate thread ...
Saving placement file in separate thread ...
Saving route file in separate thread ...
Saving property file in separate thread ...
** Saving stdCellPlacement_binary (version# 2) ...
Save Adaptive View Pruning View Names to Binary file
TAT_INFO: ::saveSpecialRoute REAL = 0 : CPU = 0 : MEM = 0.
Saving property file checkpoints/design.checkpoint/save.enc.dat/ringosc.prop
Saving PG file checkpoints/design.checkpoint/save.enc.dat/ringosc.pg.gz, version#2, (Created by Innovus v20.13-s083_1 on Tue May  3 17:13:30 2022)
*** Completed saveProperty (cpu=0:00:00.0 real=0:00:00.0 mem=1344.9M) ***
*** Completed savePGFile (cpu=0:00:00.0 real=0:00:00.0 mem=1344.9M) ***
TAT_INFO: ::savePGFile REAL = 0 : CPU = 0 : MEM = 0.
TAT_INFO: ::savePlace REAL = 0 : CPU = 0 : MEM = 0.
*** Completed saveRoute (cpu=0:00:00.0 real=0:00:00.0 mem=1344.9M) ***
TAT_INFO: ::saveRoute REAL = 0 : CPU = 0 : MEM = 0.
TAT_INFO: ::db::saveAnnotationAndProp REAL = 0 : CPU = 0 : MEM = 0.
#Saving pin access data to file checkpoints/design.checkpoint/save.enc.dat/ringosc.apa ...
TAT_INFO: ::db::saveSymbolTable REAL = 0 : CPU = 0 : MEM = 0.
TAT_INFO: ::saveCongMap REAL = 0 : CPU = 0 : MEM = 0.
% Begin Save power constraints data ... (date=05/03 17:13:30, mem=1156.8M)
% End Save power constraints data ... (date=05/03 17:13:30, total cpu=0:00:00.0, real=0:00:00.0, peak res=1156.9M, current mem=1156.9M)
typical
Generated self-contained design save.enc.dat
#% End save design ... (date=05/03 17:13:31, total cpu=0:00:00.8, real=0:00:02.0, peak res=1188.6M, current mem=1159.0M)
*** Message Summary: 0 warning(s), 0 error(s)


*** Memory Usage v#2 (Current mem = 1355.273M, initial mem = 275.727M) ***
*** Message Summary: 26 warning(s), 1 error(s)

--- Ending "Innovus" (totcpu=0:00:20.5, real=0:00:32.0, mem=1355.3M) ---
