
Cadence Innovus(TM) Implementation System.
Copyright 2020 Cadence Design Systems, Inc. All rights reserved worldwide.

Version:	v20.13-s083_1, built Tue Jan 19 16:51:46 PST 2021
Options:	-overwrite -nowin -init START.tcl -log logs/run.log 
Date:		Tue May  3 17:12:11 2022
Host:		rice-503-20-north (x86_64 w/Linux 5.11.0-41-generic) (20cores*40cpus*Intel(R) Xeon(R) Gold 6148 CPU @ 2.40GHz 28160KB)
OS:		CentOS Linux release 7.9.2009 (Core)

License:
		invs	Innovus Implementation System	20.1	checkout succeeded
		8 CPU jobs allowed with the current license(s). Use setMultiCpuUsage to set your required CPU count.
The soft stacksize limit is either up to the hard limit or larger than 0.2% of RAM. No change is needed.

**INFO:  MMMC transition support version v31-84 

<CMD> set_global _enable_mmmc_by_default_flow      $CTE::mmmc_default
<CMD> suppressMessage ENCEXT-2799
Sourcing file "START.tcl" ...
<CMD> is_common_ui_mode
<CMD> restoreDesign /home/users/lyt1314/ee372/aloe-sky130/ringosc/build/7-cadence-innovus-place/checkpoints/design.checkpoint/save.enc.dat ringosc
#% Begin load design ... (date=05/03 17:12:35, mem=667.6M)
Set Default Input Pin Transition as 0.1 ps.
Loading design 'ringosc' saved by 'Innovus' '20.13-s083_1' on 'Tue May 3 17:12:07 2022'.
% Begin Load MMMC data ... (date=05/03 17:12:35, mem=669.5M)
% End Load MMMC data ... (date=05/03 17:12:36, total cpu=0:00:00.0, real=0:00:01.0, peak res=670.5M, current mem=670.5M)
typical

Loading LEF file /home/users/lyt1314/ee372/aloe-sky130/ringosc/build/7-cadence-innovus-place/checkpoints/design.checkpoint/save.enc.dat/libs/lef/rtk-tech.lef ...

Loading LEF file /home/users/lyt1314/ee372/aloe-sky130/ringosc/build/7-cadence-innovus-place/checkpoints/design.checkpoint/save.enc.dat/libs/lef/stdcells.lef ...
WARNING (LEFPARS-2008): NOWIREEXTENSIONATPIN statement is obsolete in version 5.6 or later.
The NOWIREEXTENSIONATPIN statement will be ignored. See file /home/users/lyt1314/ee372/aloe-sky130/ringosc/build/7-cadence-innovus-place/checkpoints/design.checkpoint/save.enc.dat/libs/lef/stdcells.lef at line 2.
Set DBUPerIGU to M1 pitch 460.
**WARN: (IMPLF-201):	Pin 'GATE' in macro 'sky130_asc_nfet_01v8_lvt_1' has no ANTENNADIFFAREA value defined. The library data is incomplete and some process antenna rules will not be checked correctly.
Type 'man IMPLF-201' for more detail.
**WARN: (IMPLF-200):	Pin 'SOURCE' in macro 'sky130_asc_nfet_01v8_lvt_1' has no ANTENNAGATEAREA value defined. The library data is incomplete and some process antenna rules will not be checked correctly.
Type 'man IMPLF-200' for more detail.
**WARN: (IMPLF-200):	Pin 'DRAIN' in macro 'sky130_asc_nfet_01v8_lvt_1' has no ANTENNAGATEAREA value defined. The library data is incomplete and some process antenna rules will not be checked correctly.
Type 'man IMPLF-200' for more detail.
**WARN: (IMPLF-201):	Pin 'GATE' in macro 'sky130_asc_pfet_01v8_lvt_1' has no ANTENNADIFFAREA value defined. The library data is incomplete and some process antenna rules will not be checked correctly.
Type 'man IMPLF-201' for more detail.
**WARN: (IMPLF-200):	Pin 'SOURCE' in macro 'sky130_asc_pfet_01v8_lvt_1' has no ANTENNAGATEAREA value defined. The library data is incomplete and some process antenna rules will not be checked correctly.
Type 'man IMPLF-200' for more detail.
**WARN: (IMPLF-200):	Pin 'DRAIN' in macro 'sky130_asc_pfet_01v8_lvt_1' has no ANTENNAGATEAREA value defined. The library data is incomplete and some process antenna rules will not be checked correctly.
Type 'man IMPLF-200' for more detail.

viaInitial starts at Tue May  3 17:12:36 2022
viaInitial ends at Tue May  3 17:12:36 2022

##  Check design process and node:  
##  Both design process and tech node are not set.

Loading view definition file from /home/users/lyt1314/ee372/aloe-sky130/ringosc/build/7-cadence-innovus-place/checkpoints/design.checkpoint/save.enc.dat/viewDefinition.tcl
Reading libs_typical timing library '/home/users/lyt1314/ee372/aloe-sky130/ringosc/build/2-skywater-130nm/view-standard/stdcells.lib' ...
**ERROR: (TECHLIB-702):	No pg_pin with name 'VPB' has been read in the cell 'sky130_asc_nfet_01v8_lvt_1'. The attribute 'related_bias_pin' specified for the pg_pin 'VPWR' is being ignored. (File /home/users/lyt1314/ee372/aloe-sky130/ringosc/build/2-skywater-130nm/view-standard/stdcells.lib, Line 328)
Read 3 cells in library 'sky130_fd_sc_hd__tt_025C_1v80' 
*** End library_loading (cpu=0.00min, real=0.00min, mem=20.5M, fe_cpu=0.26min, fe_real=0.42min, fe_mem=679.6M) ***
% Begin Load netlist data ... (date=05/03 17:12:36, mem=685.2M)
*** Begin netlist parsing (mem=679.6M) ***
Created 3 new cells from 1 timing libraries.
Reading netlist ...
Backslashed names will retain backslash and a trailing blank character.
Reading verilogBinary netlist '/home/users/lyt1314/ee372/aloe-sky130/ringosc/build/7-cadence-innovus-place/checkpoints/design.checkpoint/save.enc.dat/vbin/ringosc.v.bin'
Reading binary database version 2 in 1-threaded mode

*** Memory Usage v#2 (Current mem = 691.660M, initial mem = 275.727M) ***
*** End netlist parsing (cpu=0:00:00.0, real=0:00:00.0, mem=691.7M) ***
% End Load netlist data ... (date=05/03 17:12:36, total cpu=0:00:00.0, real=0:00:00.0, peak res=688.7M, current mem=688.7M)
Set top cell to ringosc.
Hooked 3 DB cells to tlib cells.
** Removed 1 unused lib cells.
Starting recursive module instantiation check.
No recursion found.
Building hierarchical netlist for Cell ringosc ...
*** Netlist is unique.
Set DBUPerIGU to techSite unitasc width 490.
** info: there are 3 modules.
** info: there are 10 stdCell insts.

*** Memory Usage v#2 (Current mem = 725.074M, initial mem = 275.727M) ***
*info: set bottom ioPad orient R0
**WARN: (IMPFP-3961):	The techSite 'unithddbl' has no related standard cells in LEF/OA library. Cannot make calculations for this site type unless standard cell models of this type exist in the LEF/OA library. If the SITE is not used by the library you can ignore this warning or remove the SITE definition from the LEF/OA to avoid this message.
Type 'man IMPFP-3961' for more detail.
**WARN: (IMPFP-3961):	The techSite 'unithd' has no related standard cells in LEF/OA library. Cannot make calculations for this site type unless standard cell models of this type exist in the LEF/OA library. If the SITE is not used by the library you can ignore this warning or remove the SITE definition from the LEF/OA to avoid this message.
Type 'man IMPFP-3961' for more detail.
Adjust met3 preferred direction offset from 0.34 to 0.17.
Adjust met4 preferred direction offset from 0.46 to 0.23.
Adjust met5 preferred direction offset from 1.7 to 0.17.
Generated pitch 3.66 in met5 is different from 3.4 defined in technology file in preferred direction.
Generated pitch 0.69 in met4 is different from 0.92 defined in technology file in preferred direction.
Generated pitch 0.61 in met3 is different from 0.68 defined in technology file in preferred direction.
Set Default Net Delay as 1000 ps.
Set Default Net Load as 0.5 pF. 
Set Default Input Pin Transition as 0.1 ps.
Loading preference file /home/users/lyt1314/ee372/aloe-sky130/ringosc/build/7-cadence-innovus-place/checkpoints/design.checkpoint/save.enc.dat/gui.pref.tcl ...
##  Process: 130           (User Set)               
##     Node: (not set)                           

##  Check design process and node:  
##  Design tech node is not set.

Applying the recommended capacitance filtering threshold values for 130nm process node: total_c_th=0, relative_c_th=1 and coupling_c_th=0.4.
	These values will be used by all post-route extraction engines, including TQuantus, IQuantus and Quantus QRC extraction.
	Capacitance filtering mode(-capFilterMode option of the setExtractRCMode) is 'relAndCoup' for all engines.
	The accuracy mode for postRoute effortLevel low extraction will be set to 'standard'.
	Default value for EffortLevel(-effortLevel option of the setExtractRCMode) in postRoute extraction mode is 'low'.
#WARNING (NRIF-91) Option setNanoRouteMode -routeTopRoutingLayer is obsolete. It will continue to work for the current release. To ensure compatibility with future releases, use option setDesignMode -topRoutingLayer instead.
Setting -ignore_DRC to 0. ViaGen will do DRC check while creating vias.
Setting -viarule_preference to default order. ViaGen will consider via rule priority based on the order of appearance in the technology file.
**WARN: (IMPPTN-867):	Found use of setPinAssignMode -maxLayer. This will continue to work in this release; however, it is recommended to use setDesignMode -topRoutingLayer instead.
**WARN: (IMPPSP-1003):	Found use of 'setRouteMode -earlyGlobalMaxRouteLayer'. This will continue to work in this release; however, it is recommended to use 'setDesignMode -topRoutingLayer' instead.
Change floorplan default-technical-site to 'unitasc'.
*Info: initialize multi-corner CTS.
Total number of combinational cells: 2
Total number of sequential cells: 0
Total number of tristate cells: 0
Total number of level shifter cells: 0
Total number of power gating cells: 0
Total number of isolation cells: 0
Total number of power switch cells: 0
Total number of pulse generator cells: 0
Total number of always on buffers: 0
Total number of retention cells: 0
List of usable buffers:
Total number of usable buffers: 0
List of unusable buffers:
Total number of unusable buffers: 0
List of usable inverters:
Total number of usable inverters: 0
List of unusable inverters:
Total number of unusable inverters: 0
List of identified usable delay cells:
Total number of identified usable delay cells: 0
List of identified unusable delay cells:
Total number of identified unusable delay cells: 0
No delay cells were detected in the set of buffers. Buffers will be used to fix hold violations.
**WARN: (IMPOPT-3000):	Buffer footprint is not defined or is an invalid buffer footprint.
Type 'man IMPOPT-3000' for more detail.
**WARN: (IMPOPT-3001):	Inverter footprint is not defined or is an invalid inverter footprint.
Type 'man IMPOPT-3001' for more detail.
% Begin Load MMMC data ... (date=05/03 17:12:36, mem=924.1M)
% End Load MMMC data ... (date=05/03 17:12:36, total cpu=0:00:00.0, real=0:00:00.0, peak res=924.1M, current mem=924.1M)
Reading floorplan file - /home/users/lyt1314/ee372/aloe-sky130/ringosc/build/7-cadence-innovus-place/checkpoints/design.checkpoint/save.enc.dat/ringosc.fp.gz (mem = 938.7M).
% Begin Load floorplan data ... (date=05/03 17:12:36, mem=924.5M)
*info: reset 16 existing net BottomPreferredLayer and AvoidDetour
**WARN: (IMPDB-2078):	Output pin DRAIN of instance nfet5 is connected to ground net VSS.  Usually it is not right to connect an output signal pin to a P/G net, unless the pin is meant to be the driver of the net. This can create a short circuit if the output is power.  Check the connectivity in the netlist.
**WARN: (IMPDB-2078):	Output pin DRAIN of instance nfet4 is connected to ground net VSS.  Usually it is not right to connect an output signal pin to a P/G net, unless the pin is meant to be the driver of the net. This can create a short circuit if the output is power.  Check the connectivity in the netlist.
**WARN: (IMPDB-2078):	Output pin DRAIN of instance nfet3 is connected to ground net VSS.  Usually it is not right to connect an output signal pin to a P/G net, unless the pin is meant to be the driver of the net. This can create a short circuit if the output is power.  Check the connectivity in the netlist.
**WARN: (IMPDB-2078):	Output pin DRAIN of instance nfet2 is connected to ground net VSS.  Usually it is not right to connect an output signal pin to a P/G net, unless the pin is meant to be the driver of the net. This can create a short circuit if the output is power.  Check the connectivity in the netlist.
**WARN: (IMPDB-2078):	Output pin DRAIN of instance nfet1 is connected to ground net VSS.  Usually it is not right to connect an output signal pin to a P/G net, unless the pin is meant to be the driver of the net. This can create a short circuit if the output is power.  Check the connectivity in the netlist.
Deleting old partition specification.
Set FPlanBox to (0 0 103960 76160)
**WARN: (IMPFP-3961):	The techSite 'unithddbl' has no related standard cells in LEF/OA library. Cannot make calculations for this site type unless standard cell models of this type exist in the LEF/OA library. If the SITE is not used by the library you can ignore this warning or remove the SITE definition from the LEF/OA to avoid this message.
Type 'man IMPFP-3961' for more detail.
**WARN: (IMPFP-3961):	The techSite 'unithd' has no related standard cells in LEF/OA library. Cannot make calculations for this site type unless standard cell models of this type exist in the LEF/OA library. If the SITE is not used by the library you can ignore this warning or remove the SITE definition from the LEF/OA to avoid this message.
Type 'man IMPFP-3961' for more detail.
Adjust met3 preferred direction offset from 0.34 to 0.17.
Adjust met4 preferred direction offset from 0.46 to 0.23.
Adjust met5 preferred direction offset from 1.7 to 0.17.
Generated pitch 3.66 in met5 is different from 3.4 defined in technology file in preferred direction.
Generated pitch 0.69 in met4 is different from 0.92 defined in technology file in preferred direction.
Generated pitch 0.61 in met3 is different from 0.68 defined in technology file in preferred direction.
 ... processed partition successfully.
Reading binary special route file /home/users/lyt1314/ee372/aloe-sky130/ringosc/build/7-cadence-innovus-place/checkpoints/design.checkpoint/save.enc.dat/ringosc.fp.spr.gz (Created by Innovus v20.13-s083_1 on Tue May  3 17:12:05 2022, version: 1)
Ending "Read special route file" (total cpu=0:00:00.0, real=0:00:00.0, peak res=930.3M, current mem=930.3M)
Extracting standard cell pins and blockage ...... 
Pin and blockage extraction finished
% End Load floorplan data ... (date=05/03 17:12:37, total cpu=0:00:00.1, real=0:00:01.0, peak res=930.9M, current mem=930.9M)
% Begin Load SymbolTable ... (date=05/03 17:12:37, mem=931.3M)
Reading congestion map file /home/users/lyt1314/ee372/aloe-sky130/ringosc/build/7-cadence-innovus-place/checkpoints/design.checkpoint/save.enc.dat/ringosc.route.congmap.gz ...
Suppress "**WARN ..." messages.
Un-suppress "**WARN ..." messages.
% End Load SymbolTable ... (date=05/03 17:12:37, total cpu=0:00:00.0, real=0:00:00.0, peak res=931.8M, current mem=931.7M)
Loading place ...
% Begin Load placement data ... (date=05/03 17:12:37, mem=931.7M)
Reading placement file - /home/users/lyt1314/ee372/aloe-sky130/ringosc/build/7-cadence-innovus-place/checkpoints/design.checkpoint/save.enc.dat/ringosc.place.gz.
** Reading stdCellPlacement_binary (Created by Innovus v20.13-s083_1 on Tue May  3 17:12:05 2022, version# 2) ...
Read Views for adaptive view pruning ...
Read 0 views from Binary DB for adaptive view pruning
*** Completed restorePlace (cpu=0:00:00.0 real=0:00:00.0 mem=946.7M) ***
Total net length = 9.674e+01 (8.394e+01 1.280e+01) (ext = 0.000e+00)
% End Load placement data ... (date=05/03 17:12:37, total cpu=0:00:00.0, real=0:00:00.0, peak res=932.5M, current mem=932.5M)
Reading PG file /home/users/lyt1314/ee372/aloe-sky130/ringosc/build/7-cadence-innovus-place/checkpoints/design.checkpoint/save.enc.dat/ringosc.pg.gz, version#2, (Created by Innovus v20.13-s083_1 on       Tue May  3 17:12:05 2022)
*** Completed restorePGFile (cpu=0:00:00.0 real=0:00:00.0 mem=942.7M) ***
% Begin Load routing data ... (date=05/03 17:12:37, mem=932.9M)
Reading routing file - /home/users/lyt1314/ee372/aloe-sky130/ringosc/build/7-cadence-innovus-place/checkpoints/design.checkpoint/save.enc.dat/ringosc.route.gz.
Reading Innovus routing data (Created by Innovus v20.13-s083_1 on Tue May  3 17:12:05 2022 Format: 20.1) ...
*** Total 16 nets are successfully restored.
*** Completed restoreRoute (cpu=0:00:00.0 real=0:00:01.0 mem=943.7M) ***
% End Load routing data ... (date=05/03 17:12:38, total cpu=0:00:00.0, real=0:00:01.0, peak res=934.4M, current mem=933.5M)
Loading Drc markers ...
... 7 markers are loaded ...
... 0 geometry drc markers are loaded ...
... 0 antenna drc markers are loaded ...
TAT_INFO: restoreCongMap REAL = 0 : CPU = 0 : MEM = 0.
Reading property file /home/users/lyt1314/ee372/aloe-sky130/ringosc/build/7-cadence-innovus-place/checkpoints/design.checkpoint/save.enc.dat/ringosc.prop
*** Completed restoreProperty (cpu=0:00:00.0 real=0:00:00.0 mem=949.7M) ***
Set Default Input Pin Transition as 0.1 ps.
Extraction setup Started 
Initializing multi-corner RC extraction with 1 active RC Corners ...
Reading Capacitance Table File /home/users/lyt1314/ee372/aloe-sky130/ringosc/build/7-cadence-innovus-place/checkpoints/design.checkpoint/save.enc.dat/libs/mmmc/rtk-typical.captable ...
Process name: (null).
Allocated an empty WireEdgeEnlargement table in typical [6].
Allocated an empty WireEdgeEnlargement table in typical [6].
Importing multi-corner RC tables ... 
Summary of Active RC-Corners : 
 
 Analysis View: analysis_default
    RC-Corner Name        : typical
    RC-Corner Index       : 0
    RC-Corner Temperature : 25 Celsius
    RC-Corner Cap Table   : '/home/users/lyt1314/ee372/aloe-sky130/ringosc/build/7-cadence-innovus-place/checkpoints/design.checkpoint/save.enc.dat/libs/mmmc/rtk-typical.captable'
    RC-Corner PreRoute Res Factor         : 1
    RC-Corner PreRoute Cap Factor         : 1
    RC-Corner PostRoute Res Factor        : 1 {1 1 1}
    RC-Corner PostRoute Cap Factor        : 1 {1 1 1}
    RC-Corner PostRoute XCap Factor       : 1 {1 1 1}
    RC-Corner PreRoute Clock Res Factor   : 1	[Derived from postRoute_res (effortLevel low)]
    RC-Corner PreRoute Clock Cap Factor   : 1	[Derived from postRoute_cap (effortLevel low)]
    RC-Corner PostRoute Clock Cap Factor  : 1 {1 1 1} 	[Derived from postRoute_cap (effortLevel low)]
    RC-Corner PostRoute Clock Res Factor  : 1 {1 1 1} 	[Derived from postRoute_res (effortLevel low)]
Updating RC grid for preRoute extraction ...
Initializing multi-corner capacitance tables ... 
Initializing multi-corner resistance tables ...
Start generating vias ..
#Skip building auto via since it is not turned on.
Extracting standard cell pins and blockage ...... 
Pin and blockage extraction finished
Via generation completed.
% Begin Load power constraints ... (date=05/03 17:12:38, mem=940.2M)
** WARN:  (VOLTUS_POWR-3212): The 'set_power_analysis_mode -leakage_power_view |-dynamic_power_view|-analysis_view' will be obsolete in 18.20 release. Use 'set_analysis_view -leakage <> | -dynamic <>' to set leakage and dynamic power views.

% End Load power constraints ... (date=05/03 17:12:38, total cpu=0:00:00.0, real=0:00:00.0, peak res=940.5M, current mem=940.5M)
delay_default
% Begin load AAE data ... (date=05/03 17:12:38, mem=947.3M)
**WARN: (IMPESI-3505):	setDelayCalMode -eng_copyNetPropToNewNet true (default=false) will be obsoleted along with its sgs2set equivalent.  This parameter will continue to be supported in the current release, but will be removed in the next major release of the software.
AAE DB initialization (MEM=978.199 CPU=0:00:00.0 REAL=0:00:00.0) 
% End load AAE data ... (date=05/03 17:12:39, total cpu=0:00:00.3, real=0:00:01.0, peak res=953.0M, current mem=953.0M)
Total number of combinational cells: 2
Total number of sequential cells: 0
Total number of tristate cells: 0
Total number of level shifter cells: 0
Total number of power gating cells: 0
Total number of isolation cells: 0
Total number of power switch cells: 0
Total number of pulse generator cells: 0
Total number of always on buffers: 0
Total number of retention cells: 0
List of usable buffers:
Total number of usable buffers: 0
List of unusable buffers:
Total number of unusable buffers: 0
List of usable inverters:
Total number of usable inverters: 0
List of unusable inverters:
Total number of unusable inverters: 0
List of identified usable delay cells:
Total number of identified usable delay cells: 0
List of identified unusable delay cells:
Total number of identified unusable delay cells: 0
No delay cells were detected in the set of buffers. Buffers will be used to fix hold violations.
**WARN: (IMPCTE-107):	The following globals have been obsoleted since version 20.13-s083_1. They will be removed in the next release. 
timing_enable_default_delay_arc
#% End load design ... (date=05/03 17:12:39, total cpu=0:00:02.0, real=0:00:04.0, peak res=977.8M, current mem=953.0M)

*** Summary of all messages that are not suppressed in this session:
Severity  ID               Count  Summary                                  
WARNING   IMPLF-200            4  Pin '%s' in macro '%s' has no ANTENNAGAT...
WARNING   IMPLF-201            2  Pin '%s' in macro '%s' has no ANTENNADIF...
WARNING   IMPFP-3961           4  The techSite '%s' has no related standar...
WARNING   IMPPTN-867           1  Found use of %s. This will continue to w...
WARNING   IMPDB-2078           5  Output pin %s of instance %s is connecte...
WARNING   IMPESI-3505          1  setDelayCalMode -eng_%s (default=%s) wil...
WARNING   IMPOPT-3000          1  Buffer footprint is not defined or is an...
WARNING   IMPOPT-3001          1  Inverter footprint is not defined or is ...
WARNING   IMPCTE-107           1  The following globals have been obsolete...
WARNING   IMPPSP-1003          1  Found use of '%s'. This will continue to...
ERROR     TECHLIB-702          1  No pg_pin with name '%s' has been read i...
*** Message Summary: 21 warning(s), 1 error(s)

<CMD> setDistributeHost -local
The timeout for a remote job to respond is 3600 seconds.
Submit command for task runs will be: local
<CMD> setMultiCpuUsage -localCpu 16
<FF> LOADING 'always_source_tcl' PLUG-IN FILE(s) 
<FF> -> innovus-foundation-flow/custom-scripts/always-source.tcl
### Start verbose source output (echo mode) for 'scripts/main.tcl' ...
# source -verbose innovus-foundation-flow/INNOVUS/run_route.tcl
### Start verbose source output (echo mode) for 'innovus-foundation-flow/INNOVUS/run_route.tcl' ...
# if {[file exists innovus-foundation-flow/vars.tcl]} {
   source innovus-foundation-flow/vars.tcl
}
# foreach file $vars(config_files) {
   source $file
}
# source innovus-foundation-flow/procs.tcl
# ff_procs::system_info
# setDistributeHost -local
<CMD> setDistributeHost -local
The timeout for a remote job to respond is 3600 seconds.
Submit command for task runs will be: local
# setMultiCpuUsage -localCpu 16
<CMD> setMultiCpuUsage -localCpu 16
# if {$vars(restore_design)} { # <BEGIN TAG> route,restore_design

# <begin tag route,restore_design,skip>
#
# restoreDesign checkpoints/postcts_hold.enc.dat inverter
#
# <end tag route,restore_design,skip> }
# um::enable_metrics -on
# puts "<FF> Plugin -> always_source_tcl"
# ff_procs::source_plug always_source_tcl
<FF> LOADING 'always_source_tcl' PLUG-IN FILE(s) 
<FF> -> innovus-foundation-flow/custom-scripts/always-source.tcl
# set vars(step) route
# set vars(route,start_time) [clock seconds]
# um::push_snapshot_stack
<CMD> um::push_snapshot_stack
# setAnalysisMode -cppr both
<CMD> setAnalysisMode -cppr both
# setDelayCalMode -siAware true -engine aae
<CMD> setDelayCalMode -siAware true -engine aae
# setNanoRouteMode -drouteUseMultiCutViaEffort high \
   -routeWithLithoDriven true \
   -routeAntennaCellName sky130_fd_sc_hd__diode_2 \
   -routeInsertAntennaDiode true
<CMD> setNanoRouteMode -drouteUseMultiCutViaEffort high -routeWithLithoDriven true -routeAntennaCellName sky130_fd_sc_hd__diode_2 -routeInsertAntennaDiode true
# setFillerMode -core "sky130_fd_sc_hd__fill_8  sky130_fd_sc_hd__fill_4  sky130_fd_sc_hd__fill_2  sky130_fd_sc_hd__fill_1" \
   -corePrefix FILL
<CMD> setFillerMode -core {sky130_fd_sc_hd__fill_8  sky130_fd_sc_hd__fill_4  sky130_fd_sc_hd__fill_2  sky130_fd_sc_hd__fill_1} -corePrefix FILL
**WARN: (IMPSP-5123):	Cell sky130_fd_sc_hd__fill_8 is not found.
Type 'man IMPSP-5123' for more detail.
**WARN: (IMPSP-5123):	Cell sky130_fd_sc_hd__fill_4 is not found.
Type 'man IMPSP-5123' for more detail.
**WARN: (IMPSP-5123):	Cell sky130_fd_sc_hd__fill_2 is not found.
Type 'man IMPSP-5123' for more detail.
**WARN: (IMPSP-5123):	Cell sky130_fd_sc_hd__fill_1 is not found.
Type 'man IMPSP-5123' for more detail.
# Puts "<FF> RUNNING GLOBAL/DETAIL ROUTING ..."
<FF> RUNNING GLOBAL/DETAIL ROUTING ...
# puts "<FF> Plugin -> pre_route_tcl"
# routeDesign -placementCheck
<CMD> routeDesign -placementCheck
#% Begin routeDesign (date=05/03 17:12:39, mem=953.1M)
#routeDesign: cpu time = 00:00:00, elapsed time = 00:00:00, memory = 953.07 (MB), peak = 977.77 (MB)
**INFO: User settings:
setNanoRouteMode -drouteUseMultiCutViaEffort                    high
setNanoRouteMode -extractThirdPartyCompatible                   false
setNanoRouteMode -grouteExpTdUseTifTimingEngineForImportDesign  true
setNanoRouteMode -routeAntennaCellName                          sky130_fd_sc_hd__diode_2
setNanoRouteMode -routeInsertAntennaDiode                       true
setNanoRouteMode -routeTopRoutingLayer                          6
setNanoRouteMode -routeWithLithoDriven                          true
setDesignMode -powerEffort                                      high
setDesignMode -process                                          130
setDesignMode -topRoutingLayer                                  met5
setExtractRCMode -coupling_c_th                                 0.4
setExtractRCMode -engine                                        preRoute
setExtractRCMode -relative_c_th                                 1
setExtractRCMode -total_c_th                                    0
setDelayCalMode -enable_high_fanout                             true
setDelayCalMode -eng_copyNetPropToNewNet                        true
setDelayCalMode -engine                                         aae
setDelayCalMode -ignoreNetLoad                                  false
setDelayCalMode -SIAware                                        true
setDelayCalMode -socv_accuracy_mode                             low
setSIMode -separate_delta_delay_on_data                         true

#typical has no qx tech file defined
#No active RC corner or QRC tech file is missing.
#**INFO: setDesignMode -flowEffort standard
#**INFO: multi-cut via swapping will be performed after routing.
#**INFO: All auto set options tuned by routeDesign will be restored to their original settings on command completion.
Total CPU(s) requested: 16
Total CPU(s) enabled with current License(s): 8
Current free CPU(s): 8
Additional license(s) checked out: 1 Innovus_CPU_Opt license(s) for 8 CPU(s)
Total CPU(s) now enabled: 16
Multithreaded Timing Analysis is initialized with 16 threads

Begin checking placement ... (start mem=1047.8M, init mem=1079.9M)
*info: Placed = 10            
*info: Unplaced = 0           
Placement Density:30.28%(259/857)
Placement Density (including fixed std cells):30.28%(259/857)
Finished checkPlace (total: cpu=0:00:00.0, real=0:00:00.0; vio checks: cpu=0:00:00.0, real=0:00:00.0; mem=1079.9M)

changeUseClockNetStatus Option :  -noFixedNetWires 
*** Changed status on (0) nets in Clock.
*** End changeUseClockNetStatus (cpu=0:00:00.0, real=0:00:00.0, mem=1079.9M) ***
#**INFO: auto set of droutePostRouteSwapVia to multiCut
% Begin globalDetailRoute (date=05/03 17:12:39, mem=1024.5M)

globalDetailRoute

#Start globalDetailRoute on Tue May  3 17:12:39 2022
#
#Generating timing data, please wait...
#5 total nets, 5 already routed, 5 will ignore in trialRoute
#Dump tif for version 2.1
Total number of fetched objects 5
End delay calculation. (MEM=1311.49 CPU=0:00:00.0 REAL=0:00:00.0)
#Generating timing data took: cpu time = 00:00:00, elapsed time = 00:00:00, memory = 1058.22 (MB), peak = 1083.76 (MB)
#Done generating timing data.
#create default rule from bind_ndr_rule rule=0x15084c73a3d0 0x150845182fc0
#WARNING (NRIG-1303) Congestion map does not match the GCELL grid, clearing map.
#WARNING (NRIG-39) NanoRoute cannot route to pin PIN/clk of net clk because it might be a logical pin and does not have physical shapes. To fix the problem, check the pin connection in the netlist and ensure the pin shapes exist in the floorplan.
#num needed restored net=0
#need_extraction net=0 (total=16)
#WARNING (NRDB-976) The TRACK STEP 0.6100 for preferred direction tracks is smaller than the PITCH 0.6800 for LAYER met3. This will cause routability problems for NanoRoute.
#WARNING (NRDB-976) The TRACK STEP 0.6900 for preferred direction tracks is smaller than the PITCH 0.9200 for LAYER met4. This will cause routability problems for NanoRoute.
#Start reading timing information from file .timing_file_3491599.tif.gz ...
#WARNING (NRDB-194) 
#No setup time constraints read in
#Read in timing information for 1 ports, 10 instances from timing file .timing_file_3491599.tif.gz.
#NanoRoute Version 20.13-s083_1 NR201221-0721/20_13-UB
#Total number of trivial nets (e.g. < 2 pins) = 9 (skipped).
#Total number of routable nets = 7.
#Total number of nets in the design = 16.
#7 routable nets do not have any wires.
#7 nets will be global routed.
#Using multithreading with 16 threads.
#Start routing data preparation on Tue May  3 17:12:40 2022
#
#WARNING (NRDB-2040) Rule LEF_DEFAULT doesn't specify any vias that satisfy all of the area rules for layer met3 
#Minimum voltage of a net in the design = 0.000.
#Maximum voltage of a net in the design = 1.800.
#Voltage range [1.800 - 1.800] has 6 nets.
#Voltage range [0.000 - 0.000] has 4 nets.
#Voltage range [0.000 - 1.800] has 6 nets.
#Rebuild pin access data for design.
#Initial pin access analysis.
#Detail pin access analysis.
# li1          V   Track-Pitch = 0.4600    Line-2-Via Pitch = 0.3400
# met1         H   Track-Pitch = 0.3400    Line-2-Via Pitch = 0.3250
# met2         V   Track-Pitch = 0.4600    Line-2-Via Pitch = 0.3400
# met3         H   Track-Pitch = 0.6100    Line-2-Via Pitch = 0.6100
# met4         V   Track-Pitch = 0.6900    Line-2-Via Pitch = 0.6150
# met5         H   Track-Pitch = 3.6600    Line-2-Via Pitch = 3.2000
#Monitoring time of adding inner blkg by smac
#cpu time = 00:00:00, elapsed time = 00:00:00, memory = 1079.78 (MB), peak = 1150.88 (MB)
#Regenerating Ggrids automatically.
#Auto generating G-grids with size=15 tracks, using layer met2's pitch = 0.4600.
#Using automatically generated G-grids.
#Done routing data preparation.
#cpu time = 00:00:00, elapsed time = 00:00:00, memory = 1083.86 (MB), peak = 1150.88 (MB)
#
#Connectivity extraction summary:
#7 (43.75%) nets are without wires.
#9 nets are fixed|skipped|trivial (not extracted).
#Total number of nets = 16.
#
#
#Finished routing data preparation on Tue May  3 17:12:40 2022
#
#Cpu time = 00:00:00
#Elapsed time = 00:00:00
#Increased memory = 10.54 (MB)
#Total memory = 1083.93 (MB)
#Peak memory = 1150.88 (MB)
#
#
#Start global routing on Tue May  3 17:12:40 2022
#
#
#Start global routing initialization on Tue May  3 17:12:40 2022
#
#Number of eco nets is 0
#
#Start global routing data preparation on Tue May  3 17:12:40 2022
#
#Start routing resource analysis on Tue May  3 17:12:40 2022
#
#Routing resource analysis is done on Tue May  3 17:12:40 2022
#
#  Resource Analysis:
#
#               Routing  #Avail      #Track     #Total     %Gcell
#  Layer      Direction   Track     Blocked      Gcell    Blocked
#  --------------------------------------------------------------
#  li1            V         226           0         165     0.00%
#  met1           H         224           0         165     0.00%
#  met2           V         226           0         165     0.00%
#  met3           H         121           0         165     0.00%
#  met4           V          99          51         165     0.00%
#  met5           H           4          16         165    58.79%
#  --------------------------------------------------------------
#  Total                    901      18.53%         990     9.80%
#
#
#
#
#Global routing data preparation is done on Tue May  3 17:12:40 2022
#
#cpu time = 00:00:00, elapsed time = 00:00:00, memory = 1089.25 (MB), peak = 1150.88 (MB)
#
#
#Global routing initialization is done on Tue May  3 17:12:40 2022
#
#cpu time = 00:00:00, elapsed time = 00:00:00, memory = 1089.31 (MB), peak = 1150.88 (MB)
#
#start global routing iteration 1...
#cpu time = 00:00:00, elapsed time = 00:00:00, memory = 1090.74 (MB), peak = 1150.88 (MB)
#
#start global routing iteration 2...
#cpu time = 00:00:00, elapsed time = 00:00:00, memory = 1090.74 (MB), peak = 1150.88 (MB)
#
#
#Total number of trivial nets (e.g. < 2 pins) = 9 (skipped).
#Total number of routable nets = 7.
#Total number of nets in the design = 16.
#
#7 routable nets have routed wires.
#
#Routed nets constraints summary:
#-----------------------------
#        Rules   Unconstrained  
#-----------------------------
#      Default               7  
#-----------------------------
#        Total               7  
#-----------------------------
#
#Routing constraints summary of the whole design:
#-----------------------------
#        Rules   Unconstrained  
#-----------------------------
#      Default               7  
#-----------------------------
#        Total               7  
#-----------------------------
#
#
#  Congestion Analysis: (blocked Gcells are excluded)
#
#                 OverCon          
#                  #Gcell    %Gcell
#     Layer           (1)   OverCon
#  --------------------------------
#  li1           0(0.00%)   (0.00%)
#  met1          0(0.00%)   (0.00%)
#  met2          0(0.00%)   (0.00%)
#  met3          0(0.00%)   (0.00%)
#  met4          0(0.00%)   (0.00%)
#  met5          0(0.00%)   (0.00%)
#  --------------------------------
#     Total      0(0.00%)   (0.00%)
#
#  The worst congested Gcell overcon (routing demand over resource in number of tracks) = 1
#  Overflow after GR: 0.00% H + 0.00% V
#
#Hotspot report including placement blocked areas
[hotspot] +----------------+-------------------+-------------------+-------------------------------------+
[hotspot] |      layer     |    max hotspot    |   total hotspot   |            hotspot bbox             |
[hotspot] +----------------+-------------------+-------------------+-------------------------------------+
[hotspot] |      li1(V)    |              0.00 |              0.00 |   (none)                            |
[hotspot] |     met1(H)    |              0.00 |              0.00 |   (none)                            |
[hotspot] |     met2(V)    |              0.00 |              0.00 |   (none)                            |
[hotspot] |     met3(H)    |              0.00 |              0.00 |   (none)                            |
[hotspot] |     met4(V)    |              0.00 |              0.00 |   (none)                            |
[hotspot] |     met5(H)    |              0.00 |              0.00 |   (none)                            |
[hotspot] +----------------+-------------------+-------------------+-------------------------------------+
[hotspot] |      worst     |              0.00 |              0.00 |                                     |
[hotspot] +----------------+-------------------+-------------------+-------------------------------------+
[hotspot] |   all layers   |              0.00 |              0.00 |                                     |
[hotspot] +----------------+-------------------+-------------------+-------------------------------------+
Local HotSpot Analysis (3d): normalized congestion max/total hotspot area = 0.00/0.00 (area is in unit of 4 std-cell row bins)
#Complete Global Routing.
#Total wire length = 62 um.
#Total half perimeter of net bounding box = 217 um.
#Total wire length on LAYER li1 = 0 um.
#Total wire length on LAYER met1 = 48 um.
#Total wire length on LAYER met2 = 14 um.
#Total wire length on LAYER met3 = 0 um.
#Total wire length on LAYER met4 = 0 um.
#Total wire length on LAYER met5 = 0 um.
#Total number of vias = 32
#Up-Via Summary (total 32):
#           
#-----------------------
# li1                24
# met1                8
#-----------------------
#                    32 
#
#Max overcon = 0 track.
#Total overcon = 0.00%.
#Worst layer Gcell overcon rate = 0.00%.
#
#Global routing statistics:
#Cpu time = 00:00:00
#Elapsed time = 00:00:00
#Increased memory = 4.26 (MB)
#Total memory = 1088.19 (MB)
#Peak memory = 1150.88 (MB)
#
#Finished global routing on Tue May  3 17:12:40 2022
#
#
#cpu time = 00:00:00, elapsed time = 00:00:00, memory = 1088.19 (MB), peak = 1150.88 (MB)
#Start Track Assignment.
#Done with 4 horizontal wires in 1 hboxes and 2 vertical wires in 1 hboxes.
#Done with 1 horizontal wires in 1 hboxes and 0 vertical wires in 1 hboxes.
#Done with 1 horizontal wires in 1 hboxes and 1 vertical wires in 1 hboxes.
#
#Track assignment summary:
# layer   (wire length)   (overlap)     (long ovlp)	(with obs/pg/clk)  
#------------------------------------------------------------------------
# li1            0.00 	  0.00%  	  0.00% 	  0.00%
# met1          48.86 	  0.00%  	  0.00% 	  0.00%
# met2          14.08 	  0.00%  	  0.00% 	  0.00%
# met3           0.00 	  0.00%  	  0.00% 	  0.00%
# met4           0.00 	  0.00%  	  0.00% 	  0.00%
# met5           0.00 	  0.00%  	  0.00% 	  0.00%
#------------------------------------------------------------------------
# All          62.94  	  0.00% 	  0.00% 	  0.00%
#Complete Track Assignment.
#Total wire length = 68 um.
#Total half perimeter of net bounding box = 217 um.
#Total wire length on LAYER li1 = 5 um.
#Total wire length on LAYER met1 = 49 um.
#Total wire length on LAYER met2 = 14 um.
#Total wire length on LAYER met3 = 0 um.
#Total wire length on LAYER met4 = 0 um.
#Total wire length on LAYER met5 = 0 um.
#Total number of vias = 32
#Up-Via Summary (total 32):
#           
#-----------------------
# li1                24
# met1                8
#-----------------------
#                    32 
#
#cpu time = 00:00:00, elapsed time = 00:00:00, memory = 1088.38 (MB), peak = 1150.88 (MB)
#
#Routing data preparation, pin analysis, global routing and track assignment statistics:
#Cpu time = 00:00:00
#Elapsed time = 00:00:00
#Increased memory = 15.05 (MB)
#Total memory = 1088.38 (MB)
#Peak memory = 1150.88 (MB)
#Using multithreading with 16 threads.
#
#Start Detail Routing..
#
#Start litho driven routing to prevent litho hotspot patterns.
#start initial detail routing ...
#   number of violations = 0
#cpu time = 00:00:00, elapsed time = 00:00:00, memory = 1093.42 (MB), peak = 1150.88 (MB)
#Complete Detail Routing.
#Total wire length = 127 um.
#Total half perimeter of net bounding box = 217 um.
#Total wire length on LAYER li1 = 42 um.
#Total wire length on LAYER met1 = 79 um.
#Total wire length on LAYER met2 = 5 um.
#Total wire length on LAYER met3 = 0 um.
#Total wire length on LAYER met4 = 0 um.
#Total wire length on LAYER met5 = 0 um.
#Total number of vias = 19
#Up-Via Summary (total 19):
#           
#-----------------------
# li1                15
# met1                4
#-----------------------
#                    19 
#
#Total number of DRC violations = 0
#Cpu time = 00:00:00
#Elapsed time = 00:00:00
#Increased memory = 2.38 (MB)
#Total memory = 1090.75 (MB)
#Peak memory = 1150.88 (MB)
#
#start routing for process antenna violation fix ...
#cpu time = 00:00:00, elapsed time = 00:00:00, memory = 1093.16 (MB), peak = 1150.88 (MB)
#
#Total wire length = 127 um.
#Total half perimeter of net bounding box = 217 um.
#Total wire length on LAYER li1 = 42 um.
#Total wire length on LAYER met1 = 79 um.
#Total wire length on LAYER met2 = 5 um.
#Total wire length on LAYER met3 = 0 um.
#Total wire length on LAYER met4 = 0 um.
#Total wire length on LAYER met5 = 0 um.
#Total number of vias = 19
#Up-Via Summary (total 19):
#           
#-----------------------
# li1                15
# met1                4
#-----------------------
#                    19 
#
#Total number of DRC violations = 0
#Total number of process antenna violations = 0
#Total number of net violated process antenna rule = 0 ant fix stage
#
#WARNING (NRDB-104) Cannot find antenna cell. Please set option 'route_antenna_cell_name', or change your LEF file.
#WARNING (NRDB-104) Cannot find antenna cell. Please set option 'route_antenna_cell_name', or change your LEF file.
#
#Total wire length = 127 um.
#Total half perimeter of net bounding box = 217 um.
#Total wire length on LAYER li1 = 42 um.
#Total wire length on LAYER met1 = 79 um.
#Total wire length on LAYER met2 = 5 um.
#Total wire length on LAYER met3 = 0 um.
#Total wire length on LAYER met4 = 0 um.
#Total wire length on LAYER met5 = 0 um.
#Total number of vias = 19
#Up-Via Summary (total 19):
#           
#-----------------------
# li1                15
# met1                4
#-----------------------
#                    19 
#
#Total number of DRC violations = 0
#Total number of process antenna violations = 0
#Total number of net violated process antenna rule = 0 ant fix stage
#
#WARNING (NRDB-104) Cannot find antenna cell. Please set option 'route_antenna_cell_name', or change your LEF file.
#
#Start Post Route via swapping...
#63.25% of area are rerouted by ECO routing.
#   number of violations = 0
#cpu time = 00:00:00, elapsed time = 00:00:00, memory = 1090.44 (MB), peak = 1150.88 (MB)
#CELL_VIEW ringosc,init has no DRC violation.
#Total number of DRC violations = 0
#Total number of process antenna violations = 0
#Total number of net violated process antenna rule = 0 ant fix stage
#No via is swapped.
#Post Route via swapping is done.
#Total wire length = 127 um.
#Total half perimeter of net bounding box = 217 um.
#Total wire length on LAYER li1 = 42 um.
#Total wire length on LAYER met1 = 79 um.
#Total wire length on LAYER met2 = 5 um.
#Total wire length on LAYER met3 = 0 um.
#Total wire length on LAYER met4 = 0 um.
#Total wire length on LAYER met5 = 0 um.
#Total number of vias = 19
#Up-Via Summary (total 19):
#           
#-----------------------
# li1                15
# met1                4
#-----------------------
#                    19 
#
#WARNING (NRDB-104) Cannot find antenna cell. Please set option 'route_antenna_cell_name', or change your LEF file.
#
#Start Post Route wire spreading..
#
#Start DRC checking..
#   number of violations = 0
#cpu time = 00:00:00, elapsed time = 00:00:00, memory = 1093.21 (MB), peak = 1150.88 (MB)
#CELL_VIEW ringosc,init has no DRC violation.
#Total number of DRC violations = 0
#Total number of process antenna violations = 0
#Total number of net violated process antenna rule = 0 ant fix stage
#
#Start data preparation for wire spreading...
#
#Data preparation is done on Tue May  3 17:12:41 2022
#
#WARNING (NRDB-104) Cannot find antenna cell. Please set option 'route_antenna_cell_name', or change your LEF file.
#
#Start Post Route Wire Spread.
#Done with 1 horizontal wires in 1 hboxes and 0 vertical wires in 1 hboxes.
#Complete Post Route Wire Spread.
#
#Total wire length = 128 um.
#Total half perimeter of net bounding box = 217 um.
#Total wire length on LAYER li1 = 42 um.
#Total wire length on LAYER met1 = 80 um.
#Total wire length on LAYER met2 = 5 um.
#Total wire length on LAYER met3 = 0 um.
#Total wire length on LAYER met4 = 0 um.
#Total wire length on LAYER met5 = 0 um.
#Total number of vias = 19
#Up-Via Summary (total 19):
#           
#-----------------------
# li1                15
# met1                4
#-----------------------
#                    19 
#
#
#Start DRC checking..
#   number of violations = 0
#cpu time = 00:00:00, elapsed time = 00:00:00, memory = 1102.75 (MB), peak = 1150.88 (MB)
#CELL_VIEW ringosc,init has no DRC violation.
#Total number of DRC violations = 0
#Total number of process antenna violations = 0
#Total number of net violated process antenna rule = 0 ant fix stage
#WARNING (NRDB-104) Cannot find antenna cell. Please set option 'route_antenna_cell_name', or change your LEF file.
#   number of violations = 0
#cpu time = 00:00:00, elapsed time = 00:00:00, memory = 1102.75 (MB), peak = 1150.88 (MB)
#CELL_VIEW ringosc,init has no DRC violation.
#Total number of DRC violations = 0
#Total number of process antenna violations = 0
#Total number of net violated process antenna rule = 0 ant fix stage
#Post Route wire spread is done.
#Total wire length = 128 um.
#Total half perimeter of net bounding box = 217 um.
#Total wire length on LAYER li1 = 42 um.
#Total wire length on LAYER met1 = 80 um.
#Total wire length on LAYER met2 = 5 um.
#Total wire length on LAYER met3 = 0 um.
#Total wire length on LAYER met4 = 0 um.
#Total wire length on LAYER met5 = 0 um.
#Total number of vias = 19
#Up-Via Summary (total 19):
#           
#-----------------------
# li1                15
# met1                4
#-----------------------
#                    19 
#
#detailRoute Statistics:
#Cpu time = 00:00:01
#Elapsed time = 00:00:01
#Increased memory = 11.54 (MB)
#Total memory = 1099.91 (MB)
#Peak memory = 1150.88 (MB)
#
#globalDetailRoute statistics:
#Cpu time = 00:00:02
#Elapsed time = 00:00:02
#Increased memory = 83.23 (MB)
#Total memory = 1107.71 (MB)
#Peak memory = 1150.88 (MB)
#Number of warnings = 12
#Total number of warnings = 14
#Number of fails = 0
#Total number of fails = 0
#Complete globalDetailRoute on Tue May  3 17:12:41 2022
#
% End globalDetailRoute (date=05/03 17:12:41, total cpu=0:00:01.8, real=0:00:02.0, peak res=1150.9M, current mem=1098.5M)
#Default setup view is reset to analysis_default.
#Default setup view is reset to analysis_default.
UM:   flow.cputime  flow.realtime  timing.setup.tns  timing.setup.wns  snapshot
UM:*                                                                   final
------------------------------------------------------------
	Current design flip-flop statistics

Single-Bit FF Count  :            0
Multi-Bit FF Count   :            0
Total Bit Count      :            0
Total FF Count       :            0
Bits Per Flop        :         -nan
------------------------------------------------------------
[hotspot] +------------+---------------+---------------+
[hotspot] |            |   max hotspot | total hotspot |
[hotspot] +------------+---------------+---------------+
[hotspot] | normalized |          0.00 |          0.00 |
[hotspot] +------------+---------------+---------------+
Local HotSpot Analysis: normalized max congestion hotspot area = 0.00, normalized total congestion hotspot area = 0.00 (area is in unit of 4 std-cell row bins)
      flow.cputime  flow.realtime  timing.setup.tns  timing.setup.wns  snapshot
UM:           2.28              2                                      route_design
#routeDesign: cpu time = 00:00:02, elapsed time = 00:00:02, memory = 1088.87 (MB), peak = 1150.88 (MB)
*** Message Summary: 0 warning(s), 0 error(s)

#% End routeDesign (date=05/03 17:12:41, total cpu=0:00:02.2, real=0:00:02.0, peak res=1150.9M, current mem=1088.9M)
# setNanoRouteMode -droutePostRouteSpreadWire true -routeWithTimingDriven false
<CMD> setNanoRouteMode -droutePostRouteSpreadWire true -routeWithTimingDriven false
# routeDesign -wireOpt
<CMD> routeDesign -wireOpt
#% Begin routeDesign (date=05/03 17:12:41, mem=1088.9M)
#routeDesign: cpu time = 00:00:00, elapsed time = 00:00:00, memory = 1088.93 (MB), peak = 1150.88 (MB)
**INFO: User settings:
setNanoRouteMode -droutePostRouteSpreadWire                     true
setNanoRouteMode -drouteUseMultiCutViaEffort                    high
setNanoRouteMode -extractThirdPartyCompatible                   false
setNanoRouteMode -grouteExpTdUseTifTimingEngineForImportDesign  true
setNanoRouteMode -routeAntennaCellName                          sky130_fd_sc_hd__diode_2
setNanoRouteMode -routeFillerInstPrefix                         FILL
setNanoRouteMode -routeInsertAntennaDiode                       true
setNanoRouteMode -routeTopRoutingLayer                          6
setNanoRouteMode -routeWithLithoDriven                          true
setNanoRouteMode -routeWithTimingDriven                         false
setDesignMode -powerEffort                                      high
setDesignMode -process                                          130
setDesignMode -topRoutingLayer                                  met5
setExtractRCMode -coupling_c_th                                 0.4
setExtractRCMode -engine                                        preRoute
setExtractRCMode -relative_c_th                                 1
setExtractRCMode -total_c_th                                    0
setDelayCalMode -enable_high_fanout                             true
setDelayCalMode -eng_copyNetPropToNewNet                        true
setDelayCalMode -engine                                         aae
setDelayCalMode -ignoreNetLoad                                  false
setDelayCalMode -SIAware                                        true
setDelayCalMode -socv_accuracy_mode                             low
setSIMode -separate_delta_delay_on_data                         true

#**INFO: setDesignMode -flowEffort standard
#**INFO: multi-cut via swapping will not be performed after routing.
#**INFO: All auto set options tuned by routeDesign will be restored to their original settings on command completion.
Begin checking placement ... (start mem=1149.9M, init mem=1149.9M)
*info: Placed = 10            
*info: Unplaced = 0           
Placement Density:30.28%(259/857)
Placement Density (including fixed std cells):30.28%(259/857)
Finished checkPlace (total: cpu=0:00:00.0, real=0:00:00.0; vio checks: cpu=0:00:00.0, real=0:00:00.0; mem=1149.9M)

changeUseClockNetStatus Option :  -noFixedNetWires 
*** Changed status on (0) nets in Clock.
*** End changeUseClockNetStatus (cpu=0:00:00.0, real=0:00:00.0, mem=1149.9M) ***
% Begin detailRoute (date=05/03 17:12:42, mem=1088.9M)

detailRoute

#Start detailRoute on Tue May  3 17:12:42 2022
#
#WARNING (NRIG-39) NanoRoute cannot route to pin PIN/clk of net clk because it might be a logical pin and does not have physical shapes. To fix the problem, check the pin connection in the netlist and ensure the pin shapes exist in the floorplan.
#num needed restored net=0
#need_extraction net=0 (total=16)
#WARNING (NRDB-976) The TRACK STEP 0.6100 for preferred direction tracks is smaller than the PITCH 0.6800 for LAYER met3. This will cause routability problems for NanoRoute.
#WARNING (NRDB-976) The TRACK STEP 0.6900 for preferred direction tracks is smaller than the PITCH 0.9200 for LAYER met4. This will cause routability problems for NanoRoute.
#NanoRoute Version 20.13-s083_1 NR201221-0721/20_13-UB
#Start routing data preparation on Tue May  3 17:12:42 2022
#
#Minimum voltage of a net in the design = 0.000.
#Maximum voltage of a net in the design = 1.800.
#Voltage range [1.800 - 1.800] has 6 nets.
#Voltage range [0.000 - 0.000] has 4 nets.
#Voltage range [0.000 - 1.800] has 6 nets.
#Initial pin access analysis.
#Detail pin access analysis.
# li1          V   Track-Pitch = 0.4600    Line-2-Via Pitch = 0.3400
# met1         H   Track-Pitch = 0.3400    Line-2-Via Pitch = 0.3250
# met2         V   Track-Pitch = 0.4600    Line-2-Via Pitch = 0.3400
# met3         H   Track-Pitch = 0.6100    Line-2-Via Pitch = 0.6100
# met4         V   Track-Pitch = 0.6900    Line-2-Via Pitch = 0.6150
# met5         H   Track-Pitch = 3.6600    Line-2-Via Pitch = 3.2000
#Monitoring time of adding inner blkg by smac
#cpu time = 00:00:00, elapsed time = 00:00:00, memory = 1103.12 (MB), peak = 1150.88 (MB)
#Regenerating Ggrids automatically.
#Auto generating G-grids with size=15 tracks, using layer met2's pitch = 0.4600.
#Using automatically generated G-grids.
#Done routing data preparation.
#cpu time = 00:00:00, elapsed time = 00:00:00, memory = 1105.85 (MB), peak = 1150.88 (MB)
#WARNING (NRDB-104) Cannot find antenna cell. Please set option 'route_antenna_cell_name', or change your LEF file.
#
#Start Post Route wire spreading..
#
#Start data preparation for wire spreading...
#
#Data preparation is done on Tue May  3 17:12:42 2022
#
#WARNING (NRDB-104) Cannot find antenna cell. Please set option 'route_antenna_cell_name', or change your LEF file.
#
#Start Post Route Wire Spread.
#Done with 0 horizontal wires in 1 hboxes and 0 vertical wires in 1 hboxes.
#Complete Post Route Wire Spread.
#
#Total wire length = 128 um.
#Total half perimeter of net bounding box = 217 um.
#Total wire length on LAYER li1 = 42 um.
#Total wire length on LAYER met1 = 80 um.
#Total wire length on LAYER met2 = 5 um.
#Total wire length on LAYER met3 = 0 um.
#Total wire length on LAYER met4 = 0 um.
#Total wire length on LAYER met5 = 0 um.
#Total number of vias = 19
#Up-Via Summary (total 19):
#           
#-----------------------
# li1                15
# met1                4
#-----------------------
#                    19 
#
#WARNING (NRDB-104) Cannot find antenna cell. Please set option 'route_antenna_cell_name', or change your LEF file.
#   number of violations = 0
#cpu time = 00:00:00, elapsed time = 00:00:00, memory = 1117.44 (MB), peak = 1150.88 (MB)
#CELL_VIEW ringosc,init has no DRC violation.
#Total number of DRC violations = 0
#Total number of process antenna violations = 0
#Total number of net violated process antenna rule = 0 ant fix stage
#Post Route wire spread is done.
#Total wire length = 128 um.
#Total half perimeter of net bounding box = 217 um.
#Total wire length on LAYER li1 = 42 um.
#Total wire length on LAYER met1 = 80 um.
#Total wire length on LAYER met2 = 5 um.
#Total wire length on LAYER met3 = 0 um.
#Total wire length on LAYER met4 = 0 um.
#Total wire length on LAYER met5 = 0 um.
#Total number of vias = 19
#Up-Via Summary (total 19):
#           
#-----------------------
# li1                15
# met1                4
#-----------------------
#                    19 
#
#
#detailRoute statistics:
#Cpu time = 00:00:00
#Elapsed time = 00:00:00
#Increased memory = 22.42 (MB)
#Total memory = 1111.37 (MB)
#Peak memory = 1150.88 (MB)
#Number of warnings = 6
#Total number of warnings = 20
#Number of fails = 0
#Total number of fails = 0
#Complete detailRoute on Tue May  3 17:12:42 2022
#
% End detailRoute (date=05/03 17:12:42, total cpu=0:00:00.3, real=0:00:00.0, peak res=1103.9M, current mem=1103.9M)
#Default setup view is reset to analysis_default.
      flow.cputime  flow.realtime  timing.setup.tns  timing.setup.wns  snapshot
UM:*                                                                   final
------------------------------------------------------------
	Current design flip-flop statistics

Single-Bit FF Count  :            0
Multi-Bit FF Count   :            0
Total Bit Count      :            0
Total FF Count       :            0
Bits Per Flop        :         -nan
------------------------------------------------------------
[hotspot] +------------+---------------+---------------+
[hotspot] |            |   max hotspot | total hotspot |
[hotspot] +------------+---------------+---------------+
[hotspot] | normalized |          0.00 |          0.00 |
[hotspot] +------------+---------------+---------------+
Local HotSpot Analysis: normalized max congestion hotspot area = 0.00, normalized total congestion hotspot area = 0.00 (area is in unit of 4 std-cell row bins)
      flow.cputime  flow.realtime  timing.setup.tns  timing.setup.wns  snapshot
UM:           0.62              1                                      route_design
#routeDesign: cpu time = 00:00:01, elapsed time = 00:00:01, memory = 1092.12 (MB), peak = 1150.88 (MB)
*** Message Summary: 0 warning(s), 0 error(s)

#% End routeDesign (date=05/03 17:12:42, total cpu=0:00:00.6, real=0:00:00.0, peak res=1103.9M, current mem=1092.1M)
# setNanoRouteMode -droutePostRouteSpreadWire false
<CMD> setNanoRouteMode -droutePostRouteSpreadWire false
# setExtractRCMode -engine postRoute -effortLevel low
<CMD> setExtractRCMode -engine postRoute -effortLevel low
# puts "<FF> Plugin -> post_route_tcl"
# um::pop_snapshot_stack
<CMD> um::pop_snapshot_stack
# create_snapshot -name route -categories design
<CMD> reportMultiBitFFs -statistics
------------------------------------------------------------
	Current design flip-flop statistics

Single-Bit FF Count  :            0
Multi-Bit FF Count   :            0
Total Bit Count      :            0
Total FF Count       :            0
Bits Per Flop        :         -nan
------------------------------------------------------------
<CMD> reportCongestion -hotspot
[hotspot] +------------+---------------+---------------+
[hotspot] |            |   max hotspot | total hotspot |
[hotspot] +------------+---------------+---------------+
[hotspot] | normalized |          0.00 |          0.00 |
[hotspot] +------------+---------------+---------------+
Local HotSpot Analysis: normalized max congestion hotspot area = 0.00, normalized total congestion hotspot area = 0.00 (area is in unit of 4 std-cell row bins)
<CMD> get_metric -raw -id current -uuid cd1088fd-7220-4f15-8e9b-3d5ffc6a777a clock.Routing.area.total
<CMD> get_metric -raw -id current -uuid cd1088fd-7220-4f15-8e9b-3d5ffc6a777a clock.PostConditioning.area.total
<CMD> get_metric -raw -id current -uuid cd1088fd-7220-4f15-8e9b-3d5ffc6a777a clock.eGRPC.area.total
<CMD> get_metric -raw -id current -uuid cd1088fd-7220-4f15-8e9b-3d5ffc6a777a clock.Routing.area.total
<CMD> get_metric -raw -id current -uuid cd1088fd-7220-4f15-8e9b-3d5ffc6a777a clock.Implementation.area.total
<CMD> get_metric -raw -id current -uuid cd1088fd-7220-4f15-8e9b-3d5ffc6a777a clock.eGRPC.area.total
<CMD> get_metric -raw -id current -uuid cd1088fd-7220-4f15-8e9b-3d5ffc6a777a clock.Construction.area.total
<CMD> get_metric -raw -id current -uuid cd1088fd-7220-4f15-8e9b-3d5ffc6a777a clock.Implementation.area.total
<CMD> get_metric -raw -id current -uuid 08cdf640-8041-4a03-bfde-c1714be687d0 clock.Routing.area.total
<CMD> get_metric -raw -id current -uuid 08cdf640-8041-4a03-bfde-c1714be687d0 clock.PostConditioning.area.total
<CMD> get_metric -raw -id current -uuid 08cdf640-8041-4a03-bfde-c1714be687d0 clock.eGRPC.area.total
<CMD> get_metric -raw -id current -uuid 08cdf640-8041-4a03-bfde-c1714be687d0 clock.Routing.area.total
<CMD> get_metric -raw -id current -uuid 08cdf640-8041-4a03-bfde-c1714be687d0 clock.Implementation.area.total
<CMD> get_metric -raw -id current -uuid 08cdf640-8041-4a03-bfde-c1714be687d0 clock.eGRPC.area.total
<CMD> get_metric -raw -id current -uuid 08cdf640-8041-4a03-bfde-c1714be687d0 clock.Construction.area.total
<CMD> get_metric -raw -id current -uuid 08cdf640-8041-4a03-bfde-c1714be687d0 clock.Implementation.area.total
<CMD> get_metric -raw -id current -uuid 9fb44699-3ab5-4b80-a15d-02e6bfd22d5d clock.Routing.area.total
<CMD> get_metric -raw -id current -uuid 9fb44699-3ab5-4b80-a15d-02e6bfd22d5d clock.PostConditioning.area.total
<CMD> get_metric -raw -id current -uuid 9fb44699-3ab5-4b80-a15d-02e6bfd22d5d clock.eGRPC.area.total
<CMD> get_metric -raw -id current -uuid 9fb44699-3ab5-4b80-a15d-02e6bfd22d5d clock.Routing.area.total
<CMD> get_metric -raw -id current -uuid 9fb44699-3ab5-4b80-a15d-02e6bfd22d5d clock.Implementation.area.total
<CMD> get_metric -raw -id current -uuid 9fb44699-3ab5-4b80-a15d-02e6bfd22d5d clock.eGRPC.area.total
<CMD> get_metric -raw -id current -uuid 9fb44699-3ab5-4b80-a15d-02e6bfd22d5d clock.Construction.area.total
<CMD> get_metric -raw -id current -uuid 9fb44699-3ab5-4b80-a15d-02e6bfd22d5d clock.Implementation.area.total
<CMD> get_metric -raw -id current -uuid fd07fc1d-d973-4833-b205-88682f9a7b87 clock.Routing.area.total
<CMD> get_metric -raw -id current -uuid fd07fc1d-d973-4833-b205-88682f9a7b87 clock.PostConditioning.area.total
<CMD> get_metric -raw -id current -uuid fd07fc1d-d973-4833-b205-88682f9a7b87 clock.eGRPC.area.total
<CMD> get_metric -raw -id current -uuid fd07fc1d-d973-4833-b205-88682f9a7b87 clock.Routing.area.total
<CMD> get_metric -raw -id current -uuid fd07fc1d-d973-4833-b205-88682f9a7b87 clock.Implementation.area.total
<CMD> get_metric -raw -id current -uuid fd07fc1d-d973-4833-b205-88682f9a7b87 clock.eGRPC.area.total
<CMD> get_metric -raw -id current -uuid fd07fc1d-d973-4833-b205-88682f9a7b87 clock.Construction.area.total
<CMD> get_metric -raw -id current -uuid fd07fc1d-d973-4833-b205-88682f9a7b87 clock.Implementation.area.total
<CMD> get_metric -raw -id current -uuid f7369054-40c2-4977-b63a-7cf18550aa0e clock.Routing.area.total
<CMD> get_metric -raw -id current -uuid f7369054-40c2-4977-b63a-7cf18550aa0e clock.PostConditioning.area.total
<CMD> get_metric -raw -id current -uuid f7369054-40c2-4977-b63a-7cf18550aa0e clock.eGRPC.area.total
<CMD> get_metric -raw -id current -uuid f7369054-40c2-4977-b63a-7cf18550aa0e clock.Routing.area.total
<CMD> get_metric -raw -id current -uuid f7369054-40c2-4977-b63a-7cf18550aa0e clock.Implementation.area.total
<CMD> get_metric -raw -id current -uuid f7369054-40c2-4977-b63a-7cf18550aa0e clock.eGRPC.area.total
<CMD> get_metric -raw -id current -uuid f7369054-40c2-4977-b63a-7cf18550aa0e clock.Construction.area.total
<CMD> get_metric -raw -id current -uuid f7369054-40c2-4977-b63a-7cf18550aa0e clock.Implementation.area.total
<CMD> get_metric -raw -id current -uuid 583cab5c-2e1e-4b40-8b7e-e87fe0cffb3b clock.Routing.area.total
<CMD> get_metric -raw -id current -uuid 583cab5c-2e1e-4b40-8b7e-e87fe0cffb3b clock.PostConditioning.area.total
<CMD> get_metric -raw -id current -uuid 583cab5c-2e1e-4b40-8b7e-e87fe0cffb3b clock.eGRPC.area.total
<CMD> get_metric -raw -id current -uuid 583cab5c-2e1e-4b40-8b7e-e87fe0cffb3b clock.Routing.area.total
<CMD> get_metric -raw -id current -uuid 583cab5c-2e1e-4b40-8b7e-e87fe0cffb3b clock.Implementation.area.total
<CMD> get_metric -raw -id current -uuid 583cab5c-2e1e-4b40-8b7e-e87fe0cffb3b clock.eGRPC.area.total
<CMD> get_metric -raw -id current -uuid 583cab5c-2e1e-4b40-8b7e-e87fe0cffb3b clock.Construction.area.total
<CMD> get_metric -raw -id current -uuid 583cab5c-2e1e-4b40-8b7e-e87fe0cffb3b clock.Implementation.area.total
<CMD> get_metric -raw -id current -uuid d2c2d23a-8d80-4d58-9a82-38fc11a77e98 clock.Routing.area.total
<CMD> get_metric -raw -id current -uuid d2c2d23a-8d80-4d58-9a82-38fc11a77e98 clock.PostConditioning.area.total
<CMD> get_metric -raw -id current -uuid d2c2d23a-8d80-4d58-9a82-38fc11a77e98 clock.eGRPC.area.total
<CMD> get_metric -raw -id current -uuid d2c2d23a-8d80-4d58-9a82-38fc11a77e98 clock.Routing.area.total
<CMD> get_metric -raw -id current -uuid d2c2d23a-8d80-4d58-9a82-38fc11a77e98 clock.Implementation.area.total
<CMD> get_metric -raw -id current -uuid d2c2d23a-8d80-4d58-9a82-38fc11a77e98 clock.eGRPC.area.total
<CMD> get_metric -raw -id current -uuid d2c2d23a-8d80-4d58-9a82-38fc11a77e98 clock.Construction.area.total
<CMD> get_metric -raw -id current -uuid d2c2d23a-8d80-4d58-9a82-38fc11a77e98 clock.Implementation.area.total
<CMD> get_metric -raw -id current -uuid cdb14e6f-7ace-49c6-9ccc-264f80d58edf clock.Routing.area.total
<CMD> get_metric -raw -id current -uuid cdb14e6f-7ace-49c6-9ccc-264f80d58edf clock.PostConditioning.area.total
<CMD> get_metric -raw -id current -uuid cdb14e6f-7ace-49c6-9ccc-264f80d58edf clock.eGRPC.area.total
<CMD> get_metric -raw -id current -uuid cdb14e6f-7ace-49c6-9ccc-264f80d58edf clock.Routing.area.total
<CMD> get_metric -raw -id current -uuid cdb14e6f-7ace-49c6-9ccc-264f80d58edf clock.Implementation.area.total
<CMD> get_metric -raw -id current -uuid cdb14e6f-7ace-49c6-9ccc-264f80d58edf clock.eGRPC.area.total
<CMD> get_metric -raw -id current -uuid cdb14e6f-7ace-49c6-9ccc-264f80d58edf clock.Construction.area.total
<CMD> get_metric -raw -id current -uuid cdb14e6f-7ace-49c6-9ccc-264f80d58edf clock.Implementation.area.total
<CMD> get_metric -raw -id current -uuid 59dae3b2-f737-4964-958e-9c829bd1fce6 clock.Routing.area.total
<CMD> get_metric -raw -id current -uuid 59dae3b2-f737-4964-958e-9c829bd1fce6 clock.PostConditioning.area.total
<CMD> get_metric -raw -id current -uuid 59dae3b2-f737-4964-958e-9c829bd1fce6 clock.eGRPC.area.total
<CMD> get_metric -raw -id current -uuid 59dae3b2-f737-4964-958e-9c829bd1fce6 clock.Routing.area.total
<CMD> get_metric -raw -id current -uuid 59dae3b2-f737-4964-958e-9c829bd1fce6 clock.Implementation.area.total
<CMD> get_metric -raw -id current -uuid 59dae3b2-f737-4964-958e-9c829bd1fce6 clock.eGRPC.area.total
<CMD> get_metric -raw -id current -uuid 59dae3b2-f737-4964-958e-9c829bd1fce6 clock.Construction.area.total
<CMD> get_metric -raw -id current -uuid 59dae3b2-f737-4964-958e-9c829bd1fce6 clock.Implementation.area.total
<CMD> get_metric -raw -id current -uuid d0dc1dbb-3d54-4a3d-860c-fc8ea5d46451 clock.Routing.area.total
<CMD> get_metric -raw -id current -uuid d0dc1dbb-3d54-4a3d-860c-fc8ea5d46451 clock.PostConditioning.area.total
<CMD> get_metric -raw -id current -uuid d0dc1dbb-3d54-4a3d-860c-fc8ea5d46451 clock.eGRPC.area.total
<CMD> get_metric -raw -id current -uuid d0dc1dbb-3d54-4a3d-860c-fc8ea5d46451 clock.Routing.area.total
<CMD> get_metric -raw -id current -uuid d0dc1dbb-3d54-4a3d-860c-fc8ea5d46451 clock.Implementation.area.total
<CMD> get_metric -raw -id current -uuid d0dc1dbb-3d54-4a3d-860c-fc8ea5d46451 clock.eGRPC.area.total
<CMD> get_metric -raw -id current -uuid d0dc1dbb-3d54-4a3d-860c-fc8ea5d46451 clock.Construction.area.total
<CMD> get_metric -raw -id current -uuid d0dc1dbb-3d54-4a3d-860c-fc8ea5d46451 clock.Implementation.area.total
<CMD> get_metric -raw -id current -uuid 320c7803-6481-449a-9810-e519f2208e8d clock.Routing.area.total
<CMD> get_metric -raw -id current -uuid 320c7803-6481-449a-9810-e519f2208e8d clock.PostConditioning.area.total
<CMD> get_metric -raw -id current -uuid 320c7803-6481-449a-9810-e519f2208e8d clock.eGRPC.area.total
<CMD> get_metric -raw -id current -uuid 320c7803-6481-449a-9810-e519f2208e8d clock.Routing.area.total
<CMD> get_metric -raw -id current -uuid 320c7803-6481-449a-9810-e519f2208e8d clock.Implementation.area.total
<CMD> get_metric -raw -id current -uuid 320c7803-6481-449a-9810-e519f2208e8d clock.eGRPC.area.total
<CMD> get_metric -raw -id current -uuid 320c7803-6481-449a-9810-e519f2208e8d clock.Construction.area.total
<CMD> get_metric -raw -id current -uuid 320c7803-6481-449a-9810-e519f2208e8d clock.Implementation.area.total
<CMD> get_metric -raw -id current -uuid eea72bc4-3105-49ea-9c18-0023fe45ac41 clock.Routing.area.total
<CMD> get_metric -raw -id current -uuid eea72bc4-3105-49ea-9c18-0023fe45ac41 clock.PostConditioning.area.total
<CMD> get_metric -raw -id current -uuid eea72bc4-3105-49ea-9c18-0023fe45ac41 clock.eGRPC.area.total
<CMD> get_metric -raw -id current -uuid eea72bc4-3105-49ea-9c18-0023fe45ac41 clock.Routing.area.total
<CMD> get_metric -raw -id current -uuid eea72bc4-3105-49ea-9c18-0023fe45ac41 clock.Implementation.area.total
<CMD> get_metric -raw -id current -uuid eea72bc4-3105-49ea-9c18-0023fe45ac41 clock.eGRPC.area.total
<CMD> get_metric -raw -id current -uuid eea72bc4-3105-49ea-9c18-0023fe45ac41 clock.Construction.area.total
<CMD> get_metric -raw -id current -uuid eea72bc4-3105-49ea-9c18-0023fe45ac41 clock.Implementation.area.total
<CMD> get_metric -raw -id current -uuid f8b8b2a2-d110-465b-9362-46f91bd45149 clock.Routing.area.total
<CMD> get_metric -raw -id current -uuid f8b8b2a2-d110-465b-9362-46f91bd45149 clock.PostConditioning.area.total
<CMD> get_metric -raw -id current -uuid f8b8b2a2-d110-465b-9362-46f91bd45149 clock.eGRPC.area.total
<CMD> get_metric -raw -id current -uuid f8b8b2a2-d110-465b-9362-46f91bd45149 clock.Routing.area.total
<CMD> get_metric -raw -id current -uuid f8b8b2a2-d110-465b-9362-46f91bd45149 clock.Implementation.area.total
<CMD> get_metric -raw -id current -uuid f8b8b2a2-d110-465b-9362-46f91bd45149 clock.eGRPC.area.total
<CMD> get_metric -raw -id current -uuid f8b8b2a2-d110-465b-9362-46f91bd45149 clock.Construction.area.total
<CMD> get_metric -raw -id current -uuid f8b8b2a2-d110-465b-9362-46f91bd45149 clock.Implementation.area.total
      flow.cputime  flow.realtime  timing.setup.tns  timing.setup.wns  snapshot
UM:           4.47              6                                      route
# report_metric -file reports/metrics.html -format html
<CMD> um::get_metric_definition -name *.drc
<CMD> um::get_metric_definition -name *.drc.layer:*
<CMD> um::get_metric_definition -name *.drc.layer:*.type:*
<CMD> um::get_metric_definition -name *.drc.type:*
<CMD> um::get_metric_definition -name check.drc
<CMD> um::get_metric_definition -name check.drc.antenna
<CMD> um::get_metric_definition -name check.place.*
<CMD> um::get_metric_definition -name clock.area.buffer
<CMD> um::get_metric_definition -name clock.area.clkgate
<CMD> um::get_metric_definition -name clock.area.inverter
<CMD> um::get_metric_definition -name clock.area.logic
<CMD> um::get_metric_definition -name clock.area.nonicg
<CMD> um::get_metric_definition -name clock.area.total
<CMD> um::get_metric_definition -name clock.area_distribution.buffer.base_cell:*
<CMD> um::get_metric_definition -name clock.area_distribution.clkgate.base_cell:*
<CMD> um::get_metric_definition -name clock.area_distribution.inverter.base_cell:*
<CMD> um::get_metric_definition -name clock.area_distribution.logic.base_cell:*
<CMD> um::get_metric_definition -name clock.area_distribution.nonicg.base_cell:*
<CMD> um::get_metric_definition -name clock.buffer_depth_constraint.skew_group:*.*
<CMD> um::get_metric_definition -name clock.capacitance.gate.leaf
<CMD> um::get_metric_definition -name clock.capacitance.gate.top
<CMD> um::get_metric_definition -name clock.capacitance.gate.trunk
<CMD> um::get_metric_definition -name clock.capacitance.sink.*
<CMD> um::get_metric_definition -name clock.capacitance.total.leaf
<CMD> um::get_metric_definition -name clock.capacitance.total.top
<CMD> um::get_metric_definition -name clock.capacitance.total.trunk
<CMD> um::get_metric_definition -name clock.capacitance.wire.leaf
<CMD> um::get_metric_definition -name clock.capacitance.wire.top
<CMD> um::get_metric_definition -name clock.capacitance.wire.trunk
<CMD> um::get_metric_definition -name clock.drv.nets.capacitance.*
<CMD> um::get_metric_definition -name clock.drv.nets.capacitance.count
<CMD> um::get_metric_definition -name clock.drv.nets.capacitance.max
<CMD> um::get_metric_definition -name clock.drv.nets.fanout.*
<CMD> um::get_metric_definition -name clock.drv.nets.fanout.count
<CMD> um::get_metric_definition -name clock.drv.nets.fanout.max
<CMD> um::get_metric_definition -name clock.drv.nets.length.*
<CMD> um::get_metric_definition -name clock.drv.nets.length.count
<CMD> um::get_metric_definition -name clock.drv.nets.length.max
<CMD> um::get_metric_definition -name clock.drv.nets.remaining
<CMD> um::get_metric_definition -name clock.drv.nets.resistance.*
<CMD> um::get_metric_definition -name clock.drv.nets.resistance.count
<CMD> um::get_metric_definition -name clock.drv.nets.resistance.max
<CMD> um::get_metric_definition -name clock.drv.nets.unfixable
<CMD> um::get_metric_definition -name clock.halo.clock_tree:*.count
<CMD> um::get_metric_definition -name clock.halo.clock_tree:*.violations
<CMD> um::get_metric_definition -name clock.instances.buffer
<CMD> um::get_metric_definition -name clock.instances.buffer.creator.*
<CMD> um::get_metric_definition -name clock.instances.clkgate
<CMD> um::get_metric_definition -name clock.instances.inverter
<CMD> um::get_metric_definition -name clock.instances.inverter.creator.*
<CMD> um::get_metric_definition -name clock.instances.logic
<CMD> um::get_metric_definition -name clock.instances.nonicg
<CMD> um::get_metric_definition -name clock.instances.total
<CMD> um::get_metric_definition -name clock.instances_distribution.buffer.base_cell:*
<CMD> um::get_metric_definition -name clock.instances_distribution.clkgate.base_cell:*
<CMD> um::get_metric_definition -name clock.instances_distribution.inverter.base_cell:*
<CMD> um::get_metric_definition -name clock.instances_distribution.logic.base_cell:*
<CMD> um::get_metric_definition -name clock.instances_distribution.nonicg.base_cell:*
<CMD> um::get_metric_definition -name clock.latency.primary_reporting_skew_group.primary_half_corner.*
<CMD> um::get_metric_definition -name clock.latency.skew_group:*.delay_corner:*.early.*
<CMD> um::get_metric_definition -name clock.latency.skew_group:*.delay_corner:*.late.*
<CMD> um::get_metric_definition -name clock.nets.length.leaf
<CMD> um::get_metric_definition -name clock.nets.length.top
<CMD> um::get_metric_definition -name clock.nets.length.total
<CMD> um::get_metric_definition -name clock.nets.length.trunk
<CMD> um::get_metric_definition -name clock.skew.primary_reporting_skew_group.primary_half_corner.*
<CMD> um::get_metric_definition -name clock.skew.primary_reporting_skew_group.primary_half_corner.skew_band.*
<CMD> um::get_metric_definition -name clock.skew.skew_group:*.delay_corner:*.early.gate
<CMD> um::get_metric_definition -name clock.skew.skew_group:*.delay_corner:*.early.skew_band.*
<CMD> um::get_metric_definition -name clock.skew.skew_group:*.delay_corner:*.early.target
<CMD> um::get_metric_definition -name clock.skew.skew_group:*.delay_corner:*.early.target_met
<CMD> um::get_metric_definition -name clock.skew.skew_group:*.delay_corner:*.early.total
<CMD> um::get_metric_definition -name clock.skew.skew_group:*.delay_corner:*.early.wire
<CMD> um::get_metric_definition -name clock.skew.skew_group:*.delay_corner:*.late.gate
<CMD> um::get_metric_definition -name clock.skew.skew_group:*.delay_corner:*.late.skew_band.*
<CMD> um::get_metric_definition -name clock.skew.skew_group:*.delay_corner:*.late.target
<CMD> um::get_metric_definition -name clock.skew.skew_group:*.delay_corner:*.late.target_met
<CMD> um::get_metric_definition -name clock.skew.skew_group:*.delay_corner:*.late.total
<CMD> um::get_metric_definition -name clock.skew.skew_group:*.delay_corner:*.late.wire
<CMD> um::get_metric_definition -name clock.stage_depth_constraint.*
<CMD> um::get_metric_definition -name clock.transition.auto_target.delay_corner:*.early.clock_tree:*
<CMD> um::get_metric_definition -name clock.transition.auto_target.delay_corner:*.late.clock_tree:*
<CMD> um::get_metric_definition -name clock.transition.primary_half_corner.leaf.*.*
<CMD> um::get_metric_definition -name clock.transition.primary_half_corner.leaf.*.max
<CMD> um::get_metric_definition -name clock.transition.primary_half_corner.top.*.*
<CMD> um::get_metric_definition -name clock.transition.primary_half_corner.top.*.max
<CMD> um::get_metric_definition -name clock.transition.primary_half_corner.trunk.*.*
<CMD> um::get_metric_definition -name clock.transition.primary_half_corner.trunk.*.max
<CMD> um::get_metric_definition -name clock.transition.target.delay_corner:*.early.leaf.clock_tree:*
<CMD> um::get_metric_definition -name clock.transition.target.delay_corner:*.early.top.clock_tree:*
<CMD> um::get_metric_definition -name clock.transition.target.delay_corner:*.early.trunk.clock_tree:*
<CMD> um::get_metric_definition -name clock.transition.target.delay_corner:*.late.leaf.clock_tree:*
<CMD> um::get_metric_definition -name clock.transition.target.delay_corner:*.late.top.clock_tree:*
<CMD> um::get_metric_definition -name clock.transition.target.delay_corner:*.late.trunk.clock_tree:*
<CMD> um::get_metric_definition -name clock.transition.target.primary_half_corner.leaf.*
<CMD> um::get_metric_definition -name clock.transition.target.primary_half_corner.top.*
<CMD> um::get_metric_definition -name clock.transition.target.primary_half_corner.trunk.*
<CMD> um::get_metric_definition -name design.area
<CMD> um::get_metric_definition -name design.area.always_on
<CMD> um::get_metric_definition -name design.area.blackbox
<CMD> um::get_metric_definition -name design.area.buffer
<CMD> um::get_metric_definition -name design.area.combinatorial
<CMD> um::get_metric_definition -name design.area.hinst:*
<CMD> um::get_metric_definition -name design.area.icg
<CMD> um::get_metric_definition -name design.area.inverter
<CMD> um::get_metric_definition -name design.area.io
<CMD> um::get_metric_definition -name design.area.isolation
<CMD> um::get_metric_definition -name design.area.latch
<CMD> um::get_metric_definition -name design.area.level_shifter
<CMD> um::get_metric_definition -name design.area.logical
<CMD> um::get_metric_definition -name design.area.macro
<CMD> um::get_metric_definition -name design.area.physical
<CMD> um::get_metric_definition -name design.area.power_switch
<CMD> um::get_metric_definition -name design.area.register
<CMD> um::get_metric_definition -name design.area.std_cell
<CMD> um::get_metric_definition -name design.area.vth:*
<CMD> um::get_metric_definition -name design.area.vth:*.ratio
<CMD> um::get_metric_definition -name design.blockages.place.area
<CMD> um::get_metric_definition -name design.blockages.route.area
<CMD> um::get_metric_definition -name design.blockages.route.area.layer:*
<CMD> um::get_metric_definition -name design.congestion.hotspot.max
<CMD> um::get_metric_definition -name design.congestion.hotspot.total
<CMD> um::get_metric_definition -name design.density
<CMD> um::get_metric_definition -name design.floorplan.image
<CMD> um::get_metric_definition -name design.instances
<CMD> um::get_metric_definition -name design.instances.always_on
<CMD> um::get_metric_definition -name design.instances.blackbox
<CMD> um::get_metric_definition -name design.instances.buffer
<CMD> um::get_metric_definition -name design.instances.combinatorial
<CMD> um::get_metric_definition -name design.instances.hinst:*
<CMD> um::get_metric_definition -name design.instances.icg
<CMD> um::get_metric_definition -name design.instances.inverter
<CMD> um::get_metric_definition -name design.instances.io
<CMD> um::get_metric_definition -name design.instances.isolation
<CMD> um::get_metric_definition -name design.instances.latch
<CMD> um::get_metric_definition -name design.instances.level_shifter
<CMD> um::get_metric_definition -name design.instances.logical
<CMD> um::get_metric_definition -name design.instances.macro
<CMD> um::get_metric_definition -name design.instances.physical
<CMD> um::get_metric_definition -name design.instances.power_switch
<CMD> um::get_metric_definition -name design.instances.register
<CMD> um::get_metric_definition -name design.instances.std_cell
<CMD> um::get_metric_definition -name design.instances.vth:*
<CMD> um::get_metric_definition -name design.instances.vth:*.ratio
<CMD> um::get_metric_definition -name design.multibit.*
<CMD> um::get_metric_definition -name design.name
<CMD> um::get_metric_definition -name design.route.drc.image
<CMD> um::get_metric_definition -name flow.cputime
<CMD> um::get_metric_definition -name flow.cputime.total
<CMD> um::get_metric_definition -name flow.last_child_snapshot
<CMD> um::get_metric_definition -name flow.log
<CMD> um::get_metric_definition -name flow.machine
<CMD> um::get_metric_definition -name flow.machine.cpu.frequency
<CMD> um::get_metric_definition -name flow.machine.cpu.model
<CMD> um::get_metric_definition -name flow.machine.cpu.number
<CMD> um::get_metric_definition -name flow.machine.hostname
<CMD> um::get_metric_definition -name flow.machine.load
<CMD> um::get_metric_definition -name flow.machine.memory.free
<CMD> um::get_metric_definition -name flow.machine.memory.total
<CMD> um::get_metric_definition -name flow.machine.os
<CMD> um::get_metric_definition -name flow.machine.swap.free
<CMD> um::get_metric_definition -name flow.machine.swap.total
<CMD> um::get_metric_definition -name flow.memory
<CMD> um::get_metric_definition -name flow.memory.resident
<CMD> um::get_metric_definition -name flow.memory.resident.peak
<CMD> um::get_metric_definition -name flow.realtime
<CMD> um::get_metric_definition -name flow.realtime.total
<CMD> um::get_metric_definition -name flow.root_config
<CMD> um::get_metric_definition -name flow.run_directory
<CMD> um::get_metric_definition -name flow.run_tag
<CMD> um::get_metric_definition -name flow.step.tcl
<CMD> um::get_metric_definition -name flow.template.feature_enabled
<CMD> um::get_metric_definition -name flow.template.type
<CMD> um::get_metric_definition -name flow.tool_list
<CMD> um::get_metric_definition -name flow.user
<CMD> um::get_metric_definition -name flowtool.status
<CMD> um::get_metric_definition -name messages
<CMD> um::get_metric_definition -name name
<CMD> um::get_metric_definition -name power
<CMD> um::get_metric_definition -name power.clock
<CMD> um::get_metric_definition -name power.hinst:*
<CMD> um::get_metric_definition -name power.internal
<CMD> um::get_metric_definition -name power.internal.hinst:*
<CMD> um::get_metric_definition -name power.internal.type:*
<CMD> um::get_metric_definition -name power.leakage
<CMD> um::get_metric_definition -name power.leakage.hinst:*
<CMD> um::get_metric_definition -name power.leakage.type:*
<CMD> um::get_metric_definition -name power.switching
<CMD> um::get_metric_definition -name power.switching.hinst:*
<CMD> um::get_metric_definition -name power.switching.type:*
<CMD> um::get_metric_definition -name route.drc
<CMD> um::get_metric_definition -name route.drc.antenna
<CMD> um::get_metric_definition -name route.drc.layer:*
<CMD> um::get_metric_definition -name route.map.*
<CMD> um::get_metric_definition -name route.overflow
<CMD> um::get_metric_definition -name route.overflow.horizontal
<CMD> um::get_metric_definition -name route.overflow.layer:*
<CMD> um::get_metric_definition -name route.overflow.vertical
<CMD> um::get_metric_definition -name route.shielding.*
<CMD> um::get_metric_definition -name route.via
<CMD> um::get_metric_definition -name route.via.layer:*
<CMD> um::get_metric_definition -name route.via.multicut
<CMD> um::get_metric_definition -name route.via.multicut.layer:*
<CMD> um::get_metric_definition -name route.via.multicut.percentage
<CMD> um::get_metric_definition -name route.via.singlecut
<CMD> um::get_metric_definition -name route.via.singlecut.layer:*
<CMD> um::get_metric_definition -name route.via.singlecut.percentage
<CMD> um::get_metric_definition -name route.via.total
<CMD> um::get_metric_definition -name route.wirelength
<CMD> um::get_metric_definition -name timing.drv.max_cap.total
<CMD> um::get_metric_definition -name timing.drv.max_cap.worst
<CMD> um::get_metric_definition -name timing.drv.max_fanout.total
<CMD> um::get_metric_definition -name timing.drv.max_fanout.worst
<CMD> um::get_metric_definition -name timing.drv.max_length.total
<CMD> um::get_metric_definition -name timing.drv.max_length.worst
<CMD> um::get_metric_definition -name timing.drv.max_tran.total
<CMD> um::get_metric_definition -name timing.drv.max_tran.worst
<CMD> um::get_metric_definition -name timing.hold.feps
<CMD> um::get_metric_definition -name timing.hold.feps.analysis_view:*
<CMD> um::get_metric_definition -name timing.hold.feps.path_group:*
<CMD> um::get_metric_definition -name timing.hold.feps.path_group:*.analysis_view:*
<CMD> um::get_metric_definition -name timing.hold.feps.path_group:reg2reg
<CMD> um::get_metric_definition -name timing.hold.histogram
<CMD> um::get_metric_definition -name timing.hold.histogram.views
<CMD> um::get_metric_definition -name timing.hold.tns
<CMD> um::get_metric_definition -name timing.hold.tns.analysis_view:*
<CMD> um::get_metric_definition -name timing.hold.tns.path_group:*
<CMD> um::get_metric_definition -name timing.hold.tns.path_group:*.analysis_view:*
<CMD> um::get_metric_definition -name timing.hold.tns.path_group:reg2reg
<CMD> um::get_metric_definition -name timing.hold.type
<CMD> um::get_metric_definition -name timing.hold.wns
<CMD> um::get_metric_definition -name timing.hold.wns.analysis_view:*
<CMD> um::get_metric_definition -name timing.hold.wns.path_group:*
<CMD> um::get_metric_definition -name timing.hold.wns.path_group:*.analysis_view:*
<CMD> um::get_metric_definition -name timing.hold.wns.path_group:reg2reg
<CMD> um::get_metric_definition -name timing.min_pulse_width.clocktree.feps
<CMD> um::get_metric_definition -name timing.min_pulse_width.clocktree.feps.analysis_view:*
<CMD> um::get_metric_definition -name timing.min_pulse_width.clocktree.feps.analysis_view:*.clock:*
<CMD> um::get_metric_definition -name timing.min_pulse_width.clocktree.feps.clock:*
<CMD> um::get_metric_definition -name timing.min_pulse_width.clocktree.tns
<CMD> um::get_metric_definition -name timing.min_pulse_width.clocktree.tns.analysis_view:*
<CMD> um::get_metric_definition -name timing.min_pulse_width.clocktree.tns.analysis_view:*.clock:*
<CMD> um::get_metric_definition -name timing.min_pulse_width.clocktree.tns.clock:*
<CMD> um::get_metric_definition -name timing.min_pulse_width.clocktree.wns
<CMD> um::get_metric_definition -name timing.min_pulse_width.clocktree.wns.analysis_view:*
<CMD> um::get_metric_definition -name timing.min_pulse_width.clocktree.wns.analysis_view:*.clock:*
<CMD> um::get_metric_definition -name timing.min_pulse_width.clocktree.wns.clock:*
<CMD> um::get_metric_definition -name timing.min_pulse_width.endpoints.feps
<CMD> um::get_metric_definition -name timing.min_pulse_width.endpoints.feps.analysis_view:*
<CMD> um::get_metric_definition -name timing.min_pulse_width.endpoints.feps.analysis_view:*.clock:*
<CMD> um::get_metric_definition -name timing.min_pulse_width.endpoints.feps.clock:*
<CMD> um::get_metric_definition -name timing.min_pulse_width.endpoints.tns
<CMD> um::get_metric_definition -name timing.min_pulse_width.endpoints.tns.analysis_view:*
<CMD> um::get_metric_definition -name timing.min_pulse_width.endpoints.tns.analysis_view:*.clock:*
<CMD> um::get_metric_definition -name timing.min_pulse_width.endpoints.tns.clock:*
<CMD> um::get_metric_definition -name timing.min_pulse_width.endpoints.wns
<CMD> um::get_metric_definition -name timing.min_pulse_width.endpoints.wns.analysis_view:%.clock:*
<CMD> um::get_metric_definition -name timing.min_pulse_width.endpoints.wns.analysis_view:*
<CMD> um::get_metric_definition -name timing.min_pulse_width.endpoints.wns.analysis_view:*.clock:*
<CMD> um::get_metric_definition -name timing.min_pulse_width.endpoints.wns.clock:*
<CMD> um::get_metric_definition -name timing.setup.feps
<CMD> um::get_metric_definition -name timing.setup.feps.analysis_view:*
<CMD> um::get_metric_definition -name timing.setup.feps.path_group:*
<CMD> um::get_metric_definition -name timing.setup.feps.path_group:*.analysis_view:*
<CMD> um::get_metric_definition -name timing.setup.feps.path_group:reg2reg
<CMD> um::get_metric_definition -name timing.setup.histogram
<CMD> um::get_metric_definition -name timing.setup.histogram.views
<CMD> um::get_metric_definition -name timing.setup.tns
<CMD> um::get_metric_definition -name timing.setup.tns.analysis_view:*
<CMD> um::get_metric_definition -name timing.setup.tns.path_group:*
<CMD> um::get_metric_definition -name timing.setup.tns.path_group:*.analysis_view:*
<CMD> um::get_metric_definition -name timing.setup.tns.path_group:reg2reg
<CMD> um::get_metric_definition -name timing.setup.type
<CMD> um::get_metric_definition -name timing.setup.wns
<CMD> um::get_metric_definition -name timing.setup.wns.analysis_view:*
<CMD> um::get_metric_definition -name timing.setup.wns.path_group:*
<CMD> um::get_metric_definition -name timing.setup.wns.path_group:*.analysis_view:*
<CMD> um::get_metric_definition -name timing.setup.wns.path_group:reg2reg
<CMD> um::get_metric_definition -name timing.si.double_clocking.analysis_view:*
<CMD> um::get_metric_definition -name timing.si.double_clocking.frequency_violations.analysis_view:*
<CMD> um::get_metric_definition -name timing.si.double_clocking.report_file.analysis_view:*
<CMD> um::get_metric_definition -name timing.si.glitches
<CMD> um::get_metric_definition -name timing.si.noise
<CMD> um::get_metric_definition -name transition.*
<CMD> um::get_metric_definition -name transition.count
<CMD> um::get_metric_definition -name transition.max
# return
### End verbose source output for 'innovus-foundation-flow/INNOVUS/run_route.tcl'.
### End verbose source output for 'scripts/main.tcl'.
<CMD> getVersion
<CMD> saveDesign checkpoints/design.checkpoint/save.enc -user_path
#% Begin save design ... (date=05/03 17:12:43, mem=1094.0M)
% Begin Save ccopt configuration ... (date=05/03 17:12:43, mem=1097.0M)
% End Save ccopt configuration ... (date=05/03 17:12:43, total cpu=0:00:00.0, real=0:00:00.0, peak res=1098.8M, current mem=1098.8M)
% Begin Save netlist data ... (date=05/03 17:12:43, mem=1118.8M)
Writing Binary DB to checkpoints/design.checkpoint/save.enc.dat/vbin/ringosc.v.bin in multi-threaded mode...
% End Save netlist data ... (date=05/03 17:12:43, total cpu=0:00:00.0, real=0:00:00.0, peak res=1127.9M, current mem=1127.9M)
Saving symbol-table file in separate thread ...
Saving congestion map file in separate thread ...
% Begin Save AAE data ... (date=05/03 17:12:43, mem=1128.3M)
Saving AAE Data ...
Saving congestion map file checkpoints/design.checkpoint/save.enc.dat/ringosc.route.congmap.gz ...
AAE DB initialization (MEM=1196.08 CPU=0:00:00.0 REAL=0:00:00.0) 
% End Save AAE data ... (date=05/03 17:12:43, total cpu=0:00:00.0, real=0:00:00.0, peak res=1128.8M, current mem=1128.8M)
Saving preference file checkpoints/design.checkpoint/save.enc.dat/gui.pref.tcl ...
Saving mode setting ...
Saving global file ...
Saving Drc markers ...
... 7 markers are saved ...
... 0 geometry drc markers are saved ...
... 0 antenna drc markers are saved ...
Saving special route data file in separate thread ...
Saving PG file in separate thread ...
Saving placement file in separate thread ...
Saving route file in separate thread ...
Saving property file in separate thread ...
** Saving stdCellPlacement_binary (version# 2) ...
Save Adaptive View Pruning View Names to Binary file
TAT_INFO: ::saveSpecialRoute REAL = 0 : CPU = 0 : MEM = 0.
Saving PG file checkpoints/design.checkpoint/save.enc.dat/ringosc.pg.gz, version#2, (Created by Innovus v20.13-s083_1 on Tue May  3 17:12:43 2022)
Saving property file checkpoints/design.checkpoint/save.enc.dat/ringosc.prop
*** Completed saveProperty (cpu=0:00:00.0 real=0:00:00.0 mem=1226.6M) ***
*** Completed savePGFile (cpu=0:00:00.0 real=0:00:01.0 mem=1226.6M) ***
TAT_INFO: ::savePGFile REAL = 1 : CPU = 0 : MEM = 0.
TAT_INFO: ::savePlace REAL = 0 : CPU = 0 : MEM = 0.
*** Completed saveRoute (cpu=0:00:00.0 real=0:00:01.0 mem=1226.6M) ***
TAT_INFO: ::saveRoute REAL = 1 : CPU = 0 : MEM = 0.
TAT_INFO: ::db::saveAnnotationAndProp REAL = 0 : CPU = 0 : MEM = 0.
#Saving pin access data to file checkpoints/design.checkpoint/save.enc.dat/ringosc.apa ...
#
TAT_INFO: ::db::saveSymbolTable REAL = 0 : CPU = 0 : MEM = 0.
TAT_INFO: ::saveCongMap REAL = 0 : CPU = 0 : MEM = 0.
% Begin Save power constraints data ... (date=05/03 17:12:44, mem=1133.8M)
% End Save power constraints data ... (date=05/03 17:12:44, total cpu=0:00:00.0, real=0:00:00.0, peak res=1133.9M, current mem=1133.9M)
typical
Generated self-contained design save.enc.dat
#% End save design ... (date=05/03 17:12:45, total cpu=0:00:00.7, real=0:00:02.0, peak res=1165.8M, current mem=1135.3M)
*** Message Summary: 0 warning(s), 0 error(s)


*** Memory Usage v#2 (Current mem = 1238.992M, initial mem = 275.727M) ***
*** Message Summary: 25 warning(s), 1 error(s)

--- Ending "Innovus" (totcpu=0:00:21.3, real=0:00:34.0, mem=1239.0M) ---
