Netgen 1.5.188 compiled on Wed Jun 16 14:20:53 PDT 2021
Warning: netgen command 'format' use fully-qualified name '::netgen::format'
Warning: netgen command 'global' use fully-qualified name '::netgen::global'
Reading netlist file inputs/design_extracted.spice
Call to undefined subcircuit sky130_fd_pr__res_xhigh_po
Creating placeholder cell definition.
Call to undefined subcircuit sky130_fd_pr__pfet_01v8_lvt
Creating placeholder cell definition.
Call to undefined subcircuit sky130_fd_pr__pnp_05v5
Creating placeholder cell definition.
Call to undefined subcircuit sky130_fd_pr__nfet_01v8_lvt
Creating placeholder cell definition.
Reading netlist file inputs/design.lvs.v
Warning:  A case-insensitive file has been read and so the	verilog file must be treated case-insensitive to match.
Creating placeholder cell definition for module sky130_asc_pfet_01v8_lvt_6.
Creating placeholder cell definition for module sky130_asc_nfet_01v8_lvt_1.
Creating placeholder cell definition for module sky130_asc_pfet_01v8_lvt_12.
Creating placeholder cell definition for module sky130_asc_res_xhigh_po_2p85_1.
Creating placeholder cell definition for module sky130_asc_res_xhigh_po_2p85_2.
Creating placeholder cell definition for module sky130_asc_pnp_05v5_W3p40L3p40_1.
Creating placeholder cell definition for module sky130_asc_pnp_05v5_W3p40L3p40_8.
Creating placeholder cell definition for module sky130_asc_pnp_05v5_W3p40L3p40_7.
Creating placeholder cell definition for module sky130_asc_pfet_01v8_lvt_60.
Reading setup file inputs/adk/netgen_setup.tcl
Model sky130_fd_pr__res_xhigh_po pin 1 == 2
No property value found for device sky130_fd_pr__res_xhigh_po
No property mult found for device sky130_fd_pr__res_xhigh_po
Model sky130_fd_pr__nfet_01v8_lvt pin 1 == 3
No property mult found for device sky130_fd_pr__nfet_01v8_lvt
No property sa found for device sky130_fd_pr__nfet_01v8_lvt
No property sb found for device sky130_fd_pr__nfet_01v8_lvt
No property sd found for device sky130_fd_pr__nfet_01v8_lvt
No property nf found for device sky130_fd_pr__nfet_01v8_lvt
No property nrd found for device sky130_fd_pr__nfet_01v8_lvt
No property nrs found for device sky130_fd_pr__nfet_01v8_lvt
No property area found for device sky130_fd_pr__nfet_01v8_lvt
No property perim found for device sky130_fd_pr__nfet_01v8_lvt
No property topography found for device sky130_fd_pr__nfet_01v8_lvt
Model sky130_fd_pr__pfet_01v8_lvt pin 1 == 3
No property mult found for device sky130_fd_pr__pfet_01v8_lvt
No property sa found for device sky130_fd_pr__pfet_01v8_lvt
No property sb found for device sky130_fd_pr__pfet_01v8_lvt
No property sd found for device sky130_fd_pr__pfet_01v8_lvt
No property nf found for device sky130_fd_pr__pfet_01v8_lvt
No property nrd found for device sky130_fd_pr__pfet_01v8_lvt
No property nrs found for device sky130_fd_pr__pfet_01v8_lvt
No property area found for device sky130_fd_pr__pfet_01v8_lvt
No property perim found for device sky130_fd_pr__pfet_01v8_lvt
No property topography found for device sky130_fd_pr__pfet_01v8_lvt
Model sky130_fd_pr__nfet_01v8_lvt pin 1 == 3
No property as found for device sky130_fd_pr__nfet_01v8_lvt
No property ad found for device sky130_fd_pr__nfet_01v8_lvt
No property ps found for device sky130_fd_pr__nfet_01v8_lvt
No property pd found for device sky130_fd_pr__nfet_01v8_lvt
No property mult found for device sky130_fd_pr__nfet_01v8_lvt
No property sa found for device sky130_fd_pr__nfet_01v8_lvt
No property sb found for device sky130_fd_pr__nfet_01v8_lvt
No property sd found for device sky130_fd_pr__nfet_01v8_lvt
No property nf found for device sky130_fd_pr__nfet_01v8_lvt
No property nrd found for device sky130_fd_pr__nfet_01v8_lvt
No property nrs found for device sky130_fd_pr__nfet_01v8_lvt
No property area found for device sky130_fd_pr__nfet_01v8_lvt
No property perim found for device sky130_fd_pr__nfet_01v8_lvt
No property topography found for device sky130_fd_pr__nfet_01v8_lvt
Model sky130_fd_pr__pfet_01v8_lvt pin 1 == 3
No property as found for device sky130_fd_pr__pfet_01v8_lvt
No property ad found for device sky130_fd_pr__pfet_01v8_lvt
No property ps found for device sky130_fd_pr__pfet_01v8_lvt
No property pd found for device sky130_fd_pr__pfet_01v8_lvt
No property mult found for device sky130_fd_pr__pfet_01v8_lvt
No property sa found for device sky130_fd_pr__pfet_01v8_lvt
No property sb found for device sky130_fd_pr__pfet_01v8_lvt
No property sd found for device sky130_fd_pr__pfet_01v8_lvt
No property nf found for device sky130_fd_pr__pfet_01v8_lvt
No property nrd found for device sky130_fd_pr__pfet_01v8_lvt
No property nrs found for device sky130_fd_pr__pfet_01v8_lvt
No property area found for device sky130_fd_pr__pfet_01v8_lvt
No property perim found for device sky130_fd_pr__pfet_01v8_lvt
No property topography found for device sky130_fd_pr__pfet_01v8_lvt
No property mult found for device sky130_fd_pr__pnp_05v5
Comparison output logged to file outputs/lvs_results.log
Logging to file "outputs/lvs_results.log" enabled
Contents of circuit 1:  Circuit: 'sky130_asc_res_xhigh_po_2p85_1'
Circuit sky130_asc_res_xhigh_po_2p85_1 contains 2 device instances.
  Class: sky130_fd_pr__res_xhigh_po instances:   2
Circuit contains 4 nets, and 1 disconnected pin.
Contents of circuit 2:  Circuit: 'sky130_asc_res_xhigh_po_2p85_1'
Circuit sky130_asc_res_xhigh_po_2p85_1 contains 0 device instances.
Circuit contains 0 nets.

Circuit sky130_asc_res_xhigh_po_2p85_1 contains no devices.
Contents of circuit 1:  Circuit: 'sky130_asc_pfet_01v8_lvt_60'
Circuit sky130_asc_pfet_01v8_lvt_60 contains 60 device instances.
  Class: sky130_fd_pr__pfet_01v8_lvt instances:  60
Circuit contains 4 nets, and 1 disconnected pin.
Contents of circuit 2:  Circuit: 'sky130_asc_pfet_01v8_lvt_60'
Circuit sky130_asc_pfet_01v8_lvt_60 contains 0 device instances.
Circuit contains 0 nets.

Circuit sky130_asc_pfet_01v8_lvt_60 contains no devices.
Contents of circuit 1:  Circuit: 'sky130_asc_pnp_05v5_W3p40L3p40_7'
Circuit sky130_asc_pnp_05v5_W3p40L3p40_7 contains 7 device instances.
  Class: sky130_fd_pr__pnp_05v5 instances:   7
Circuit contains 3 nets, and 2 disconnected pins.
Contents of circuit 2:  Circuit: 'sky130_asc_pnp_05v5_W3p40L3p40_7'
Circuit sky130_asc_pnp_05v5_W3p40L3p40_7 contains 0 device instances.
Circuit contains 0 nets.

Circuit sky130_asc_pnp_05v5_W3p40L3p40_7 contains no devices.
Contents of circuit 1:  Circuit: 'sky130_asc_res_xhigh_po_2p85_2'
Circuit sky130_asc_res_xhigh_po_2p85_2 contains 2 device instances.
  Class: sky130_fd_pr__res_xhigh_po instances:   2
Circuit contains 4 nets, and 1 disconnected pin.
Contents of circuit 2:  Circuit: 'sky130_asc_res_xhigh_po_2p85_2'
Circuit sky130_asc_res_xhigh_po_2p85_2 contains 0 device instances.
Circuit contains 0 nets.

Circuit sky130_asc_res_xhigh_po_2p85_2 contains no devices.
Contents of circuit 1:  Circuit: 'sky130_asc_pfet_01v8_lvt_12'
Circuit sky130_asc_pfet_01v8_lvt_12 contains 12 device instances.
  Class: sky130_fd_pr__pfet_01v8_lvt instances:  12
Circuit contains 4 nets, and 1 disconnected pin.
Contents of circuit 2:  Circuit: 'sky130_asc_pfet_01v8_lvt_12'
Circuit sky130_asc_pfet_01v8_lvt_12 contains 0 device instances.
Circuit contains 0 nets.

Circuit sky130_asc_pfet_01v8_lvt_12 contains no devices.
Contents of circuit 1:  Circuit: 'sky130_asc_pfet_01v8_lvt_6'
Circuit sky130_asc_pfet_01v8_lvt_6 contains 6 device instances.
  Class: sky130_fd_pr__pfet_01v8_lvt instances:   6
Circuit contains 4 nets, and 1 disconnected pin.
Contents of circuit 2:  Circuit: 'sky130_asc_pfet_01v8_lvt_6'
Circuit sky130_asc_pfet_01v8_lvt_6 contains 0 device instances.
Circuit contains 0 nets.

Circuit sky130_asc_pfet_01v8_lvt_6 contains no devices.
Contents of circuit 1:  Circuit: 'sky130_asc_pnp_05v5_W3p40L3p40_1'
Circuit sky130_asc_pnp_05v5_W3p40L3p40_1 contains 1 device instances.
  Class: sky130_fd_pr__pnp_05v5 instances:   1
Circuit contains 3 nets, and 2 disconnected pins.
Contents of circuit 2:  Circuit: 'sky130_asc_pnp_05v5_W3p40L3p40_1'
Circuit sky130_asc_pnp_05v5_W3p40L3p40_1 contains 0 device instances.
Circuit contains 0 nets.

Circuit sky130_asc_pnp_05v5_W3p40L3p40_1 contains no devices.
Contents of circuit 1:  Circuit: 'sky130_asc_pnp_05v5_W3p40L3p40_8'
Circuit sky130_asc_pnp_05v5_W3p40L3p40_8 contains 8 device instances.
  Class: sky130_fd_pr__pnp_05v5 instances:   8
Circuit contains 3 nets, and 2 disconnected pins.
Contents of circuit 2:  Circuit: 'sky130_asc_pnp_05v5_W3p40L3p40_8'
Circuit sky130_asc_pnp_05v5_W3p40L3p40_8 contains 0 device instances.
Circuit contains 0 nets.

Circuit sky130_asc_pnp_05v5_W3p40L3p40_8 contains no devices.
Contents of circuit 1:  Circuit: 'sky130_asc_nfet_01v8_lvt_1'
Circuit sky130_asc_nfet_01v8_lvt_1 contains 1 device instances.
  Class: sky130_fd_pr__nfet_01v8_lvt instances:   1
Circuit contains 4 nets, and 1 disconnected pin.
Contents of circuit 2:  Circuit: 'sky130_asc_nfet_01v8_lvt_1'
Circuit sky130_asc_nfet_01v8_lvt_1 contains 0 device instances.
Circuit contains 0 nets.

Circuit sky130_asc_nfet_01v8_lvt_1 contains no devices.
Contents of circuit 1:  Circuit: 'bgr_top'
Circuit bgr_top contains 30 device instances.
  Class: sky130_asc_res_xhigh_po_2p85_1 instances:  13
  Class: sky130_asc_res_xhigh_po_2p85_2 instances:   2
  Class: sky130_asc_nfet_01v8_lvt_1 instances:   2
  Class: sky130_asc_pfet_01v8_lvt_6 instances:   2
  Class: sky130_asc_pnp_05v5_W3p40L3p40_1 instances:   1
  Class: sky130_asc_pnp_05v5_W3p40L3p40_7 instances:   1
  Class: sky130_asc_pnp_05v5_W3p40L3p40_8 instances:   4
  Class: sky130_asc_pfet_01v8_lvt_60 instances:   3
  Class: sky130_asc_pfet_01v8_lvt_12 instances:   2
Circuit contains 25 nets, and 1 disconnected pin.
Contents of circuit 2:  Circuit: 'bgr_top'
Circuit bgr_top contains 30 device instances.
  Class: sky130_asc_res_xhigh_po_2p85_1 instances:  13
  Class: sky130_asc_res_xhigh_po_2p85_2 instances:   2
  Class: sky130_asc_nfet_01v8_lvt_1 instances:   2
  Class: sky130_asc_pfet_01v8_lvt_6 instances:   2
  Class: sky130_asc_pnp_05v5_W3p40L3p40_1 instances:   1
  Class: sky130_asc_pnp_05v5_W3p40L3p40_7 instances:   1
  Class: sky130_asc_pnp_05v5_W3p40L3p40_8 instances:   4
  Class: sky130_asc_pfet_01v8_lvt_60 instances:   3
  Class: sky130_asc_pfet_01v8_lvt_12 instances:   2
Circuit contains 25 nets, and 1 disconnected pin.

Circuit 1 contains 30 devices, Circuit 2 contains 30 devices.
Circuit 1 contains 25 nets,    Circuit 2 contains 25 nets.

Circuits match with 1 symmetry.
Resolving automorphisms by property value.
Resolving automorphisms by pin name.
Netlists match with 1 symmetry.
Circuits match correctly.
Result: Circuits match uniquely.
Logging to file "outputs/lvs_results.log" disabled
LVS Done.
