###############################################################
#  Generated by:      Cadence Innovus 20.13-s083_1
#  OS:                Linux x86_64(Host ID rice-503-20-north)
#  Generated on:      Tue May 17 12:37:07 2022
#  Design:            ringosc
#  Command:           checkDesign -all
###############################################################
Design: ringosc

------ Design Summary:
Total Standard Cell Number   (cells) : 4
Total Block Cell Number      (cells) : 0
Total I/O Pad Cell Number    (cells) : 0
Total Standard Cell Area     ( um^2) : 4209.51
Total Block Cell Area        ( um^2) : 0.00
Total I/O Pad Cell Area      ( um^2) : 0.00

------ Design Statistics:

Number of Instances            : 4
Number of Non-uniquified Insts : 3
Number of Nets                 : 14
Average number of Pins per Net : 1.14
Maximum number of Pins in Net  : 5

------ I/O Port summary

Number of Primary I/O Ports    : 4
Number of Input Ports          : 3
Number of Output Ports         : 1
Number of Bidirectional Ports  : 0
Number of Power/Ground Ports   : 0



------------------------------------------------------------
Detail report:


------ I/O Pad/Port Checking


