
Magic 8.3 revision 285 - Compiled on Mon Apr  4 15:36:51 PDT 2022.
Starting magic under Tcl interpreter
Using the terminal as the console.
Using NULL graphics device.
Processing system .magicrc file
Sourcing design .magicrc for technology sky130A ...
2 Magic internal units = 1 Lambda
Input style sky130(vendor): scaleFactor=2, multiplier=2
The following types are not handled by extraction and will be treated as non-electrical types:
    mvobsactive ubm 
Scaled tech values by 2 / 1 to match internal grid scaling
Loading sky130A Device Generator Menu ...
Loading "extract.tcl" from command line.
CIF input style is now "sky130(vendor)"
Warning: Calma reading is not undoable!  I hope that's OK.
Library written using GDS-II Release 3.0
Library name: stdcells
Reading "bgr_top".
Reading "sky130_asc_pfet_01v8_lvt_6".
Reading "sky130_asc_nfet_01v8_lvt_1".
Reading "sky130_asc_pfet_01v8_lvt_12".
Reading "sky130_asc_res_xhigh_po_2p85_1".
Reading "sky130_asc_res_xhigh_po_2p85_2".
Reading "sky130_asc_pnp_05v5_W3p40L3p40_1".
Reading "sky130_asc_pnp_05v5_W3p40L3p40_8".
Reading "sky130_asc_pnp_05v5_W3p40L3p40_7".
Reading "sky130_asc_pfet_01v8_lvt_60".
Reading "M2M3_PR".
Saving contents of cell M2M3_PR
Reading "M1M2_PR".
Saving contents of cell M1M2_PR
Reading "L1M1_PR".
Saving contents of cell L1M1_PR
Reading "M1M2_PR_MR".
Saving contents of cell M1M2_PR_MR
Reading "bgr_top_VIA0".
Saving contents of cell bgr_top_VIA0
Reading "bgr_top_VIA1".
Saving contents of cell bgr_top_VIA1
Reading "bgr_top_VIA2".
Reading "bgr_top_VIA3".
Reading "bgr_top_VIA4".
Reading "bgr_top_VIA5".
Reading "bgr_top_VIA6".
Reading "bgr_top_VIA7".
Reading "bgr_top_VIA8".
Saving contents of cell bgr_top_VIA8
Reading "bgr_top_VIA9".
Saving contents of cell bgr_top_VIA9
Reading "sky130_asc_pfet_01v8_lvt_6".
Reading "sky130_asc_nfet_01v8_lvt_1".
Reading "sky130_asc_pfet_01v8_lvt_12".
Reading "sky130_asc_res_xhigh_po_2p85_1".
Reading "sky130_asc_res_xhigh_po_2p85_2".
Reading "sky130_asc_pnp_05v5_W3p40L3p40_1".
Reading "sky130_asc_pnp_05v5_W3p40L3p40_8".
Reading "sky130_asc_pnp_05v5_W3p40L3p40_7".
Reading "sky130_asc_pfet_01v8_lvt_60".
Reading "M2M3_PR".
Reading "M1M2_PR".
Reading "L1M1_PR".
Reading "M1M2_PR_MR".
Reading "bgr_top_VIA0".
Reading "bgr_top_VIA1".
Reading "bgr_top_VIA2".
Reading "bgr_top_VIA3".
Reading "bgr_top_VIA4".
Reading "bgr_top_VIA5".
Reading "bgr_top_VIA6".
Reading "bgr_top_VIA7".
Reading "bgr_top_VIA8".
Reading "bgr_top_VIA9".
$bgr_top
Processing sky130_asc_pnp_05v5_W3p40L3p40_1
Processing sky130_asc_pnp_05v5_W3p40L3p40_7
Processing sky130_asc_pfet_01v8_lvt_60
Processing sky130_asc_nfet_01v8_lvt_1
Processing sky130_asc_pfet_01v8_lvt_12
Processing sky130_asc_res_xhigh_po_2p85_2
Processing sky130_asc_pfet_01v8_lvt_6
Processing sky130_asc_pnp_05v5_W3p40L3p40_8
Processing sky130_asc_res_xhigh_po_2p85_1
Processing bgr_top_VIA5
Processing bgr_top_VIA6
Processing bgr_top_VIA7
Processing bgr_top_VIA2
Processing bgr_top_VIA3
Processing bgr_top_VIA4
Processing bgr_top
Extracting sky130_asc_pnp_05v5_W3p40L3p40_1 into sky130_asc_pnp_05v5_W3p40L3p40_1.ext:
Extracting sky130_asc_pnp_05v5_W3p40L3p40_7 into sky130_asc_pnp_05v5_W3p40L3p40_7.ext:
Extracting sky130_asc_pfet_01v8_lvt_60 into sky130_asc_pfet_01v8_lvt_60.ext:
Extracting sky130_asc_nfet_01v8_lvt_1 into sky130_asc_nfet_01v8_lvt_1.ext:
Extracting sky130_asc_pfet_01v8_lvt_12 into sky130_asc_pfet_01v8_lvt_12.ext:
Extracting sky130_asc_res_xhigh_po_2p85_2 into sky130_asc_res_xhigh_po_2p85_2.ext:
Extracting sky130_asc_pfet_01v8_lvt_6 into sky130_asc_pfet_01v8_lvt_6.ext:
Extracting sky130_asc_pnp_05v5_W3p40L3p40_8 into sky130_asc_pnp_05v5_W3p40L3p40_8.ext:
Extracting sky130_asc_res_xhigh_po_2p85_1 into sky130_asc_res_xhigh_po_2p85_1.ext:
Extracting bgr_top_VIA5 into bgr_top_VIA5.ext:
Extracting bgr_top_VIA6 into bgr_top_VIA6.ext:
Extracting bgr_top_VIA7 into bgr_top_VIA7.ext:
Extracting bgr_top_VIA2 into bgr_top_VIA2.ext:
Extracting bgr_top_VIA3 into bgr_top_VIA3.ext:
Extracting bgr_top_VIA4 into bgr_top_VIA4.ext:
Extracting bgr_top into bgr_top.ext:
exttospice finished.
