###############################################################
#  Generated by:      Cadence Innovus 20.13-s083_1
#  OS:                Linux x86_64(Host ID rice-503-20-north)
#  Generated on:      Tue May 17 12:42:37 2022
#  Design:            bgr_top
#  Command:           checkDesign -all
###############################################################
Design: bgr_top

------ Design Summary:
Total Standard Cell Number   (cells) : 47
Total Block Cell Number      (cells) : 0
Total I/O Pad Cell Number    (cells) : 0
Total Standard Cell Area     ( um^2) : 11572.95
Total Block Cell Area        ( um^2) : 0.00
Total I/O Pad Cell Area      ( um^2) : 0.00

------ Design Statistics:

Number of Instances            : 47
Number of Non-uniquified Insts : 45
Number of Nets                 : 52
Average number of Pins per Net : 2.27
Maximum number of Pins in Net  : 19

------ I/O Port summary

Number of Primary I/O Ports    : 4
Number of Input Ports          : 1
Number of Output Ports         : 3
Number of Bidirectional Ports  : 0
Number of Power/Ground Ports   : 0



------------------------------------------------------------
Detail report:


------ I/O Pad/Port Checking

WARN : Port porst is floating in the top design.

